#
# A fatal error has been detected by the Java Runtime Environment:
#
#  SIGSEGV (0xb) at pc=0x000000012f2107d4, pid=9691, tid=4867
#
# JRE version: Java(TM) SE Runtime Environment (8.0_66-b17) (build 1.8.0_66-b17)
# Java VM: Java HotSpot(TM) 64-Bit Server VM (25.66-b17 mixed mode bsd-amd64 compressed oops)
# Problematic frame:
# C  [libR.dylib+0x13a7d4]  TYPEOF+0x4
#
# Failed to write core dump. Core dumps have been disabled. To enable core dumping, try "ulimit -c unlimited" before starting Java again
#
# If you would like to submit a bug report, please visit:
#   http://bugreport.java.com/bugreport/crash.jsp
# The crash happened outside the Java Virtual Machine in native code.
# See problematic frame for where to report the bug.
#

---------------  T H R E A D  ---------------

Current thread (0x00007fec5b806800):  JavaThread "main" [_thread_in_native, id=4867, stack(0x0000000110787000,0x0000000110887000)]

siginfo: si_signo: 11 (SIGSEGV), si_code: 1 (SEGV_MAPERR), si_addr: 0x0000000000000000

Registers:
RAX=0x000000012f0cbc00, RBX=0x0000000000000000, RCX=0x0000000110014310, RDX=0x0000000000000000
RSP=0x0000000110885ee0, RBP=0x0000000110885ee0, RSI=0x0000000110885fb0, RDI=0x0000000000000000
R8 =0x000000011091eee7, R9 =0x00000000fffffff0, R10=0x00000001108d43c3, R11=0x000000010fcdbd77
R12=0x0000000000000000, R13=0x0000000129e444d8, R14=0x0000000110885fb0, R15=0x00007fec5b806800
RIP=0x000000012f2107d4, EFLAGS=0x0000000000010212, ERR=0x0000000000000004
  TRAPNO=0x000000000000000e

Top of Stack: (sp=0x0000000110885ee0)
0x0000000110885ee0:   0000000110885f00 000000012f0cbc11
0x0000000110885ef0:   000000012f0cbc00 0000000129e444d8
0x0000000110885f00:   0000000110885f80 00000001108d43ef
0x0000000110885f10:   0000000129e444d8 0000000110885fb0
0x0000000110885f20:   0000000110885f80 00000001108d3ff9
0x0000000110885f30:   0000000000000001 000000076b279c38
0x0000000110885f40:   0000000110885f30 0000000129e444d8
0x0000000110885f50:   0000000110885fb0 0000000129e45f78
0x0000000110885f60:   0000000000000000 0000000129e444d8
0x0000000110885f70:   0000000000000000 0000000110885fa0
0x0000000110885f80:   0000000110885ff8 00000001108c59d0
0x0000000110885f90:   0000000000000000 00000001108cd57b
0x0000000110885fa0:   0000000000000000 000000076b601dd8
0x0000000110885fb0:   000000076b279c38 0000000110885fb8
0x0000000110885fc0:   0000000129e3faa0 0000000110886018
0x0000000110885fd0:   0000000129e400f8 0000000000000000
0x0000000110885fe0:   0000000129e3fae8 0000000110885fa0
0x0000000110885ff0:   0000000110886018 0000000110886080
0x0000000110886000:   00000001108be7a7 0000000000000000
0x0000000110886010:   000000076b601f68 000000076b259b00
0x0000000110886020:   0000000100001fa0 000000000000000a
0x0000000110886030:   00007fec5b806800 0000000000000001
0x0000000110886040:   00000001108be71f 0000000129e3fae8
0x0000000110886050:   0000000110886118 0000000110886470
0x0000000110886060:   000000070000000a 0000000129e3fae8
0x0000000110886070:   00000001108cec00 0000000110886480
0x0000000110886080:   0000000110886230 000000010faea35e
0x0000000110886090:   00007fec00000001 00007fec5b806800
0x00000001108860a0:   0000000110886830 0000000110886470
0x00000001108860b0:   0000000000000000 00000001108cec00
0x00000001108860c0:   00007fec5b4019f0 0000000110886478
0x00000001108860d0:   0000000110886468 00007fec5b806800 

Instructions: (pc=0x000000012f2107d4)
0x000000012f2107b4:   8b 07 c1 e8 05 83 e0 01 5d c3 66 90 55 48 89 e5
0x000000012f2107c4:   0f b6 47 03 83 e0 01 5d c3 0f 1f 00 55 48 89 e5
0x000000012f2107d4:   8b 07 83 e0 1f 5d c3 0f 1f 44 00 00 55 48 89 e5
0x000000012f2107e4:   8b 07 c1 e8 06 83 e0 03 5d c3 66 90 55 48 89 e5 

Register to memory mapping:

RAX=0x000000012f0cbc00: Java_org_rosuda_JRI_Rengine_rniXrefToJava+0 in /Library/Frameworks/R.framework/Versions/3.2/Resources/library/rJava/jri/libjri.jnilib at 0x000000012f0ca000
RBX=0x0000000000000000 is an unknown value
RCX=0x0000000110014310: UseMembar+0 in /Library/Java/JavaVirtualMachines/jdk1.8.0_66.jdk/Contents/Home/jre/lib/server/libjvm.dylib at 0x000000010f800000
RDX=0x0000000000000000 is an unknown value
RSP=0x0000000110885ee0 is pointing into the stack for thread: 0x00007fec5b806800
RBP=0x0000000110885ee0 is pointing into the stack for thread: 0x00007fec5b806800
RSI=0x0000000110885fb0 is pointing into the stack for thread: 0x00007fec5b806800
RDI=0x0000000000000000 is an unknown value
R8 =0x000000011091eee7 is at code_begin+7 in 
[CodeBlob (0x000000011091ee90)]
Framesize: 0
BufferBlob (0x000000011091ee90) used for Signature Handler Temp Buffer
R9 =0x00000000fffffff0 is an unknown value
R10=0x00000001108d43c3 is at code_begin+1187 in an Interpreter codelet
method entry point (kind = native_synchronized)  [0x00000001108d3f20, 0x00000001108d49a0]  2688 bytes
R11=0x000000010fcdbd77: throw_unsatisfied_link_error+0 in /Library/Java/JavaVirtualMachines/jdk1.8.0_66.jdk/Contents/Home/jre/lib/server/libjvm.dylib at 0x000000010f800000
R12=0x0000000000000000 is an unknown value
R13={method} {0x0000000129e444d8} 'rniXrefToJava' '(J)Ljava/lang/Object;' in 'org/rosuda/JRI/Rengine'
R14=0x0000000110885fb0 is pointing into the stack for thread: 0x00007fec5b806800
R15=0x00007fec5b806800 is a thread


Stack: [0x0000000110787000,0x0000000110887000],  sp=0x0000000110885ee0,  free space=1019k
Native frames: (J=compiled Java code, j=interpreted, Vv=VM code, C=native code)
C  [libR.dylib+0x13a7d4]  TYPEOF+0x4
C  [libjri.jnilib+0x1c11]  Java_org_rosuda_JRI_Rengine_rniXrefToJava+0x11
j  org.rosuda.JRI.Rengine.rniXrefToJava(J)Ljava/lang/Object;+0
j  com.ikanow.aleph2.analytics.r.utils.RScriptUtils.main([Ljava/lang/String;)V+16
v  ~StubRoutines::call_stub
V  [libjvm.dylib+0x2ea35e]  JavaCalls::call_helper(JavaValue*, methodHandle*, JavaCallArguments*, Thread*)+0x6ae
V  [libjvm.dylib+0x4ca7e0]  Reflection::invoke(instanceKlassHandle, methodHandle, Handle, bool, objArrayHandle, BasicType, objArrayHandle, bool, Thread*)+0xe12
V  [libjvm.dylib+0x4cad14]  Reflection::invoke_method(oopDesc*, Handle, objArrayHandle, Thread*)+0x16c
V  [libjvm.dylib+0x342570]  JVM_InvokeMethod+0x166
j  sun.reflect.NativeMethodAccessorImpl.invoke0(Ljava/lang/reflect/Method;Ljava/lang/Object;[Ljava/lang/Object;)Ljava/lang/Object;+0
j  sun.reflect.NativeMethodAccessorImpl.invoke(Ljava/lang/Object;[Ljava/lang/Object;)Ljava/lang/Object;+100
j  sun.reflect.DelegatingMethodAccessorImpl.invoke(Ljava/lang/Object;[Ljava/lang/Object;)Ljava/lang/Object;+6
j  java.lang.reflect.Method.invoke(Ljava/lang/Object;[Ljava/lang/Object;)Ljava/lang/Object;+56
j  com.intellij.rt.execution.application.AppMain.main([Ljava/lang/String;)V+180
v  ~StubRoutines::call_stub
V  [libjvm.dylib+0x2ea35e]  JavaCalls::call_helper(JavaValue*, methodHandle*, JavaCallArguments*, Thread*)+0x6ae
V  [libjvm.dylib+0x3210d0]  jni_invoke_static(JNIEnv_*, JavaValue*, _jobject*, JNICallType, _jmethodID*, JNI_ArgumentPusher*, Thread*)+0x1bf
V  [libjvm.dylib+0x319e4a]  jni_CallStaticVoidMethod+0x15d
C  [java+0x393e]  JavaMain+0x9b1
C  [libsystem_pthread.dylib+0x3268]  _pthread_body+0x83
C  [libsystem_pthread.dylib+0x31e5]  _pthread_body+0x0
C  [libsystem_pthread.dylib+0x141d]  thread_start+0xd
C  0x0000000000000000

Java frames: (J=compiled Java code, j=interpreted, Vv=VM code)
j  org.rosuda.JRI.Rengine.rniXrefToJava(J)Ljava/lang/Object;+0
j  com.ikanow.aleph2.analytics.r.utils.RScriptUtils.main([Ljava/lang/String;)V+16
v  ~StubRoutines::call_stub
j  sun.reflect.NativeMethodAccessorImpl.invoke0(Ljava/lang/reflect/Method;Ljava/lang/Object;[Ljava/lang/Object;)Ljava/lang/Object;+0
j  sun.reflect.NativeMethodAccessorImpl.invoke(Ljava/lang/Object;[Ljava/lang/Object;)Ljava/lang/Object;+100
j  sun.reflect.DelegatingMethodAccessorImpl.invoke(Ljava/lang/Object;[Ljava/lang/Object;)Ljava/lang/Object;+6
j  java.lang.reflect.Method.invoke(Ljava/lang/Object;[Ljava/lang/Object;)Ljava/lang/Object;+56
j  com.intellij.rt.execution.application.AppMain.main([Ljava/lang/String;)V+180
v  ~StubRoutines::call_stub

---------------  P R O C E S S  ---------------

Java Threads: ( => current thread )
  0x00007fec5f84e000 JavaThread "Thread-0" [_thread_blocked, id=22275, stack(0x000000012f75c000,0x000000012f85c000)]
  0x00007fec5f0c3800 JavaThread "Monitor Ctrl-Break" daemon [_thread_in_native, id=21763, stack(0x000000012ef69000,0x000000012f069000)]
  0x00007fec5e02c800 JavaThread "Service Thread" daemon [_thread_blocked, id=20739, stack(0x000000012e2c5000,0x000000012e3c5000)]
  0x00007fec5f808000 JavaThread "C1 CompilerThread3" daemon [_thread_blocked, id=20227, stack(0x000000012e1c2000,0x000000012e2c2000)]
  0x00007fec5b81c000 JavaThread "C2 CompilerThread2" daemon [_thread_blocked, id=19715, stack(0x000000012e0bf000,0x000000012e1bf000)]
  0x00007fec5e001800 JavaThread "C2 CompilerThread1" daemon [_thread_blocked, id=19203, stack(0x000000012dfbc000,0x000000012e0bc000)]
  0x00007fec5b81d800 JavaThread "C2 CompilerThread0" daemon [_thread_blocked, id=18691, stack(0x000000012deb9000,0x000000012dfb9000)]
  0x00007fec5e82d800 JavaThread "Signal Dispatcher" daemon [_thread_blocked, id=15123, stack(0x000000012ddb6000,0x000000012deb6000)]
  0x00007fec5b812000 JavaThread "Finalizer" daemon [_thread_blocked, id=13571, stack(0x000000012c392000,0x000000012c492000)]
  0x00007fec5b811000 JavaThread "Reference Handler" daemon [_thread_blocked, id=13059, stack(0x000000012c28f000,0x000000012c38f000)]
=>0x00007fec5b806800 JavaThread "main" [_thread_in_native, id=4867, stack(0x0000000110787000,0x0000000110887000)]

Other Threads:
  0x00007fec5e855800 VMThread [stack: 0x000000012c18c000,0x000000012c28c000] [id=12547]
  0x00007fec5b81d000 WatcherThread [stack: 0x000000012e3c8000,0x000000012e4c8000] [id=21251]

VM state:not at safepoint (normal execution)

VM Mutex/Monitor currently owned by a thread: None

Heap:
 PSYoungGen      total 76288K, used 11845K [0x000000076ab00000, 0x0000000770000000, 0x00000007c0000000)
  eden space 65536K, 18% used [0x000000076ab00000,0x000000076b6914b0,0x000000076eb00000)
  from space 10752K, 0% used [0x000000076f580000,0x000000076f580000,0x0000000770000000)
  to   space 10752K, 0% used [0x000000076eb00000,0x000000076eb00000,0x000000076f580000)
 ParOldGen       total 175104K, used 0K [0x00000006c0000000, 0x00000006cab00000, 0x000000076ab00000)
  object space 175104K, 0% used [0x00000006c0000000,0x00000006c0000000,0x00000006cab00000)
 Metaspace       used 3264K, capacity 4682K, committed 4864K, reserved 1056768K
  class space    used 348K, capacity 426K, committed 512K, reserved 1048576K

Card table byte_map: [0x000000011fc7e000,0x000000012047f000] byte_map_base: 0x000000011c67e000

Marking Bits: (ParMarkBitMap*) 0x00000001100dde20
 Begin Bits: [0x00000001211ed000, 0x00000001251ed000)
 End Bits:   [0x00000001251ed000, 0x00000001291ed000)

Polling page: 0x000000010e7e3000

CodeCache: size=245760Kb used=1589Kb max_used=1598Kb free=244170Kb
 bounds [0x00000001108be000, 0x0000000110b2e000, 0x000000011f8be000]
 total_blobs=474 nmethods=234 adapters=154
 compilation: enabled

Compilation events (10 events):
Event: 0.660 Thread 0x00007fec5b81c000  232       4       java.lang.CharacterData::of (120 bytes)
Event: 0.660 Thread 0x00007fec5f808000  230       3       java.lang.Character::toUpperCase (6 bytes)
Event: 0.660 Thread 0x00007fec5f808000 nmethod 230 0x0000000110a4a710 code [0x0000000110a4a8a0, 0x0000000110a4ab38]
Event: 0.660 Thread 0x00007fec5f808000  231       3       java.lang.Character::toUpperCase (9 bytes)
Event: 0.660 Thread 0x00007fec5f808000 nmethod 231 0x0000000110a4ac50 code [0x0000000110a4adc0, 0x0000000110a4aff8]
Event: 0.660 Thread 0x00007fec5f808000  233       3       java.lang.CharacterDataLatin1::toUpperCase (53 bytes)
Event: 0.660 Thread 0x00007fec5b81c000 nmethod 232 0x0000000110a4dd50 code [0x0000000110a4dea0, 0x0000000110a4df18]
Event: 0.661 Thread 0x00007fec5f808000 nmethod 233 0x0000000110a4d790 code [0x0000000110a4d900, 0x0000000110a4dbd0]
Event: 0.662 Thread 0x00007fec5f808000  234       1       java.nio.Buffer::limit (5 bytes)
Event: 0.662 Thread 0x00007fec5f808000 nmethod 234 0x0000000110a4d4d0 code [0x0000000110a4d620, 0x0000000110a4d730]

GC Heap History (0 events):
No events

Deoptimization events (3 events):
Event: 0.144 Thread 0x00007fec5b806800 Uncommon trap: reason=unstable_if action=reinterpret pc=0x00000001109cc7bc method=java.lang.String.indexOf(II)I @ 49
Event: 0.194 Thread 0x00007fec5b806800 Uncommon trap: reason=unstable_if action=reinterpret pc=0x00000001109d0498 method=java.lang.String.hashCode()I @ 14
Event: 0.366 Thread 0x00007fec5b806800 Uncommon trap: reason=unstable_if action=reinterpret pc=0x0000000110a48ec4 method=org.rosuda.JRI.Rengine.<init>([Ljava/lang/String;ZLorg/rosuda/JRI/RMainLoopCallbacks;)V @ 78

Internal exceptions (10 events):
Event: 0.183 Thread 0x00007fec5b806800 Exception <a 'java/security/PrivilegedActionException'> (0x000000076b1bed28) thrown at [/HUDSON3/workspace/8-2-build-macosx-x86_64/jdk8u66/4988/hotspot/src/share/vm/prims/jvm.cpp, line 1386]
Event: 0.183 Thread 0x00007fec5b806800 Exception <a 'java/security/PrivilegedActionException'> (0x000000076b1bef38) thrown at [/HUDSON3/workspace/8-2-build-macosx-x86_64/jdk8u66/4988/hotspot/src/share/vm/prims/jvm.cpp, line 1386]
Event: 0.183 Thread 0x00007fec5b806800 Exception <a 'java/security/PrivilegedActionException'> (0x000000076b1bfd08) thrown at [/HUDSON3/workspace/8-2-build-macosx-x86_64/jdk8u66/4988/hotspot/src/share/vm/prims/jvm.cpp, line 1386]
Event: 0.183 Thread 0x00007fec5b806800 Exception <a 'java/security/PrivilegedActionException'> (0x000000076b1bff18) thrown at [/HUDSON3/workspace/8-2-build-macosx-x86_64/jdk8u66/4988/hotspot/src/share/vm/prims/jvm.cpp, line 1386]
Event: 0.183 Thread 0x00007fec5b806800 Exception <a 'java/security/PrivilegedActionException'> (0x000000076b1c0d40) thrown at [/HUDSON3/workspace/8-2-build-macosx-x86_64/jdk8u66/4988/hotspot/src/share/vm/prims/jvm.cpp, line 1386]
Event: 0.183 Thread 0x00007fec5b806800 Exception <a 'java/security/PrivilegedActionException'> (0x000000076b1c0f50) thrown at [/HUDSON3/workspace/8-2-build-macosx-x86_64/jdk8u66/4988/hotspot/src/share/vm/prims/jvm.cpp, line 1386]
Event: 0.183 Thread 0x00007fec5b806800 Exception <a 'java/security/PrivilegedActionException'> (0x000000076b1c1d20) thrown at [/HUDSON3/workspace/8-2-build-macosx-x86_64/jdk8u66/4988/hotspot/src/share/vm/prims/jvm.cpp, line 1386]
Event: 0.183 Thread 0x00007fec5b806800 Exception <a 'java/security/PrivilegedActionException'> (0x000000076b1c1f30) thrown at [/HUDSON3/workspace/8-2-build-macosx-x86_64/jdk8u66/4988/hotspot/src/share/vm/prims/jvm.cpp, line 1386]
Event: 0.647 Thread 0x00007fec5b806800 Exception <a 'java/lang/NoClassDefFoundError': RJavaClassLoader> (0x000000076b2a1788) thrown at [/HUDSON3/workspace/8-2-build-macosx-x86_64/jdk8u66/4988/hotspot/src/share/vm/classfile/systemDictionary.cpp, line 199]
Event: 0.647 Thread 0x00007fec5b806800 Exception <a 'java/lang/NoClassDefFoundError': RJavaClassLoader> (0x000000076b2ad350) thrown at [/HUDSON3/workspace/8-2-build-macosx-x86_64/jdk8u66/4988/hotspot/src/share/vm/classfile/systemDictionary.cpp, line 199]

Events (10 events):
Event: 0.659 loading class RJavaImport
Event: 0.659 loading class RJavaImport done
Event: 0.660 loading class org/rosuda/JRI/REXP
Event: 0.660 loading class org/rosuda/JRI/REXP done
Event: 0.661 loading class java/lang/IllegalAccessException
Event: 0.661 loading class java/lang/IllegalAccessException done
Event: 0.661 loading class java/lang/reflect/TypeVariable
Event: 0.661 loading class java/lang/reflect/TypeVariable done
Event: 0.661 loading class java/lang/reflect/AnnotatedType
Event: 0.661 loading class java/lang/reflect/AnnotatedType done


Dynamic libraries:
0x000000000a104000 	/System/Library/Frameworks/Cocoa.framework/Versions/A/Cocoa
0x000000000a104000 	/System/Library/Frameworks/Security.framework/Versions/A/Security
0x000000000a104000 	/System/Library/Frameworks/ApplicationServices.framework/Versions/A/ApplicationServices
0x000000000a104000 	/usr/lib/libz.1.dylib
0x000000000a104000 	/usr/lib/libSystem.B.dylib
0x000000000a104000 	/usr/lib/libobjc.A.dylib
0x000000000a104000 	/System/Library/Frameworks/CoreFoundation.framework/Versions/A/CoreFoundation
0x000000000a104000 	/System/Library/Frameworks/Foundation.framework/Versions/C/Foundation
0x000000000a104000 	/System/Library/Frameworks/AppKit.framework/Versions/C/AppKit
0x000000000a104000 	/System/Library/Frameworks/CoreData.framework/Versions/A/CoreData
0x000000000a104000 	/System/Library/PrivateFrameworks/RemoteViewServices.framework/Versions/A/RemoteViewServices
0x000000000a104000 	/System/Library/PrivateFrameworks/UIFoundation.framework/Versions/A/UIFoundation
0x000000000a104000 	/System/Library/Frameworks/IOSurface.framework/Versions/A/IOSurface
0x000000000a104000 	/System/Library/Frameworks/AudioToolbox.framework/Versions/A/AudioToolbox
0x000000000a104000 	/System/Library/Frameworks/AudioUnit.framework/Versions/A/AudioUnit
0x000000000a104000 	/System/Library/PrivateFrameworks/DataDetectorsCore.framework/Versions/A/DataDetectorsCore
0x000000000a104000 	/System/Library/PrivateFrameworks/DesktopServicesPriv.framework/Versions/A/DesktopServicesPriv
0x000000000a104000 	/System/Library/Frameworks/Carbon.framework/Versions/A/Frameworks/HIToolbox.framework/Versions/A/HIToolbox
0x000000000a104000 	/System/Library/Frameworks/QuartzCore.framework/Versions/A/QuartzCore
0x000000000a104000 	/System/Library/Frameworks/Carbon.framework/Versions/A/Frameworks/SpeechRecognition.framework/Versions/A/SpeechRecognition
0x000000000a104000 	/usr/lib/libauto.dylib
0x000000000a104000 	/usr/lib/libicucore.A.dylib
0x000000000a104000 	/usr/lib/libxml2.2.dylib
0x000000000a104000 	/System/Library/PrivateFrameworks/CoreUI.framework/Versions/A/CoreUI
0x000000000a104000 	/System/Library/Frameworks/CoreAudio.framework/Versions/A/CoreAudio
0x000000000a104000 	/System/Library/Frameworks/DiskArbitration.framework/Versions/A/DiskArbitration
0x000000000a104000 	/usr/lib/liblangid.dylib
0x000000000a104000 	/System/Library/PrivateFrameworks/MultitouchSupport.framework/Versions/A/MultitouchSupport
0x000000000a104000 	/System/Library/Frameworks/IOKit.framework/Versions/A/IOKit
0x000000000a104000 	/usr/lib/libDiagnosticMessagesClient.dylib
0x000000000a104000 	/System/Library/Frameworks/CoreServices.framework/Versions/A/CoreServices
0x000000000a104000 	/System/Library/PrivateFrameworks/PerformanceAnalysis.framework/Versions/A/PerformanceAnalysis
0x000000000a104000 	/System/Library/PrivateFrameworks/GenerationalStorage.framework/Versions/A/GenerationalStorage
0x000000000a104000 	/System/Library/Frameworks/OpenGL.framework/Versions/A/OpenGL
0x000000000a104000 	/System/Library/PrivateFrameworks/Sharing.framework/Versions/A/Sharing
0x000000000a104000 	/System/Library/Frameworks/CoreGraphics.framework/Versions/A/CoreGraphics
0x000000000a104000 	/System/Library/Frameworks/CoreText.framework/Versions/A/CoreText
0x000000000a104000 	/System/Library/Frameworks/ImageIO.framework/Versions/A/ImageIO
0x000000000a104000 	/usr/lib/libextension.dylib
0x000000000a104000 	/System/Library/PrivateFrameworks/Backup.framework/Versions/A/Backup
0x000000000a104000 	/usr/lib/libarchive.2.dylib
0x000000000a104000 	/System/Library/Frameworks/CFNetwork.framework/Versions/A/CFNetwork
0x000000000a104000 	/System/Library/Frameworks/SystemConfiguration.framework/Versions/A/SystemConfiguration
0x000000000a104000 	/usr/lib/libCRFSuite.dylib
0x000000000a104000 	/usr/lib/libc++.1.dylib
0x000000000a104000 	/usr/lib/libc++abi.dylib
0x000000000a104000 	/usr/lib/system/libcache.dylib
0x000000000a104000 	/usr/lib/system/libcommonCrypto.dylib
0x000000000a104000 	/usr/lib/system/libcompiler_rt.dylib
0x000000000a104000 	/usr/lib/system/libcopyfile.dylib
0x000000000a104000 	/usr/lib/system/libcorecrypto.dylib
0x000000000a104000 	/usr/lib/system/libdispatch.dylib
0x000000000a104000 	/usr/lib/system/libdyld.dylib
0x000000000a104000 	/usr/lib/system/libkeymgr.dylib
0x000000000a104000 	/usr/lib/system/liblaunch.dylib
0x000000000a104000 	/usr/lib/system/libmacho.dylib
0x000000000a104000 	/usr/lib/system/libquarantine.dylib
0x000000000a104000 	/usr/lib/system/libremovefile.dylib
0x000000000a104000 	/usr/lib/system/libsystem_asl.dylib
0x000000000a104000 	/usr/lib/system/libsystem_blocks.dylib
0x000000000a104000 	/usr/lib/system/libsystem_c.dylib
0x000000000a104000 	/usr/lib/system/libsystem_configuration.dylib
0x000000000a104000 	/usr/lib/system/libsystem_coreservices.dylib
0x000000000a104000 	/usr/lib/system/libsystem_coretls.dylib
0x000000000a104000 	/usr/lib/system/libsystem_dnssd.dylib
0x000000000a104000 	/usr/lib/system/libsystem_info.dylib
0x000000000a104000 	/usr/lib/system/libsystem_kernel.dylib
0x000000000a104000 	/usr/lib/system/libsystem_m.dylib
0x000000000a104000 	/usr/lib/system/libsystem_malloc.dylib
0x000000000a104000 	/usr/lib/system/libsystem_network.dylib
0x000000000a104000 	/usr/lib/system/libsystem_networkextension.dylib
0x000000000a104000 	/usr/lib/system/libsystem_notify.dylib
0x000000000a104000 	/usr/lib/system/libsystem_platform.dylib
0x000000000a104000 	/usr/lib/system/libsystem_pthread.dylib
0x000000000a104000 	/usr/lib/system/libsystem_sandbox.dylib
0x000000000a104000 	/usr/lib/system/libsystem_secinit.dylib
0x000000000a104000 	/usr/lib/system/libsystem_stats.dylib
0x000000000a104000 	/usr/lib/system/libsystem_trace.dylib
0x000000000a104000 	/usr/lib/system/libunc.dylib
0x000000000a104000 	/usr/lib/system/libunwind.dylib
0x000000000a104000 	/usr/lib/system/libxpc.dylib
0x000000000a104000 	/usr/lib/libbz2.1.0.dylib
0x000000000a104000 	/usr/lib/liblzma.5.dylib
0x000000000a104000 	/usr/lib/libbsm.0.dylib
0x000000000a104000 	/usr/lib/libsqlite3.dylib
0x000000000a104000 	/usr/lib/system/libkxld.dylib
0x000000000a104000 	/usr/lib/libxar.1.dylib
0x000000000a104000 	/usr/lib/libpam.2.dylib
0x000000000a104000 	/usr/lib/libOpenScriptingUtil.dylib
0x000000000a104000 	/System/Library/Frameworks/CoreServices.framework/Versions/A/Frameworks/FSEvents.framework/Versions/A/FSEvents
0x000000000a104000 	/System/Library/Frameworks/CoreServices.framework/Versions/A/Frameworks/CarbonCore.framework/Versions/A/CarbonCore
0x000000000a104000 	/System/Library/Frameworks/CoreServices.framework/Versions/A/Frameworks/Metadata.framework/Versions/A/Metadata
0x000000000a104000 	/System/Library/Frameworks/CoreServices.framework/Versions/A/Frameworks/OSServices.framework/Versions/A/OSServices
0x000000000a104000 	/System/Library/Frameworks/CoreServices.framework/Versions/A/Frameworks/SearchKit.framework/Versions/A/SearchKit
0x000000000a104000 	/System/Library/Frameworks/CoreServices.framework/Versions/A/Frameworks/AE.framework/Versions/A/AE
0x000000000a104000 	/System/Library/Frameworks/CoreServices.framework/Versions/A/Frameworks/LaunchServices.framework/Versions/A/LaunchServices
0x000000000a104000 	/System/Library/Frameworks/CoreServices.framework/Versions/A/Frameworks/DictionaryServices.framework/Versions/A/DictionaryServices
0x000000000a104000 	/System/Library/Frameworks/NetFS.framework/Versions/A/NetFS
0x000000000a104000 	/System/Library/PrivateFrameworks/NetAuth.framework/Versions/A/NetAuth
0x000000000a104000 	/System/Library/PrivateFrameworks/login.framework/Versions/A/Frameworks/loginsupport.framework/Versions/A/loginsupport
0x000000000a104000 	/System/Library/PrivateFrameworks/TCC.framework/Versions/A/TCC
0x000000000a104000 	/usr/lib/libmecabra.dylib
0x000000000a104000 	/System/Library/Frameworks/ApplicationServices.framework/Versions/A/Frameworks/ATS.framework/Versions/A/ATS
0x000000000a104000 	/System/Library/Frameworks/ApplicationServices.framework/Versions/A/Frameworks/ColorSync.framework/Versions/A/ColorSync
0x000000000a104000 	/System/Library/Frameworks/ApplicationServices.framework/Versions/A/Frameworks/HIServices.framework/Versions/A/HIServices
0x000000000a104000 	/System/Library/Frameworks/ApplicationServices.framework/Versions/A/Frameworks/LangAnalysis.framework/Versions/A/LangAnalysis
0x000000000a104000 	/System/Library/Frameworks/ApplicationServices.framework/Versions/A/Frameworks/PrintCore.framework/Versions/A/PrintCore
0x000000000a104000 	/System/Library/Frameworks/ApplicationServices.framework/Versions/A/Frameworks/QD.framework/Versions/A/QD
0x000000000a104000 	/System/Library/Frameworks/ApplicationServices.framework/Versions/A/Frameworks/SpeechSynthesis.framework/Versions/A/SpeechSynthesis
0x000000000a104000 	/System/Library/Frameworks/Accelerate.framework/Versions/A/Accelerate
0x000000000a104000 	/System/Library/Frameworks/Accelerate.framework/Versions/A/Frameworks/vImage.framework/Versions/A/vImage
0x000000000a104000 	/System/Library/Frameworks/Accelerate.framework/Versions/A/Frameworks/vecLib.framework/Versions/A/vecLib
0x000000000a104000 	/System/Library/Frameworks/Accelerate.framework/Versions/A/Frameworks/vecLib.framework/Versions/A/libvDSP.dylib
0x000000000a104000 	/System/Library/Frameworks/Accelerate.framework/Versions/A/Frameworks/vecLib.framework/Versions/A/libvMisc.dylib
0x000000000a104000 	/System/Library/Frameworks/Accelerate.framework/Versions/A/Frameworks/vecLib.framework/Versions/A/libLAPACK.dylib
0x000000000a104000 	/System/Library/Frameworks/Accelerate.framework/Versions/A/Frameworks/vecLib.framework/Versions/A/libBLAS.dylib
0x000000000a104000 	/System/Library/Frameworks/Accelerate.framework/Versions/A/Frameworks/vecLib.framework/Versions/A/libLinearAlgebra.dylib
0x000000000a104000 	/System/Library/Frameworks/ApplicationServices.framework/Versions/A/Frameworks/ATS.framework/Versions/A/Resources/libFontParser.dylib
0x000000000a104000 	/System/Library/Frameworks/ApplicationServices.framework/Versions/A/Frameworks/ATS.framework/Versions/A/Resources/libFontRegistry.dylib
0x000000000a104000 	/System/Library/PrivateFrameworks/AppleVPA.framework/Versions/A/AppleVPA
0x000000000a104000 	/System/Library/PrivateFrameworks/AppleJPEG.framework/Versions/A/AppleJPEG
0x000000000a104000 	/System/Library/Frameworks/ImageIO.framework/Versions/A/Resources/libJPEG.dylib
0x000000000a104000 	/System/Library/Frameworks/ImageIO.framework/Versions/A/Resources/libTIFF.dylib
0x000000000a104000 	/System/Library/Frameworks/ImageIO.framework/Versions/A/Resources/libPng.dylib
0x000000000a104000 	/System/Library/Frameworks/ImageIO.framework/Versions/A/Resources/libGIF.dylib
0x000000000a104000 	/System/Library/Frameworks/ImageIO.framework/Versions/A/Resources/libJP2.dylib
0x000000000a104000 	/System/Library/Frameworks/ImageIO.framework/Versions/A/Resources/libRadiance.dylib
0x000000000a104000 	/System/Library/Frameworks/CoreVideo.framework/Versions/A/CoreVideo
0x000000000a104000 	/System/Library/Frameworks/OpenGL.framework/Versions/A/Libraries/libGLU.dylib
0x000000000a104000 	/System/Library/Frameworks/OpenGL.framework/Versions/A/Libraries/libGFXShared.dylib
0x000000000a104000 	/System/Library/Frameworks/OpenGL.framework/Versions/A/Libraries/libGL.dylib
0x000000000a104000 	/System/Library/Frameworks/OpenGL.framework/Versions/A/Libraries/libGLImage.dylib
0x000000000a104000 	/System/Library/Frameworks/OpenGL.framework/Versions/A/Libraries/libCVMSPluginSupport.dylib
0x000000000a104000 	/System/Library/Frameworks/OpenGL.framework/Versions/A/Libraries/libCoreVMClient.dylib
0x000000000a104000 	/usr/lib/libcups.2.dylib
0x000000000a104000 	/System/Library/Frameworks/Kerberos.framework/Versions/A/Kerberos
0x000000000a104000 	/System/Library/Frameworks/GSS.framework/Versions/A/GSS
0x000000000a104000 	/usr/lib/libresolv.9.dylib
0x000000000a104000 	/usr/lib/libiconv.2.dylib
0x000000000a104000 	/System/Library/PrivateFrameworks/Heimdal.framework/Versions/A/Heimdal
0x000000000a104000 	/usr/lib/libheimdal-asn1.dylib
0x000000000a104000 	/System/Library/Frameworks/OpenDirectory.framework/Versions/A/OpenDirectory
0x000000000a104000 	/System/Library/PrivateFrameworks/CommonAuth.framework/Versions/A/CommonAuth
0x000000000a104000 	/System/Library/Frameworks/OpenDirectory.framework/Versions/A/Frameworks/CFOpenDirectory.framework/Versions/A/CFOpenDirectory
0x000000000a104000 	/System/Library/Frameworks/SecurityFoundation.framework/Versions/A/SecurityFoundation
0x000000000a104000 	/System/Library/PrivateFrameworks/LanguageModeling.framework/Versions/A/LanguageModeling
0x000000000a104000 	/usr/lib/libcmph.dylib
0x000000000a104000 	/System/Library/Frameworks/ServiceManagement.framework/Versions/A/ServiceManagement
0x000000000a104000 	/usr/lib/libxslt.1.dylib
0x000000000a104000 	/System/Library/Frameworks/Carbon.framework/Versions/A/Frameworks/Ink.framework/Versions/A/Ink
0x000000000a104000 	/System/Library/Frameworks/QuartzCore.framework/Versions/A/Frameworks/CoreImage.framework/Versions/A/CoreImage
0x000000000a104000 	/System/Library/PrivateFrameworks/CrashReporterSupport.framework/Versions/A/CrashReporterSupport
0x000000000a104000 	/System/Library/Frameworks/OpenCL.framework/Versions/A/OpenCL
0x000000000a104000 	/System/Library/PrivateFrameworks/FaceCore.framework/Versions/A/FaceCore
0x000000000a104000 	/System/Library/PrivateFrameworks/Ubiquity.framework/Versions/A/Ubiquity
0x000000000a104000 	/System/Library/PrivateFrameworks/IconServices.framework/Versions/A/IconServices
0x000000000a104000 	/System/Library/PrivateFrameworks/ChunkingLibrary.framework/Versions/A/ChunkingLibrary
0x000000000a104000 	/System/Library/PrivateFrameworks/Apple80211.framework/Versions/A/Apple80211
0x000000000a104000 	/System/Library/Frameworks/CoreWLAN.framework/Versions/A/CoreWLAN
0x000000000a104000 	/System/Library/Frameworks/IOBluetooth.framework/Versions/A/IOBluetooth
0x000000000a104000 	/System/Library/PrivateFrameworks/CoreWiFi.framework/Versions/A/CoreWiFi
0x000000000a104000 	/System/Library/Frameworks/CoreBluetooth.framework/Versions/A/CoreBluetooth
0x000000000a104000 	/System/Library/PrivateFrameworks/DebugSymbols.framework/Versions/A/DebugSymbols
0x000000000a104000 	/System/Library/PrivateFrameworks/CoreSymbolication.framework/Versions/A/CoreSymbolication
0x000000000a104000 	/System/Library/PrivateFrameworks/Symbolication.framework/Versions/A/Symbolication
0x000000000a104000 	/System/Library/PrivateFrameworks/SpeechRecognitionCore.framework/Versions/A/SpeechRecognitionCore
0x000000010f800000 	/Library/Java/JavaVirtualMachines/jdk1.8.0_66.jdk/Contents/Home/jre/lib/server/libjvm.dylib
0x000000000a104000 	/usr/lib/libstdc++.6.dylib
0x000000010e7d5000 	/Library/Java/JavaVirtualMachines/jdk1.8.0_66.jdk/Contents/Home/jre/lib/libverify.dylib
0x0000000110889000 	/Library/Java/JavaVirtualMachines/jdk1.8.0_66.jdk/Contents/Home/jre/lib/libjava.dylib
0x000000010e7ed000 	/Library/Java/JavaVirtualMachines/jdk1.8.0_66.jdk/Contents/Home/jre/lib/libzip.dylib
0x000000012c494000 	/System/Library/Frameworks/JavaVM.framework/Frameworks/JavaRuntimeSupport.framework/JavaRuntimeSupport
0x000000012c4af000 	/System/Library/Frameworks/JavaVM.framework/Versions/A/Frameworks/JavaNativeFoundation.framework/Versions/A/JavaNativeFoundation
0x000000012c4c4000 	/System/Library/Frameworks/JavaVM.framework/Versions/A/JavaVM
0x000000000a104000 	/System/Library/Frameworks/Carbon.framework/Versions/A/Carbon
0x000000012c4d1000 	/System/Library/PrivateFrameworks/JavaLaunching.framework/Versions/A/JavaLaunching
0x000000000a104000 	/System/Library/Frameworks/Carbon.framework/Versions/A/Frameworks/CommonPanels.framework/Versions/A/CommonPanels
0x000000000a104000 	/System/Library/Frameworks/Carbon.framework/Versions/A/Frameworks/Help.framework/Versions/A/Help
0x000000000a104000 	/System/Library/Frameworks/Carbon.framework/Versions/A/Frameworks/ImageCapture.framework/Versions/A/ImageCapture
0x000000000a104000 	/System/Library/Frameworks/Carbon.framework/Versions/A/Frameworks/OpenScripting.framework/Versions/A/OpenScripting
0x000000000a104000 	/System/Library/Frameworks/Carbon.framework/Versions/A/Frameworks/Print.framework/Versions/A/Print
0x000000000a104000 	/System/Library/Frameworks/Carbon.framework/Versions/A/Frameworks/SecurityHI.framework/Versions/A/SecurityHI
0x000000012ef65000 	/Applications/IntelliJ IDEA 15.app/Contents/bin/libbreakgen64.jnilib
0x000000012f06b000 	/Library/Java/JavaVirtualMachines/jdk1.8.0_66.jdk/Contents/Home/jre/lib/libnet.dylib
0x000000012f0ca000 	/Library/Frameworks/R.framework/Versions/3.2/Resources/library/rJava/jri/libjri.jnilib
0x000000012f0d6000 	/Library/Frameworks/R.framework/Versions/3.2/Resources/lib/libR.dylib
0x000000012f4ef000 	/usr/lib/libpcre.0.dylib
0x000000012f522000 	/Library/Frameworks/R.framework/Versions/3.2/Resources/lib/libRblas.dylib
0x000000012f552000 	/Library/Frameworks/R.framework/Versions/3.2/Resources/lib/libgfortran.3.dylib
0x000000012f6bd000 	/Library/Frameworks/R.framework/Versions/3.2/Resources/lib/libquadmath.0.dylib
0x000000012f6fe000 	/Library/Frameworks/R.framework/Versions/3.2/Resources/lib/libreadline.5.2.dylib
0x000000012f73c000 	/Library/Frameworks/R.framework/Versions/3.2/Resources/lib/libgcc_s_x86_64.1.dylib
0x000000000a104000 	/usr/lib/libncurses.5.4.dylib
0x000000012fc2e000 	/Library/Frameworks/R.framework/Versions/3.2/Resources/library/utils/libs/utils.so
0x000000012fc3d000 	/Library/Frameworks/R.framework/Versions/3.2/Resources/library/methods/libs/methods.so
0x000000012fff2000 	/Library/Frameworks/R.framework/Versions/3.2/Resources/library/grDevices/libs/grDevices.so
0x000000013007d000 	/Library/Frameworks/R.framework/Versions/3.2/Resources/library/graphics/libs/graphics.so
0x00000001300c6000 	/Library/Frameworks/R.framework/Versions/3.2/Resources/library/stats/libs/stats.so
0x0000000130181000 	/Library/Frameworks/R.framework/Versions/3.2/Resources/lib/libRlapack.dylib
0x00000001303f2000 	/Library/Frameworks/R.framework/Versions/3.2/Resources/library/rJava/libs/rJava.so
0x0000000130425000 	/Library/Frameworks/R.framework/Resources/modules//internet.so
0x000000000a104000 	/usr/lib/libcurl.4.dylib
0x000000000a104000 	/System/Library/Frameworks/LDAP.framework/Versions/A/LDAP
0x000000000a104000 	/usr/lib/libsasl2.2.dylib
0x000000000a104000 	/System/Library/PrivateFrameworks/CoreDaemon.framework/Versions/B/CoreDaemon
0x000000000a104000 	/usr/lib/libcrypto.0.9.8.dylib
0x000000000a104000 	/System/Library/PrivateFrameworks/AppleSRP.framework/Versions/A/AppleSRP
0x000000000a104000 	/System/Library/PrivateFrameworks/TrustEvaluationAgent.framework/Versions/A/TrustEvaluationAgent

VM Arguments:
jvm_args: -Djava.library.path=/Library/Frameworks/R.framework/Versions/3.2/Resources/library/rJava/jri -Didea.launcher.port=7532 -Didea.launcher.bin.path=/Applications/IntelliJ IDEA 15.app/Contents/bin -Dfile.encoding=UTF-8 
java_command: com.intellij.rt.execution.application.AppMain com.ikanow.aleph2.analytics.r.utils.RScriptUtils
java_class_path (initial): /Library/Java/JavaVirtualMachines/jdk1.8.0_66.jdk/Contents/Home/lib/ant-javafx.jar:/Library/Java/JavaVirtualMachines/jdk1.8.0_66.jdk/Contents/Home/lib/dt.jar:/Library/Java/JavaVirtualMachines/jdk1.8.0_66.jdk/Contents/Home/lib/javafx-mx.jar:/Library/Java/JavaVirtualMachines/jdk1.8.0_66.jdk/Contents/Home/lib/jconsole.jar:/Library/Java/JavaVirtualMachines/jdk1.8.0_66.jdk/Contents/Home/lib/packager.jar:/Library/Java/JavaVirtualMachines/jdk1.8.0_66.jdk/Contents/Home/lib/sa-jdi.jar:/Library/Java/JavaVirtualMachines/jdk1.8.0_66.jdk/Contents/Home/lib/tools.jar:/Library/Java/JavaVirtualMachines/jdk1.8.0_66.jdk/Contents/Home/jre/lib/charsets.jar:/Library/Java/JavaVirtualMachines/jdk1.8.0_66.jdk/Contents/Home/jre/lib/deploy.jar:/Library/Java/JavaVirtualMachines/jdk1.8.0_66.jdk/Contents/Home/jre/lib/javaws.jar:/Library/Java/JavaVirtualMachines/jdk1.8.0_66.jdk/Contents/Home/jre/lib/jce.jar:/Library/Java/JavaVirtualMachines/jdk1.8.0_66.jdk/Contents/Home/jre/lib/jfr.jar:/Library/Java/JavaVirtualMachines/jdk1.8.0_66.jdk/Contents/Home/jre/lib/jfxswt.jar:/Library/Java/JavaVirtualMachines/jdk1.8.0_66.jdk/Contents/Home/jre/lib/jsse.jar:/Library/Java/JavaVirtualMachines/jdk1.8.0_66.jdk/Contents/Home/jre/lib/management-agent.jar:/Library/Java/JavaVirtualMachines/jdk1.8.0_66.jdk/Contents/Home/jre/lib/plugin.jar:/Library/Java/JavaVirtualMachines/jdk1.8.0_66.jdk/Contents/Home/jre/lib/resources.jar:/Library/Java/JavaVirtualMachines/jdk1.8.0_66.jdk/Contents/Home/jre/lib/rt.jar:/Library/Java/JavaVirtualMachines/jdk1.8.0_66.jdk/Contents/Home/jre/lib/ext/cldrdata.jar:/Library/Java/JavaVirtualMachines/jdk1.8.0_66.jdk/Contents/Home/jre/lib/ext/dnsns.jar:/Library/Java/JavaVirtualMachines/jdk1.8.0_66.jdk/Contents/Home/jre/lib/ext/jaccess.jar:/Library/Java/JavaVirtualMachines/jdk1.8.0_66.jdk/Contents/Home/jre/lib/ext/jfxrt.jar:/Library/Java/JavaVirtualMachines/jdk1.8.0_66.jdk/Contents/Home/jre/lib/ext/localedata.jar:/Library/Java/JavaVirtualMachines/jdk1.8.0_66.jdk/Conten
Launcher Type: SUN_STANDARD

Environment Variables:
JAVA_HOME=/Library/Java/JavaVirtualMachines/jdk1.8.0_66.jdk/Contents/Home
PATH=/opt/local/bin:/opt/local/sbin:/Library/Frameworks/Python.framework/Versions/2.7/bin:/usr/local/bin:/usr/bin:/bin:/usr/sbin:/sbin:/Users/shawnkyzer/Downloads/spark-1.5.2/bin
LD_LIBRARY_PATH=:@JAVA_LD@
SHELL=/bin/bash

Signal Handlers:
SIGSEGV: [libjvm.dylib+0x5a65d5], sa_mask[0]=11111111011111110111111111111111, sa_flags=SA_ONSTACK|SA_RESTART|SA_SIGINFO
SIGBUS: [libjvm.dylib+0x5a65d5], sa_mask[0]=11111111011111110111111111111111, sa_flags=SA_RESTART|SA_SIGINFO
SIGFPE: [libjvm.dylib+0x4802e8], sa_mask[0]=11111111011111110111111111111111, sa_flags=SA_RESTART|SA_SIGINFO
SIGPIPE: [libjvm.dylib+0x4802e8], sa_mask[0]=11111111011111110111111111111111, sa_flags=SA_RESTART|SA_SIGINFO
SIGXFSZ: [libjvm.dylib+0x4802e8], sa_mask[0]=11111111011111110111111111111111, sa_flags=SA_RESTART|SA_SIGINFO
SIGILL: [libjvm.dylib+0x4802e8], sa_mask[0]=11111111011111110111111111111111, sa_flags=SA_RESTART|SA_SIGINFO
SIGUSR1: SIG_DFL, sa_mask[0]=00000000000000000000000000000000, sa_flags=none
SIGUSR2: [libjvm.dylib+0x47fe06], sa_mask[0]=00100000000000000000000000000000, sa_flags=SA_RESTART|SA_SIGINFO
SIGHUP: [libjvm.dylib+0x47e3dd], sa_mask[0]=11111111011111110111111111111111, sa_flags=SA_RESTART|SA_SIGINFO
SIGINT: [libjvm.dylib+0x47e3dd], sa_mask[0]=00000000000000000000000000000000, sa_flags=SA_RESTART
SIGTERM: [libjvm.dylib+0x47e3dd], sa_mask[0]=11111111011111110111111111111111, sa_flags=SA_RESTART|SA_SIGINFO
SIGQUIT: [libjvm.dylib+0x47e3dd], sa_mask[0]=11111111011111110111111111111111, sa_flags=SA_RESTART|SA_SIGINFO


---------------  S Y S T E M  ---------------

OS:Bsduname:Darwin 14.4.0 Darwin Kernel Version 14.4.0: Thu May 28 11:35:04 PDT 2015; root:xnu-2782.30.5~1/RELEASE_X86_64 x86_64
rlimit: STACK 8192k, CORE 0k, NPROC 709, NOFILE 10240, AS infinity
load average:2.54 3.03 3.15

CPU:total 8 (4 cores per cpu, 2 threads per core) family 6 model 70 stepping 1, cmov, cx8, fxsr, mmx, sse, sse2, sse3, ssse3, sse4.1, sse4.2, popcnt, avx, avx2, aes, clmul, erms, lzcnt, ht, tsc, tscinvbit, bmi1, bmi2

Memory: 4k page, physical 16777216k(64248k free)

/proc/meminfo:


vm_info: Java HotSpot(TM) 64-Bit Server VM (25.66-b17) for bsd-amd64 JRE (1.8.0_66-b17), built on Oct  6 2015 16:09:13 by "java_re" with gcc 4.2.1 (Based on Apple Inc. build 5658) (LLVM build 2336.11.00)

time: Tue Dec 15 15:59:50 2015
elapsed time: 3 seconds (0d 0h 0m 3s)

