#
# A fatal error has been detected by the Java Runtime Environment:
#
#  SIGSEGV (0xb) at pc=0x000000012555764d, pid=5591, tid=1811
#
# JRE version: Java(TM) SE Runtime Environment (8.0_66-b17) (build 1.8.0_66-b17)
# Java VM: Java HotSpot(TM) 64-Bit Server VM (25.66-b17 mixed mode bsd-amd64 compressed oops)
# Problematic frame:
# C  [libjri.jnilib+0x364d]  jri_checkExceptions+0xd
#
# Failed to write core dump. Core dumps have been disabled. To enable core dumping, try "ulimit -c unlimited" before starting Java again
#
# If you would like to submit a bug report, please visit:
#   http://bugreport.java.com/bugreport/crash.jsp
#

---------------  T H R E A D  ---------------

Current thread is native thread

siginfo: si_signo: 11 (SIGSEGV), si_code: 1 (SEGV_MAPERR), si_addr: 0x0000000000000000

Registers:
RAX=0x0000000000000000, RBX=0x0000000000000000, RCX=0xe200d8759fc20c06, RDX=0x00007fff7a64b1f8
RSP=0x0000000106e7e2a0, RBP=0x0000000106e7e2b0, RSI=0x0000000000000001, RDI=0x0000000000000000
R8 =0x0000000106e7e130, R9 =0x00007fff7a12d300, R10=0x0000000000000000, R11=0x0000000000000246
R12=0x00007fff7a64a070, R13=0x0000000125850630, R14=0x0000000000000001, R15=0x0000000106e7e2f0
RIP=0x000000012555764d, EFLAGS=0x0000000000010202, ERR=0x0000000000000004
  TRAPNO=0x000000000000000e

Top of Stack: (sp=0x0000000106e7e2a0)
0x0000000106e7e2a0:   0000000000000000 0000000000000001
0x0000000106e7e2b0:   0000000106e7e2e0 0000000125557986
0x0000000106e7e2c0:   0000000106e7e2f0 00007fff7a64a070
0x0000000106e7e2d0:   0000000106e803e0 00000001257b3959
0x0000000106e7e2e0:   0000000106e80320 00000001256c7f67
0x0000000106e7e2f0:   e200d8759fc2000a 0000000106e7e420
0x0000000106e7e300:   0000000106e7e490 0000000000000001
0x0000000106e7e310:   00000001257b3cdd 0000000000000014
0x0000000106e7e320:   0000000106e7e360 0000000000000000
0x0000000106e7e330:   00007ff8fc14d2d8 0000000000000000
0x0000000106e7e340:   00007ff8fdefd5c8 0000000000000000
0x0000000106e7e350:   00007ff8fc14d2d8 0000000125d4eae8
0x0000000106e7e360:   0000000106e7e380 00000001255f3a0f
0x0000000106e7e370:   0000000125900df8 00007ff8fba25f78
0x0000000106e7e380:   0000000106e7e3c0 0000000125662e54
0x0000000106e7e390:   00000001259011e8 00007ff8fc1458c8
0x0000000106e7e3a0:   00007ff8fc152800 0000000125900de8
0x0000000106e7e3b0:   00007ff8fc1458b8 ffffffff00000000
0x0000000106e7e3c0:   0000000106e7e730 000000012560acef
0x0000000106e7e3d0:   00007ff8fdee3a28 00007ff8f8c47528
0x0000000106e7e3e0:   cafebabecafebabe 0000000000000001
0x0000000106e7e3f0:   000000000000016b 00007ff8f9b40838
0x0000000106e7e400:   292a2b2c2d2e2f30 0000242200000120
0x0000000106e7e410:   0000000000000000 2372657463617261
0x0000000106e7e420:   00007ff8fba25f78 00007ff8fdee64c8
0x0000000106e7e430:   cafebabecafebabe 0000000000000002
0x0000000106e7e440:   000000000000000e 0000000000000000
0x0000000106e7e450:   292a2b2c2d2e2f30 000000f300000093
0x0000000106e7e460:   0000000000000000 6f437761722e6573
0x0000000106e7e470:   393a3b3c3d3e3f40 00ffffffffffffff
0x0000000106e7e480:   191a1b1c1d1e1f20 61722e65736f6c63
0x0000000106e7e490:   0001000100010001 ffffffffffffffff 

Instructions: (pc=0x000000012555764d)
0x000000012555762d:   5c 41 5d 41 5e 41 5f 5d c3 66 2e 0f 1f 84 00 00
0x000000012555763d:   00 00 00 55 48 89 e5 41 56 53 41 89 f6 48 89 fb
0x000000012555764d:   48 8b 03 ff 50 78 48 85 c0 74 21 45 85 f6 74 0c
0x000000012555765d:   48 8b 03 48 89 df ff 90 80 00 00 00 48 8b 03 48 

Register to memory mapping:

RAX=0x0000000000000000 is an unknown value
RBX=0x0000000000000000 is an unknown value
RCX=0xe200d8759fc20c06 is an unknown value
RDX=0x00007fff7a64b1f8: __sFX+0x1c8 in /usr/lib/system/libsystem_c.dylib at 0x00007fff8be4a000
RSP=0x0000000106e7e2a0 is pointing into the stack for thread: 0x00007ff8fb802800
RBP=0x0000000106e7e2b0 is pointing into the stack for thread: 0x00007ff8fb802800
RSI=0x0000000000000001 is an unknown value
RDI=0x0000000000000000 is an unknown value
R8 =0x0000000106e7e130 is pointing into the stack for thread: 0x00007ff8fb802800
R9 =0x00007fff7a12d300: _thread+0 in /usr/lib/system/libsystem_pthread.dylib at 0x00007fff8a289000
R10=0x0000000000000000 is an unknown value
R11=0x0000000000000246 is an unknown value
R12=0x00007fff7a64a070: __stack_chk_guard+0 in /usr/lib/system/libsystem_c.dylib at 0x00007fff8be4a000
R13=0x0000000125850630: R_ErrorCon+0 in /Library/Frameworks/R.framework/Versions/3.2/Resources/lib/libR.dylib at 0x0000000125560000
R14=0x0000000000000001 is an unknown value
R15=0x0000000106e7e2f0 is pointing into the stack for thread: 0x00007ff8fb802800


Stack: [0x00007fff5a74f000,0x00007fff5af4f000],  sp=0x0000000106e7e2a0,  free space=18014261077548220k
Native frames: (J=compiled Java code, j=interpreted, Vv=VM code, C=native code)
C  [libjri.jnilib+0x364d]  jri_checkExceptions+0xd
C  [libjri.jnilib+0x3986]  Re_WriteConsoleEx+0x26
C  [libR.dylib+0x167f67]  REvprintf+0xe7
C  [libR.dylib+0x165f74]  REprintf+0x94
C  [libR.dylib+0x9ee10]  Rf_onintr+0x280
C  [libR.dylib+0x1fac29]  R_SelectEx+0xe9
C  [internet.so+0x5fea]  R_SocketWait+0x1ca
C  [internet.so+0x5dda]  R_SockRead+0x2a
C  [internet.so+0xd44b]  sock_read_helper+0x8b
C  [internet.so+0xd36b]  sock_read+0x1b
C  [libR.dylib+0x53e37]  do_readbin+0xc47
C  [libR.dylib+0xb741d]  bcEval+0x124ed
C  [libR.dylib+0xa4876]  Rf_eval+0x186
C  [libR.dylib+0xfb388]  Rf_applyClosure+0x578
C  [libR.dylib+0xa4c07]  Rf_eval+0x517
C  [libR.dylib+0xfe2b3]  do_begin+0x1c3
C  [libR.dylib+0xa4cfe]  Rf_eval+0x60e
C  [libR.dylib+0xfb388]  Rf_applyClosure+0x578
C  [libR.dylib+0xa4c07]  Rf_eval+0x517
C  [libR.dylib+0xfee22]  do_set+0x742
C  [libR.dylib+0xa4cfe]  Rf_eval+0x60e
C  [libR.dylib+0xfe2b3]  do_begin+0x1c3
C  [libR.dylib+0xa4cfe]  Rf_eval+0x60e
C  [libR.dylib+0xfb388]  Rf_applyClosure+0x578
C  [libR.dylib+0xa4c07]  Rf_eval+0x517
C  [libR.dylib+0xfe2b3]  do_begin+0x1c3
C  [libR.dylib+0xa4cfe]  Rf_eval+0x60e
C  [libR.dylib+0xfb388]  Rf_applyClosure+0x578
C  [libR.dylib+0xa4c07]  Rf_eval+0x517
C  [libR.dylib+0xfee22]  do_set+0x742
C  [libR.dylib+0xa4cfe]  Rf_eval+0x60e
C  [libR.dylib+0xfe2b3]  do_begin+0x1c3
C  [libR.dylib+0xa4cfe]  Rf_eval+0x60e
C  [libR.dylib+0xfb388]  Rf_applyClosure+0x578
C  [libR.dylib+0xa4c07]  Rf_eval+0x517
C  [libR.dylib+0xfee22]  do_set+0x742
C  [libR.dylib+0xa4cfe]  Rf_eval+0x60e
C  [libR.dylib+0x5fa53]  protectedEval+0x23
C  [libR.dylib+0x5f8a8]  R_ToplevelExec+0x1c8
C  [libR.dylib+0x5f9fc]  R_tryEval+0x2c
C  [libjri.jnilib+0x196a]  Java_org_rosuda_JRI_Rengine_rniEval+0x7a
j  org.rosuda.JRI.Rengine.rniEval(JJ)J+0
j  org.rosuda.JRI.Rengine.eval(Ljava/lang/String;Z)Lorg/rosuda/JRI/REXP;+69
j  org.rosuda.JRI.Rengine.eval(Ljava/lang/String;)Lorg/rosuda/JRI/REXP;+3
j  com.ikanow.aleph2.analytics.r.utils.RScriptUtils.lambda$main$0(Lorg/rosuda/JRI/Rengine;Ljava/lang/String;)V+5
j  com.ikanow.aleph2.analytics.r.utils.RScriptUtils$$Lambda$2.accept(Ljava/lang/Object;)V+8
j  java.util.Iterator.forEachRemaining(Ljava/util/function/Consumer;)V+21
j  java.util.Spliterators$IteratorSpliterator.forEachRemaining(Ljava/util/function/Consumer;)V+52
j  java.util.stream.ReferencePipeline$Head.forEachOrdered(Ljava/util/function/Consumer;)V+12
j  com.ikanow.aleph2.analytics.r.utils.RScriptUtils.main([Ljava/lang/String;)V+77
v  ~StubRoutines::call_stub
V  [libjvm.dylib+0x2ea35e]  JavaCalls::call_helper(JavaValue*, methodHandle*, JavaCallArguments*, Thread*)+0x6ae
V  [libjvm.dylib+0x4ca7e0]  Reflection::invoke(instanceKlassHandle, methodHandle, Handle, bool, objArrayHandle, BasicType, objArrayHandle, bool, Thread*)+0xe12
V  [libjvm.dylib+0x4cad14]  Reflection::invoke_method(oopDesc*, Handle, objArrayHandle, Thread*)+0x16c
V  [libjvm.dylib+0x342570]  JVM_InvokeMethod+0x166
j  sun.reflect.NativeMethodAccessorImpl.invoke0(Ljava/lang/reflect/Method;Ljava/lang/Object;[Ljava/lang/Object;)Ljava/lang/Object;+0
j  sun.reflect.NativeMethodAccessorImpl.invoke(Ljava/lang/Object;[Ljava/lang/Object;)Ljava/lang/Object;+100
j  sun.reflect.DelegatingMethodAccessorImpl.invoke(Ljava/lang/Object;[Ljava/lang/Object;)Ljava/lang/Object;+6
j  java.lang.reflect.Method.invoke(Ljava/lang/Object;[Ljava/lang/Object;)Ljava/lang/Object;+56
j  com.intellij.rt.execution.application.AppMain.main([Ljava/lang/String;)V+180
v  ~StubRoutines::call_stub
V  [libjvm.dylib+0x2ea35e]  JavaCalls::call_helper(JavaValue*, methodHandle*, JavaCallArguments*, Thread*)+0x6ae
V  [libjvm.dylib+0x3210d0]  jni_invoke_static(JNIEnv_*, JavaValue*, _jobject*, JNICallType, _jmethodID*, JNI_ArgumentPusher*, Thread*)+0x1bf
V  [libjvm.dylib+0x319e4a]  jni_CallStaticVoidMethod+0x15d
C  [java+0x393e]  JavaMain+0x9b1
C  [libsystem_pthread.dylib+0x3268]  _pthread_body+0x83
C  [libsystem_pthread.dylib+0x31e5]  _pthread_body+0x0
C  [libsystem_pthread.dylib+0x141d]  thread_start+0xd


---------------  P R O C E S S  ---------------

VM state:not at safepoint (normal execution)

VM Mutex/Monitor currently owned by a thread: None

Heap:
 PSYoungGen      total 76288K, used 14633K [0x000000076ab00000, 0x0000000770000000, 0x00000007c0000000)
  eden space 65536K, 22% used [0x000000076ab00000,0x000000076b94a658,0x000000076eb00000)
  from space 10752K, 0% used [0x000000076f580000,0x000000076f580000,0x0000000770000000)
  to   space 10752K, 0% used [0x000000076eb00000,0x000000076eb00000,0x000000076f580000)
 ParOldGen       total 175104K, used 0K [0x00000006c0000000, 0x00000006cab00000, 0x000000076ab00000)
  object space 175104K, 0% used [0x00000006c0000000,0x00000006c0000000,0x00000006cab00000)
 Metaspace       used 4605K, capacity 4936K, committed 4992K, reserved 1056768K
  class space    used 510K, capacity 601K, committed 640K, reserved 1048576K

Card table byte_map: [0x000000011627e000,0x0000000116a7f000] byte_map_base: 0x0000000112c7e000

Marking Bits: (ParMarkBitMap*) 0x00000001066dde20
 Begin Bits: [0x00000001177ed000, 0x000000011b7ed000)
 End Bits:   [0x000000011b7ed000, 0x000000011f7ed000)

Polling page: 0x0000000104dd5000

CodeCache: size=245760Kb used=1877Kb max_used=1888Kb free=243882Kb
 bounds [0x0000000106ebe000, 0x000000010712e000, 0x0000000115ebe000]
 total_blobs=662 nmethods=375 adapters=201
 compilation: enabled

Compilation events (10 events):
Event: 0.715 Thread 0x00007ff8f9830800 nmethod 370 0x000000010708ff90 code [0x0000000107090100, 0x0000000107090350]
Event: 0.715 Thread 0x00007ff8f9830800  371       3       jdk.internal.org.objectweb.asm.ByteVector::putInt (74 bytes)
Event: 0.715 Thread 0x00007ff8f9830800 nmethod 371 0x0000000107091910 code [0x0000000107091a80, 0x0000000107091d08]
Event: 0.715 Thread 0x00007ff8f9830800  373       3       java.lang.invoke.MethodType$ConcurrentWeakInternSet::get (54 bytes)
Event: 0.716 Thread 0x00007ff8f9821800  374       4       java.util.Arrays::copyOfRange (63 bytes)
Event: 0.716 Thread 0x00007ff8f9023000 nmethod 367 0x0000000107093990 code [0x0000000107093b00, 0x0000000107093ef8]
Event: 0.716 Thread 0x00007ff8f9830800 nmethod 373 0x0000000107090410 code [0x0000000107090640, 0x00000001070912f8]
Event: 0.716 Thread 0x00007ff8f9830800  372       3       jdk.internal.org.objectweb.asm.ByteVector::putByteArray (49 bytes)
Event: 0.717 Thread 0x00007ff8f9830800 nmethod 372 0x00000001070933d0 code [0x0000000107093560, 0x0000000107093898]
Event: 0.718 Thread 0x00007ff8f9821800 nmethod 374 0x0000000107092d10 code [0x0000000107092e60, 0x0000000107093098]

GC Heap History (0 events):
No events

Deoptimization events (3 events):
Event: 0.149 Thread 0x00007ff8fb802800 Uncommon trap: reason=unstable_if action=reinterpret pc=0x0000000106fc9b7c method=java.lang.String.indexOf(II)I @ 49
Event: 0.195 Thread 0x00007ff8fb802800 Uncommon trap: reason=unstable_if action=reinterpret pc=0x0000000106fc97d8 method=java.lang.String.hashCode()I @ 14
Event: 0.367 Thread 0x00007ff8fb802800 Uncommon trap: reason=unstable_if action=reinterpret pc=0x00000001070430c4 method=org.rosuda.JRI.Rengine.<init>([Ljava/lang/String;ZLorg/rosuda/JRI/RMainLoopCallbacks;)V @ 78

Internal exceptions (10 events):
Event: 0.186 Thread 0x00007ff8fb802800 Exception <a 'java/security/PrivilegedActionException'> (0x000000076b14a140) thrown at [/HUDSON3/workspace/8-2-build-macosx-x86_64/jdk8u66/4988/hotspot/src/share/vm/prims/jvm.cpp, line 1386]
Event: 0.186 Thread 0x00007ff8fb802800 Exception <a 'java/security/PrivilegedActionException'> (0x000000076b14b090) thrown at [/HUDSON3/workspace/8-2-build-macosx-x86_64/jdk8u66/4988/hotspot/src/share/vm/prims/jvm.cpp, line 1386]
Event: 0.186 Thread 0x00007ff8fb802800 Exception <a 'java/security/PrivilegedActionException'> (0x000000076b14b2a0) thrown at [/HUDSON3/workspace/8-2-build-macosx-x86_64/jdk8u66/4988/hotspot/src/share/vm/prims/jvm.cpp, line 1386]
Event: 0.186 Thread 0x00007ff8fb802800 Exception <a 'java/security/PrivilegedActionException'> (0x000000076b14c1b8) thrown at [/HUDSON3/workspace/8-2-build-macosx-x86_64/jdk8u66/4988/hotspot/src/share/vm/prims/jvm.cpp, line 1386]
Event: 0.186 Thread 0x00007ff8fb802800 Exception <a 'java/security/PrivilegedActionException'> (0x000000076b14c3c8) thrown at [/HUDSON3/workspace/8-2-build-macosx-x86_64/jdk8u66/4988/hotspot/src/share/vm/prims/jvm.cpp, line 1386]
Event: 0.645 Thread 0x00007ff8fb802800 Exception <a 'java/lang/NoClassDefFoundError': RJavaClassLoader> (0x000000076b236458) thrown at [/HUDSON3/workspace/8-2-build-macosx-x86_64/jdk8u66/4988/hotspot/src/share/vm/classfile/systemDictionary.cpp, line 199]
Event: 0.645 Thread 0x00007ff8fb802800 Exception <a 'java/lang/NoClassDefFoundError': RJavaClassLoader> (0x000000076b240920) thrown at [/HUDSON3/workspace/8-2-build-macosx-x86_64/jdk8u66/4988/hotspot/src/share/vm/classfile/systemDictionary.cpp, line 199]
Event: 0.699 Thread 0x00007ff8fb802800 Exception <a 'java/lang/NoSuchFieldError': method resolution failed> (0x000000076b65ea38) thrown at [/HUDSON3/workspace/8-2-build-macosx-x86_64/jdk8u66/4988/hotspot/src/share/vm/prims/methodHandles.cpp, line 1146]
Event: 0.701 Thread 0x00007ff8fb802800 Exception <a 'java/lang/NoSuchFieldError': method resolution failed> (0x000000076b66bdb8) thrown at [/HUDSON3/workspace/8-2-build-macosx-x86_64/jdk8u66/4988/hotspot/src/share/vm/prims/methodHandles.cpp, line 1146]
Event: 54.325 Thread 0x00007ff8fc790800 Exception <a 'java/lang/StackOverflowError'> (0x000000076b802b78) thrown at [/HUDSON3/workspace/8-2-build-macosx-x86_64/jdk8u66/4988/hotspot/src/share/vm/runtime/javaCalls.cpp, line 386]

Events (10 events):
Event: 0.717 loading class sun/nio/ch/Util$BufferCache
Event: 0.717 loading class sun/nio/ch/Util$BufferCache done
Event: 0.717 loading class java/nio/DirectByteBuffer$Deallocator
Event: 0.717 loading class java/nio/DirectByteBuffer$Deallocator done
Event: 0.718 loading class sun/nio/ch/IOStatus
Event: 0.718 loading class sun/nio/ch/IOStatus done
Event: 4.156 Executing VM operation: EnableBiasedLocking
Event: 4.156 Executing VM operation: EnableBiasedLocking done
Event: 54.325 Thread 0x00007ff8fc790800 Thread added: 0x00007ff8fc790800
Event: 54.325 Thread 0x00007ff8fc790800 Thread exited: 0x00007ff8fc790800


Dynamic libraries:
0x000000000a104000 	/System/Library/Frameworks/Cocoa.framework/Versions/A/Cocoa
0x000000000a104000 	/System/Library/Frameworks/Security.framework/Versions/A/Security
0x000000000a104000 	/System/Library/Frameworks/ApplicationServices.framework/Versions/A/ApplicationServices
0x000000000a104000 	/usr/lib/libz.1.dylib
0x000000000a104000 	/usr/lib/libSystem.B.dylib
0x000000000a104000 	/usr/lib/libobjc.A.dylib
0x000000000a104000 	/System/Library/Frameworks/CoreFoundation.framework/Versions/A/CoreFoundation
0x000000000a104000 	/System/Library/Frameworks/Foundation.framework/Versions/C/Foundation
0x000000000a104000 	/System/Library/Frameworks/AppKit.framework/Versions/C/AppKit
0x000000000a104000 	/System/Library/Frameworks/CoreData.framework/Versions/A/CoreData
0x000000000a104000 	/System/Library/PrivateFrameworks/RemoteViewServices.framework/Versions/A/RemoteViewServices
0x000000000a104000 	/System/Library/PrivateFrameworks/UIFoundation.framework/Versions/A/UIFoundation
0x000000000a104000 	/System/Library/Frameworks/IOSurface.framework/Versions/A/IOSurface
0x000000000a104000 	/System/Library/Frameworks/AudioToolbox.framework/Versions/A/AudioToolbox
0x000000000a104000 	/System/Library/Frameworks/AudioUnit.framework/Versions/A/AudioUnit
0x000000000a104000 	/System/Library/PrivateFrameworks/DataDetectorsCore.framework/Versions/A/DataDetectorsCore
0x000000000a104000 	/System/Library/PrivateFrameworks/DesktopServicesPriv.framework/Versions/A/DesktopServicesPriv
0x000000000a104000 	/System/Library/Frameworks/Carbon.framework/Versions/A/Frameworks/HIToolbox.framework/Versions/A/HIToolbox
0x000000000a104000 	/System/Library/Frameworks/QuartzCore.framework/Versions/A/QuartzCore
0x000000000a104000 	/System/Library/Frameworks/Carbon.framework/Versions/A/Frameworks/SpeechRecognition.framework/Versions/A/SpeechRecognition
0x000000000a104000 	/usr/lib/libauto.dylib
0x000000000a104000 	/usr/lib/libicucore.A.dylib
0x000000000a104000 	/usr/lib/libxml2.2.dylib
0x000000000a104000 	/System/Library/PrivateFrameworks/CoreUI.framework/Versions/A/CoreUI
0x000000000a104000 	/System/Library/Frameworks/CoreAudio.framework/Versions/A/CoreAudio
0x000000000a104000 	/System/Library/Frameworks/DiskArbitration.framework/Versions/A/DiskArbitration
0x000000000a104000 	/usr/lib/liblangid.dylib
0x000000000a104000 	/System/Library/PrivateFrameworks/MultitouchSupport.framework/Versions/A/MultitouchSupport
0x000000000a104000 	/System/Library/Frameworks/IOKit.framework/Versions/A/IOKit
0x000000000a104000 	/usr/lib/libDiagnosticMessagesClient.dylib
0x000000000a104000 	/System/Library/Frameworks/CoreServices.framework/Versions/A/CoreServices
0x000000000a104000 	/System/Library/PrivateFrameworks/PerformanceAnalysis.framework/Versions/A/PerformanceAnalysis
0x000000000a104000 	/System/Library/PrivateFrameworks/GenerationalStorage.framework/Versions/A/GenerationalStorage
0x000000000a104000 	/System/Library/Frameworks/OpenGL.framework/Versions/A/OpenGL
0x000000000a104000 	/System/Library/PrivateFrameworks/Sharing.framework/Versions/A/Sharing
0x000000000a104000 	/System/Library/Frameworks/CoreGraphics.framework/Versions/A/CoreGraphics
0x000000000a104000 	/System/Library/Frameworks/CoreText.framework/Versions/A/CoreText
0x000000000a104000 	/System/Library/Frameworks/ImageIO.framework/Versions/A/ImageIO
0x000000000a104000 	/usr/lib/libextension.dylib
0x000000000a104000 	/System/Library/PrivateFrameworks/Backup.framework/Versions/A/Backup
0x000000000a104000 	/usr/lib/libarchive.2.dylib
0x000000000a104000 	/System/Library/Frameworks/CFNetwork.framework/Versions/A/CFNetwork
0x000000000a104000 	/System/Library/Frameworks/SystemConfiguration.framework/Versions/A/SystemConfiguration
0x000000000a104000 	/usr/lib/libCRFSuite.dylib
0x000000000a104000 	/usr/lib/libc++.1.dylib
0x000000000a104000 	/usr/lib/libc++abi.dylib
0x000000000a104000 	/usr/lib/system/libcache.dylib
0x000000000a104000 	/usr/lib/system/libcommonCrypto.dylib
0x000000000a104000 	/usr/lib/system/libcompiler_rt.dylib
0x000000000a104000 	/usr/lib/system/libcopyfile.dylib
0x000000000a104000 	/usr/lib/system/libcorecrypto.dylib
0x000000000a104000 	/usr/lib/system/libdispatch.dylib
0x000000000a104000 	/usr/lib/system/libdyld.dylib
0x000000000a104000 	/usr/lib/system/libkeymgr.dylib
0x000000000a104000 	/usr/lib/system/liblaunch.dylib
0x000000000a104000 	/usr/lib/system/libmacho.dylib
0x000000000a104000 	/usr/lib/system/libquarantine.dylib
0x000000000a104000 	/usr/lib/system/libremovefile.dylib
0x000000000a104000 	/usr/lib/system/libsystem_asl.dylib
0x000000000a104000 	/usr/lib/system/libsystem_blocks.dylib
0x000000000a104000 	/usr/lib/system/libsystem_c.dylib
0x000000000a104000 	/usr/lib/system/libsystem_configuration.dylib
0x000000000a104000 	/usr/lib/system/libsystem_coreservices.dylib
0x000000000a104000 	/usr/lib/system/libsystem_coretls.dylib
0x000000000a104000 	/usr/lib/system/libsystem_dnssd.dylib
0x000000000a104000 	/usr/lib/system/libsystem_info.dylib
0x000000000a104000 	/usr/lib/system/libsystem_kernel.dylib
0x000000000a104000 	/usr/lib/system/libsystem_m.dylib
0x000000000a104000 	/usr/lib/system/libsystem_malloc.dylib
0x000000000a104000 	/usr/lib/system/libsystem_network.dylib
0x000000000a104000 	/usr/lib/system/libsystem_networkextension.dylib
0x000000000a104000 	/usr/lib/system/libsystem_notify.dylib
0x000000000a104000 	/usr/lib/system/libsystem_platform.dylib
0x000000000a104000 	/usr/lib/system/libsystem_pthread.dylib
0x000000000a104000 	/usr/lib/system/libsystem_sandbox.dylib
0x000000000a104000 	/usr/lib/system/libsystem_secinit.dylib
0x000000000a104000 	/usr/lib/system/libsystem_stats.dylib
0x000000000a104000 	/usr/lib/system/libsystem_trace.dylib
0x000000000a104000 	/usr/lib/system/libunc.dylib
0x000000000a104000 	/usr/lib/system/libunwind.dylib
0x000000000a104000 	/usr/lib/system/libxpc.dylib
0x000000000a104000 	/usr/lib/libbz2.1.0.dylib
0x000000000a104000 	/usr/lib/liblzma.5.dylib
0x000000000a104000 	/usr/lib/libbsm.0.dylib
0x000000000a104000 	/usr/lib/libsqlite3.dylib
0x000000000a104000 	/usr/lib/system/libkxld.dylib
0x000000000a104000 	/usr/lib/libxar.1.dylib
0x000000000a104000 	/usr/lib/libpam.2.dylib
0x000000000a104000 	/usr/lib/libOpenScriptingUtil.dylib
0x000000000a104000 	/System/Library/Frameworks/CoreServices.framework/Versions/A/Frameworks/FSEvents.framework/Versions/A/FSEvents
0x000000000a104000 	/System/Library/Frameworks/CoreServices.framework/Versions/A/Frameworks/CarbonCore.framework/Versions/A/CarbonCore
0x000000000a104000 	/System/Library/Frameworks/CoreServices.framework/Versions/A/Frameworks/Metadata.framework/Versions/A/Metadata
0x000000000a104000 	/System/Library/Frameworks/CoreServices.framework/Versions/A/Frameworks/OSServices.framework/Versions/A/OSServices
0x000000000a104000 	/System/Library/Frameworks/CoreServices.framework/Versions/A/Frameworks/SearchKit.framework/Versions/A/SearchKit
0x000000000a104000 	/System/Library/Frameworks/CoreServices.framework/Versions/A/Frameworks/AE.framework/Versions/A/AE
0x000000000a104000 	/System/Library/Frameworks/CoreServices.framework/Versions/A/Frameworks/LaunchServices.framework/Versions/A/LaunchServices
0x000000000a104000 	/System/Library/Frameworks/CoreServices.framework/Versions/A/Frameworks/DictionaryServices.framework/Versions/A/DictionaryServices
0x000000000a104000 	/System/Library/Frameworks/NetFS.framework/Versions/A/NetFS
0x000000000a104000 	/System/Library/PrivateFrameworks/NetAuth.framework/Versions/A/NetAuth
0x000000000a104000 	/System/Library/PrivateFrameworks/login.framework/Versions/A/Frameworks/loginsupport.framework/Versions/A/loginsupport
0x000000000a104000 	/System/Library/PrivateFrameworks/TCC.framework/Versions/A/TCC
0x000000000a104000 	/usr/lib/libmecabra.dylib
0x000000000a104000 	/System/Library/Frameworks/ApplicationServices.framework/Versions/A/Frameworks/ATS.framework/Versions/A/ATS
0x000000000a104000 	/System/Library/Frameworks/ApplicationServices.framework/Versions/A/Frameworks/ColorSync.framework/Versions/A/ColorSync
0x000000000a104000 	/System/Library/Frameworks/ApplicationServices.framework/Versions/A/Frameworks/HIServices.framework/Versions/A/HIServices
0x000000000a104000 	/System/Library/Frameworks/ApplicationServices.framework/Versions/A/Frameworks/LangAnalysis.framework/Versions/A/LangAnalysis
0x000000000a104000 	/System/Library/Frameworks/ApplicationServices.framework/Versions/A/Frameworks/PrintCore.framework/Versions/A/PrintCore
0x000000000a104000 	/System/Library/Frameworks/ApplicationServices.framework/Versions/A/Frameworks/QD.framework/Versions/A/QD
0x000000000a104000 	/System/Library/Frameworks/ApplicationServices.framework/Versions/A/Frameworks/SpeechSynthesis.framework/Versions/A/SpeechSynthesis
0x000000000a104000 	/System/Library/Frameworks/Accelerate.framework/Versions/A/Accelerate
0x000000000a104000 	/System/Library/Frameworks/Accelerate.framework/Versions/A/Frameworks/vImage.framework/Versions/A/vImage
0x000000000a104000 	/System/Library/Frameworks/Accelerate.framework/Versions/A/Frameworks/vecLib.framework/Versions/A/vecLib
0x000000000a104000 	/System/Library/Frameworks/Accelerate.framework/Versions/A/Frameworks/vecLib.framework/Versions/A/libvDSP.dylib
0x000000000a104000 	/System/Library/Frameworks/Accelerate.framework/Versions/A/Frameworks/vecLib.framework/Versions/A/libvMisc.dylib
0x000000000a104000 	/System/Library/Frameworks/Accelerate.framework/Versions/A/Frameworks/vecLib.framework/Versions/A/libLAPACK.dylib
0x000000000a104000 	/System/Library/Frameworks/Accelerate.framework/Versions/A/Frameworks/vecLib.framework/Versions/A/libBLAS.dylib
0x000000000a104000 	/System/Library/Frameworks/Accelerate.framework/Versions/A/Frameworks/vecLib.framework/Versions/A/libLinearAlgebra.dylib
0x000000000a104000 	/System/Library/Frameworks/ApplicationServices.framework/Versions/A/Frameworks/ATS.framework/Versions/A/Resources/libFontParser.dylib
0x000000000a104000 	/System/Library/Frameworks/ApplicationServices.framework/Versions/A/Frameworks/ATS.framework/Versions/A/Resources/libFontRegistry.dylib
0x000000000a104000 	/System/Library/PrivateFrameworks/AppleVPA.framework/Versions/A/AppleVPA
0x000000000a104000 	/System/Library/PrivateFrameworks/AppleJPEG.framework/Versions/A/AppleJPEG
0x000000000a104000 	/System/Library/Frameworks/ImageIO.framework/Versions/A/Resources/libJPEG.dylib
0x000000000a104000 	/System/Library/Frameworks/ImageIO.framework/Versions/A/Resources/libTIFF.dylib
0x000000000a104000 	/System/Library/Frameworks/ImageIO.framework/Versions/A/Resources/libPng.dylib
0x000000000a104000 	/System/Library/Frameworks/ImageIO.framework/Versions/A/Resources/libGIF.dylib
0x000000000a104000 	/System/Library/Frameworks/ImageIO.framework/Versions/A/Resources/libJP2.dylib
0x000000000a104000 	/System/Library/Frameworks/ImageIO.framework/Versions/A/Resources/libRadiance.dylib
0x000000000a104000 	/System/Library/Frameworks/CoreVideo.framework/Versions/A/CoreVideo
0x000000000a104000 	/System/Library/Frameworks/OpenGL.framework/Versions/A/Libraries/libGLU.dylib
0x000000000a104000 	/System/Library/Frameworks/OpenGL.framework/Versions/A/Libraries/libGFXShared.dylib
0x000000000a104000 	/System/Library/Frameworks/OpenGL.framework/Versions/A/Libraries/libGL.dylib
0x000000000a104000 	/System/Library/Frameworks/OpenGL.framework/Versions/A/Libraries/libGLImage.dylib
0x000000000a104000 	/System/Library/Frameworks/OpenGL.framework/Versions/A/Libraries/libCVMSPluginSupport.dylib
0x000000000a104000 	/System/Library/Frameworks/OpenGL.framework/Versions/A/Libraries/libCoreVMClient.dylib
0x000000000a104000 	/usr/lib/libcups.2.dylib
0x000000000a104000 	/System/Library/Frameworks/Kerberos.framework/Versions/A/Kerberos
0x000000000a104000 	/System/Library/Frameworks/GSS.framework/Versions/A/GSS
0x000000000a104000 	/usr/lib/libresolv.9.dylib
0x000000000a104000 	/usr/lib/libiconv.2.dylib
0x000000000a104000 	/System/Library/PrivateFrameworks/Heimdal.framework/Versions/A/Heimdal
0x000000000a104000 	/usr/lib/libheimdal-asn1.dylib
0x000000000a104000 	/System/Library/Frameworks/OpenDirectory.framework/Versions/A/OpenDirectory
0x000000000a104000 	/System/Library/PrivateFrameworks/CommonAuth.framework/Versions/A/CommonAuth
0x000000000a104000 	/System/Library/Frameworks/OpenDirectory.framework/Versions/A/Frameworks/CFOpenDirectory.framework/Versions/A/CFOpenDirectory
0x000000000a104000 	/System/Library/Frameworks/SecurityFoundation.framework/Versions/A/SecurityFoundation
0x000000000a104000 	/System/Library/PrivateFrameworks/LanguageModeling.framework/Versions/A/LanguageModeling
0x000000000a104000 	/usr/lib/libcmph.dylib
0x000000000a104000 	/System/Library/Frameworks/ServiceManagement.framework/Versions/A/ServiceManagement
0x000000000a104000 	/usr/lib/libxslt.1.dylib
0x000000000a104000 	/System/Library/Frameworks/Carbon.framework/Versions/A/Frameworks/Ink.framework/Versions/A/Ink
0x000000000a104000 	/System/Library/Frameworks/QuartzCore.framework/Versions/A/Frameworks/CoreImage.framework/Versions/A/CoreImage
0x000000000a104000 	/System/Library/PrivateFrameworks/CrashReporterSupport.framework/Versions/A/CrashReporterSupport
0x000000000a104000 	/System/Library/Frameworks/OpenCL.framework/Versions/A/OpenCL
0x000000000a104000 	/System/Library/PrivateFrameworks/FaceCore.framework/Versions/A/FaceCore
0x000000000a104000 	/System/Library/PrivateFrameworks/Ubiquity.framework/Versions/A/Ubiquity
0x000000000a104000 	/System/Library/PrivateFrameworks/IconServices.framework/Versions/A/IconServices
0x000000000a104000 	/System/Library/PrivateFrameworks/ChunkingLibrary.framework/Versions/A/ChunkingLibrary
0x000000000a104000 	/System/Library/PrivateFrameworks/Apple80211.framework/Versions/A/Apple80211
0x000000000a104000 	/System/Library/Frameworks/CoreWLAN.framework/Versions/A/CoreWLAN
0x000000000a104000 	/System/Library/Frameworks/IOBluetooth.framework/Versions/A/IOBluetooth
0x000000000a104000 	/System/Library/PrivateFrameworks/CoreWiFi.framework/Versions/A/CoreWiFi
0x000000000a104000 	/System/Library/Frameworks/CoreBluetooth.framework/Versions/A/CoreBluetooth
0x000000000a104000 	/System/Library/PrivateFrameworks/DebugSymbols.framework/Versions/A/DebugSymbols
0x000000000a104000 	/System/Library/PrivateFrameworks/CoreSymbolication.framework/Versions/A/CoreSymbolication
0x000000000a104000 	/System/Library/PrivateFrameworks/Symbolication.framework/Versions/A/Symbolication
0x000000000a104000 	/System/Library/PrivateFrameworks/SpeechRecognitionCore.framework/Versions/A/SpeechRecognitionCore
0x0000000105e00000 	/Library/Java/JavaVirtualMachines/jdk1.8.0_66.jdk/Contents/Home/jre/lib/server/libjvm.dylib
0x000000000a104000 	/usr/lib/libstdc++.6.dylib
0x0000000104dc7000 	/Library/Java/JavaVirtualMachines/jdk1.8.0_66.jdk/Contents/Home/jre/lib/libverify.dylib
0x0000000106e89000 	/Library/Java/JavaVirtualMachines/jdk1.8.0_66.jdk/Contents/Home/jre/lib/libjava.dylib
0x0000000104ddf000 	/Library/Java/JavaVirtualMachines/jdk1.8.0_66.jdk/Contents/Home/jre/lib/libzip.dylib
0x0000000122a94000 	/System/Library/Frameworks/JavaVM.framework/Frameworks/JavaRuntimeSupport.framework/JavaRuntimeSupport
0x0000000104de9000 	/System/Library/Frameworks/JavaVM.framework/Versions/A/Frameworks/JavaNativeFoundation.framework/Versions/A/JavaNativeFoundation
0x0000000122aaf000 	/System/Library/Frameworks/JavaVM.framework/Versions/A/JavaVM
0x000000000a104000 	/System/Library/Frameworks/Carbon.framework/Versions/A/Carbon
0x0000000122abc000 	/System/Library/PrivateFrameworks/JavaLaunching.framework/Versions/A/JavaLaunching
0x000000000a104000 	/System/Library/Frameworks/Carbon.framework/Versions/A/Frameworks/CommonPanels.framework/Versions/A/CommonPanels
0x000000000a104000 	/System/Library/Frameworks/Carbon.framework/Versions/A/Frameworks/Help.framework/Versions/A/Help
0x000000000a104000 	/System/Library/Frameworks/Carbon.framework/Versions/A/Frameworks/ImageCapture.framework/Versions/A/ImageCapture
0x000000000a104000 	/System/Library/Frameworks/Carbon.framework/Versions/A/Frameworks/OpenScripting.framework/Versions/A/OpenScripting
0x000000000a104000 	/System/Library/Frameworks/Carbon.framework/Versions/A/Frameworks/Print.framework/Versions/A/Print
0x000000000a104000 	/System/Library/Frameworks/Carbon.framework/Versions/A/Frameworks/SecurityHI.framework/Versions/A/SecurityHI
0x00000001253ef000 	/Applications/IntelliJ IDEA 15.app/Contents/bin/libbreakgen64.jnilib
0x00000001254f5000 	/Library/Java/JavaVirtualMachines/jdk1.8.0_66.jdk/Contents/Home/jre/lib/libnet.dylib
0x0000000125554000 	/Library/Frameworks/R.framework/Versions/3.2/Resources/library/rJava/jri/libjri.jnilib
0x0000000125560000 	/Library/Frameworks/R.framework/Versions/3.2/Resources/lib/libR.dylib
0x0000000125979000 	/usr/lib/libpcre.0.dylib
0x00000001259ac000 	/Library/Frameworks/R.framework/Versions/3.2/Resources/lib/libRblas.dylib
0x00000001259dc000 	/Library/Frameworks/R.framework/Versions/3.2/Resources/lib/libgfortran.3.dylib
0x0000000125b47000 	/Library/Frameworks/R.framework/Versions/3.2/Resources/lib/libquadmath.0.dylib
0x0000000125b88000 	/Library/Frameworks/R.framework/Versions/3.2/Resources/lib/libreadline.5.2.dylib
0x0000000125bc6000 	/Library/Frameworks/R.framework/Versions/3.2/Resources/lib/libgcc_s_x86_64.1.dylib
0x000000000a104000 	/usr/lib/libncurses.5.4.dylib
0x00000001260b8000 	/Library/Frameworks/R.framework/Versions/3.2/Resources/library/utils/libs/utils.so
0x00000001260c7000 	/Library/Frameworks/R.framework/Versions/3.2/Resources/library/methods/libs/methods.so
0x000000012647c000 	/Library/Frameworks/R.framework/Versions/3.2/Resources/library/grDevices/libs/grDevices.so
0x0000000126507000 	/Library/Frameworks/R.framework/Versions/3.2/Resources/library/graphics/libs/graphics.so
0x0000000126550000 	/Library/Frameworks/R.framework/Versions/3.2/Resources/library/stats/libs/stats.so
0x000000012660b000 	/Library/Frameworks/R.framework/Versions/3.2/Resources/lib/libRlapack.dylib
0x000000012687c000 	/Library/Frameworks/R.framework/Versions/3.2/Resources/library/rJava/libs/rJava.so
0x00000001268af000 	/Library/Java/JavaVirtualMachines/jdk1.8.0_66.jdk/Contents/Home/jre/lib/libnio.dylib
0x00000001268bf000 	/Library/Frameworks/R.framework/Resources/modules//internet.so
0x000000000a104000 	/usr/lib/libcurl.4.dylib
0x000000000a104000 	/System/Library/Frameworks/LDAP.framework/Versions/A/LDAP
0x000000000a104000 	/usr/lib/libsasl2.2.dylib
0x000000000a104000 	/System/Library/PrivateFrameworks/CoreDaemon.framework/Versions/B/CoreDaemon
0x000000000a104000 	/usr/lib/libcrypto.0.9.8.dylib
0x000000000a104000 	/System/Library/PrivateFrameworks/AppleSRP.framework/Versions/A/AppleSRP
0x000000000a104000 	/System/Library/PrivateFrameworks/TrustEvaluationAgent.framework/Versions/A/TrustEvaluationAgent

VM Arguments:
jvm_args: -Djava.library.path=/Library/Frameworks/R.framework/Versions/3.2/Resources/library/rJava/jri -Didea.launcher.port=7539 -Didea.launcher.bin.path=/Applications/IntelliJ IDEA 15.app/Contents/bin -Dfile.encoding=UTF-8 
java_command: com.intellij.rt.execution.application.AppMain com.ikanow.aleph2.analytics.r.utils.RScriptUtils
java_class_path (initial): /Library/Java/JavaVirtualMachines/jdk1.8.0_66.jdk/Contents/Home/lib/ant-javafx.jar:/Library/Java/JavaVirtualMachines/jdk1.8.0_66.jdk/Contents/Home/lib/dt.jar:/Library/Java/JavaVirtualMachines/jdk1.8.0_66.jdk/Contents/Home/lib/javafx-mx.jar:/Library/Java/JavaVirtualMachines/jdk1.8.0_66.jdk/Contents/Home/lib/jconsole.jar:/Library/Java/JavaVirtualMachines/jdk1.8.0_66.jdk/Contents/Home/lib/packager.jar:/Library/Java/JavaVirtualMachines/jdk1.8.0_66.jdk/Contents/Home/lib/sa-jdi.jar:/Library/Java/JavaVirtualMachines/jdk1.8.0_66.jdk/Contents/Home/lib/tools.jar:/Library/Java/JavaVirtualMachines/jdk1.8.0_66.jdk/Contents/Home/jre/lib/charsets.jar:/Library/Java/JavaVirtualMachines/jdk1.8.0_66.jdk/Contents/Home/jre/lib/deploy.jar:/Library/Java/JavaVirtualMachines/jdk1.8.0_66.jdk/Contents/Home/jre/lib/javaws.jar:/Library/Java/JavaVirtualMachines/jdk1.8.0_66.jdk/Contents/Home/jre/lib/jce.jar:/Library/Java/JavaVirtualMachines/jdk1.8.0_66.jdk/Contents/Home/jre/lib/jfr.jar:/Library/Java/JavaVirtualMachines/jdk1.8.0_66.jdk/Contents/Home/jre/lib/jfxswt.jar:/Library/Java/JavaVirtualMachines/jdk1.8.0_66.jdk/Contents/Home/jre/lib/jsse.jar:/Library/Java/JavaVirtualMachines/jdk1.8.0_66.jdk/Contents/Home/jre/lib/management-agent.jar:/Library/Java/JavaVirtualMachines/jdk1.8.0_66.jdk/Contents/Home/jre/lib/plugin.jar:/Library/Java/JavaVirtualMachines/jdk1.8.0_66.jdk/Contents/Home/jre/lib/resources.jar:/Library/Java/JavaVirtualMachines/jdk1.8.0_66.jdk/Contents/Home/jre/lib/rt.jar:/Library/Java/JavaVirtualMachines/jdk1.8.0_66.jdk/Contents/Home/jre/lib/ext/cldrdata.jar:/Library/Java/JavaVirtualMachines/jdk1.8.0_66.jdk/Contents/Home/jre/lib/ext/dnsns.jar:/Library/Java/JavaVirtualMachines/jdk1.8.0_66.jdk/Contents/Home/jre/lib/ext/jaccess.jar:/Library/Java/JavaVirtualMachines/jdk1.8.0_66.jdk/Contents/Home/jre/lib/ext/jfxrt.jar:/Library/Java/JavaVirtualMachines/jdk1.8.0_66.jdk/Contents/Home/jre/lib/ext/localedata.jar:/Library/Java/JavaVirtualMachines/jdk1.8.0_66.jdk/Conten
Launcher Type: SUN_STANDARD

Environment Variables:
JAVA_HOME=/Library/Java/JavaVirtualMachines/jdk1.8.0_66.jdk/Contents/Home
PATH=/opt/local/bin:/opt/local/sbin:/Library/Frameworks/Python.framework/Versions/2.7/bin:/usr/local/bin:/usr/bin:/bin:/usr/sbin:/sbin:/Users/shawnkyzer/Downloads/spark-1.5.2/bin
LD_LIBRARY_PATH=:@JAVA_LD@
SHELL=/bin/bash

Signal Handlers:
SIGSEGV: [libjvm.dylib+0x5a65d5], sa_mask[0]=11111111011111110111111111111111, sa_flags=SA_ONSTACK|SA_RESTART|SA_SIGINFO
SIGBUS: [libjvm.dylib+0x5a65d5], sa_mask[0]=11111111011111110111111111111111, sa_flags=SA_RESTART|SA_SIGINFO
SIGFPE: [libjvm.dylib+0x4802e8], sa_mask[0]=11111111011111110111111111111111, sa_flags=SA_RESTART|SA_SIGINFO
SIGPIPE: [libjvm.dylib+0x4802e8], sa_mask[0]=11111111011111110111111111111111, sa_flags=SA_RESTART|SA_SIGINFO
SIGXFSZ: [libjvm.dylib+0x4802e8], sa_mask[0]=11111111011111110111111111111111, sa_flags=SA_RESTART|SA_SIGINFO
SIGILL: [libjvm.dylib+0x4802e8], sa_mask[0]=11111111011111110111111111111111, sa_flags=SA_RESTART|SA_SIGINFO
SIGUSR1: SIG_DFL, sa_mask[0]=00000000000000000000000000000000, sa_flags=none
SIGUSR2: [libjvm.dylib+0x47fe06], sa_mask[0]=00100000000000000000000000000000, sa_flags=SA_RESTART|SA_SIGINFO
SIGHUP: [libjvm.dylib+0x47e3dd], sa_mask[0]=11111111011111110111111111111111, sa_flags=SA_RESTART|SA_SIGINFO
SIGINT: [libjvm.dylib+0x47e3dd], sa_mask[0]=00000000000000000000000000000000, sa_flags=SA_RESTART
SIGTERM: [libjvm.dylib+0x47e3dd], sa_mask[0]=11111111011111110111111111111111, sa_flags=SA_RESTART|SA_SIGINFO
SIGQUIT: [libjvm.dylib+0x47e3dd], sa_mask[0]=11111111011111110111111111111111, sa_flags=SA_RESTART|SA_SIGINFO


---------------  S Y S T E M  ---------------

OS:Bsduname:Darwin 14.4.0 Darwin Kernel Version 14.4.0: Thu May 28 11:35:04 PDT 2015; root:xnu-2782.30.5~1/RELEASE_X86_64 x86_64
rlimit: STACK 8192k, CORE 0k, NPROC 709, NOFILE 10240, AS infinity
load average:2.88 2.99 3.11

CPU:total 8 (4 cores per cpu, 2 threads per core) family 6 model 70 stepping 1, cmov, cx8, fxsr, mmx, sse, sse2, sse3, ssse3, sse4.1, sse4.2, popcnt, avx, avx2, aes, clmul, erms, lzcnt, ht, tsc, tscinvbit, bmi1, bmi2

Memory: 4k page, physical 16777216k(1565268k free)

/proc/meminfo:


vm_info: Java HotSpot(TM) 64-Bit Server VM (25.66-b17) for bsd-amd64 JRE (1.8.0_66-b17), built on Oct  6 2015 16:09:13 by "java_re" with gcc 4.2.1 (Based on Apple Inc. build 5658) (LLVM build 2336.11.00)

time: Fri Dec 11 10:59:46 2015
elapsed time: 54 seconds (0d 0h 0m 54s)

