#
# A fatal error has been detected by the Java Runtime Environment:
#
#  SIGSEGV (0xb) at pc=0x00000001220ba7d4, pid=9661, tid=4867
#
# JRE version: Java(TM) SE Runtime Environment (8.0_66-b17) (build 1.8.0_66-b17)
# Java VM: Java HotSpot(TM) 64-Bit Server VM (25.66-b17 mixed mode bsd-amd64 compressed oops)
# Problematic frame:
# C  [libR.dylib+0x13a7d4]  TYPEOF+0x4
#
# Failed to write core dump. Core dumps have been disabled. To enable core dumping, try "ulimit -c unlimited" before starting Java again
#
# If you would like to submit a bug report, please visit:
#   http://bugreport.java.com/bugreport/crash.jsp
# The crash happened outside the Java Virtual Machine in native code.
# See problematic frame for where to report the bug.
#

---------------  T H R E A D  ---------------

Current thread (0x00007fb5a5001800):  JavaThread "main" [_thread_in_native, id=4867, stack(0x0000000103787000,0x0000000103887000)]

siginfo: si_signo: 11 (SIGSEGV), si_code: 1 (SEGV_MAPERR), si_addr: 0x0000000000000000

Registers:
RAX=0x0000000121f75c00, RBX=0x0000000000000000, RCX=0x0000000103014310, RDX=0x0000000000000000
RSP=0x0000000103886810, RBP=0x0000000103886810, RSI=0x00000001038868e0, RDI=0x0000000000000000
R8 =0x00000001038e9ee7, R9 =0x00000000fffffff0, R10=0x00000001038a6f82, R11=0x0000000102cdbd77
R12=0x0000000000000000, R13=0x000000011ce0d620, R14=0x00000001038868e0, R15=0x00007fb5a5001800
RIP=0x00000001220ba7d4, EFLAGS=0x0000000000010212, ERR=0x0000000000000004
  TRAPNO=0x000000000000000e

Top of Stack: (sp=0x0000000103886810)
0x0000000103886810:   0000000103886830 0000000121f75c11
0x0000000103886820:   0000000121f75c00 000000011ce0d620
0x0000000103886830:   00000001038868b0 00000001038a6fae
0x0000000103886840:   000000011ce0d620 00000001038868e0
0x0000000103886850:   00000001038868b0 00000001038a6859
0x0000000103886860:   0000000000000001 000000076b2b54c0
0x0000000103886870:   0000000103886860 000000011ce0d620
0x0000000103886880:   00000001038868e0 000000011ce0f228
0x0000000103886890:   0000000000000000 000000011ce0d620
0x00000001038868a0:   0000000000000000 00000001038868d0
0x00000001038868b0:   0000000103886928 0000000103890a50
0x00000001038868c0:   0000000000000000 000000010389c7db
0x00000001038868d0:   0000000000000000 000000076b5c8748
0x00000001038868e0:   000000076b2b54c0 00000001038868e8
0x00000001038868f0:   000000011ce08a98 0000000103886948
0x0000000103886900:   000000011ce09128 0000000000000000
0x0000000103886910:   000000011ce08ae0 00000001038868d0
0x0000000103886920:   0000000103886948 00000001038869b0
0x0000000103886930:   00000001038897a7 0000000000000000
0x0000000103886940:   000000076b5c8778 000000076b5c5fa0
0x0000000103886950:   0000000100001fa0 000000000000000a
0x0000000103886960:   00007fb5a5001800 0000000000000001
0x0000000103886970:   000000010388971f 000000011ce08ae0
0x0000000103886980:   0000000103886a48 0000000103886dd0
0x0000000103886990:   000000010000000a 000000011ce08ae0
0x00000001038869a0:   000000010389ec40 0000000103886b88
0x00000001038869b0:   0000000103886b60 0000000102aea35e
0x00000001038869c0:   0000000000000001 00007fb5a5001800
0x00000001038869d0:   0000000000000000 0000000103886dd0
0x00000001038869e0:   0000000000000000 000000010389ec40
0x00000001038869f0:   0000000000000000 0000000103886b80
0x0000000103886a00:   0000000103886dc8 00007fb5a5001800 

Instructions: (pc=0x00000001220ba7d4)
0x00000001220ba7b4:   8b 07 c1 e8 05 83 e0 01 5d c3 66 90 55 48 89 e5
0x00000001220ba7c4:   0f b6 47 03 83 e0 01 5d c3 0f 1f 00 55 48 89 e5
0x00000001220ba7d4:   8b 07 83 e0 1f 5d c3 0f 1f 44 00 00 55 48 89 e5
0x00000001220ba7e4:   8b 07 c1 e8 06 83 e0 03 5d c3 66 90 55 48 89 e5 

Register to memory mapping:

RAX=0x0000000121f75c00: Java_org_rosuda_JRI_Rengine_rniXrefToJava+0 in /Library/Frameworks/R.framework/Versions/3.2/Resources/library/rJava/jri/libjri.jnilib at 0x0000000121f74000
RBX=0x0000000000000000 is an unknown value
RCX=0x0000000103014310: UseMembar+0 in /Library/Java/JavaVirtualMachines/jdk1.8.0_66.jdk/Contents/Home/jre/lib/server/libjvm.dylib at 0x0000000102800000
RDX=0x0000000000000000 is an unknown value
RSP=0x0000000103886810 is pointing into the stack for thread: 0x00007fb5a5001800
RBP=0x0000000103886810 is pointing into the stack for thread: 0x00007fb5a5001800
RSI=0x00000001038868e0 is pointing into the stack for thread: 0x00007fb5a5001800
RDI=0x0000000000000000 is an unknown value
R8 =0x00000001038e9ee7 is at code_begin+7 in 
[CodeBlob (0x00000001038e9e90)]
Framesize: 0
BufferBlob (0x00000001038e9e90) used for Signature Handler Temp Buffer
R9 =0x00000000fffffff0 is an unknown value
R10=0x00000001038a6f82 is at code_begin+2050 in an Interpreter codelet
method entry point (kind = native_synchronized)  [0x00000001038a6780, 0x00000001038a78a0]  4384 bytes
R11=0x0000000102cdbd77: throw_unsatisfied_link_error+0 in /Library/Java/JavaVirtualMachines/jdk1.8.0_66.jdk/Contents/Home/jre/lib/server/libjvm.dylib at 0x0000000102800000
R12=0x0000000000000000 is an unknown value
R13={method} {0x000000011ce0d620} 'rniXrefToJava' '(J)Ljava/lang/Object;' in 'org/rosuda/JRI/Rengine'
R14=0x00000001038868e0 is pointing into the stack for thread: 0x00007fb5a5001800
R15=0x00007fb5a5001800 is a thread


Stack: [0x0000000103787000,0x0000000103887000],  sp=0x0000000103886810,  free space=1022k
Native frames: (J=compiled Java code, j=interpreted, Vv=VM code, C=native code)
C  [libR.dylib+0x13a7d4]  TYPEOF+0x4
C  [libjri.jnilib+0x1c11]  Java_org_rosuda_JRI_Rengine_rniXrefToJava+0x11
j  org.rosuda.JRI.Rengine.rniXrefToJava(J)Ljava/lang/Object;+0
j  com.ikanow.aleph2.analytics.r.utils.RScriptUtils.main([Ljava/lang/String;)V+16
v  ~StubRoutines::call_stub
V  [libjvm.dylib+0x2ea35e]
V  [libjvm.dylib+0x3210d0]
V  [libjvm.dylib+0x319e4a]
C  [java+0x393e]  JavaMain+0x9b1
C  [libsystem_pthread.dylib+0x3268]  _pthread_body+0x83
C  [libsystem_pthread.dylib+0x31e5]  _pthread_body+0x0
C  [libsystem_pthread.dylib+0x141d]  thread_start+0xd
C  0x0000000000000000

Java frames: (J=compiled Java code, j=interpreted, Vv=VM code)
j  org.rosuda.JRI.Rengine.rniXrefToJava(J)Ljava/lang/Object;+0
j  com.ikanow.aleph2.analytics.r.utils.RScriptUtils.main([Ljava/lang/String;)V+16
v  ~StubRoutines::call_stub

---------------  P R O C E S S  ---------------

Java Threads: ( => current thread )
  0x00007fb5a2140000 JavaThread "Thread-0" [_thread_blocked, id=23299, stack(0x0000000122606000,0x0000000122706000)]
  0x00007fb5a6001000 JavaThread "Service Thread" daemon [_thread_blocked, id=22275, stack(0x00000001215a0000,0x00000001216a0000)]
  0x00007fb5a281e800 JavaThread "C1 CompilerThread3" daemon [_thread_blocked, id=21763, stack(0x000000012149d000,0x000000012159d000)]
  0x00007fb5a400e800 JavaThread "C2 CompilerThread2" daemon [_thread_blocked, id=21251, stack(0x000000012139a000,0x000000012149a000)]
  0x00007fb5a2815800 JavaThread "C2 CompilerThread1" daemon [_thread_blocked, id=20739, stack(0x0000000121297000,0x0000000121397000)]
  0x00007fb5a6005000 JavaThread "C2 CompilerThread0" daemon [_thread_blocked, id=20227, stack(0x0000000121194000,0x0000000121294000)]
  0x00007fb5a2800800 JavaThread "JDWP Command Reader" daemon [_thread_in_native, id=19715, stack(0x0000000121091000,0x0000000121191000)]
  0x00007fb5a3001000 JavaThread "JDWP Event Helper Thread" daemon [_thread_blocked, id=19203, stack(0x0000000120f8e000,0x000000012108e000)]
  0x00007fb5a400e000 JavaThread "JDWP Transport Listener: dt_socket" daemon [_thread_blocked, id=18691, stack(0x0000000120e8b000,0x0000000120f8b000)]
  0x00007fb5a5018000 JavaThread "Signal Dispatcher" daemon [_thread_blocked, id=15379, stack(0x0000000120d81000,0x0000000120e81000)]
  0x00007fb5a5010000 JavaThread "Finalizer" daemon [_thread_blocked, id=13571, stack(0x000000011f35d000,0x000000011f45d000)]
  0x00007fb5a500f800 JavaThread "Reference Handler" daemon [_thread_blocked, id=13059, stack(0x000000011f25a000,0x000000011f35a000)]
=>0x00007fb5a5001800 JavaThread "main" [_thread_in_native, id=4867, stack(0x0000000103787000,0x0000000103887000)]

Other Threads:
  0x00007fb5a500c800 VMThread [stack: 0x000000011f157000,0x000000011f257000] [id=12547]
  0x00007fb5a582a800 WatcherThread [stack: 0x00000001216a3000,0x00000001217a3000] [id=22787]

VM state:not at safepoint (normal execution)

VM Mutex/Monitor currently owned by a thread: None

Heap:
 PSYoungGen      total 76288K, used 11796K [0x000000076ab00000, 0x0000000770000000, 0x00000007c0000000)
  eden space 65536K, 18% used [0x000000076ab00000,0x000000076b685338,0x000000076eb00000)
  from space 10752K, 0% used [0x000000076f580000,0x000000076f580000,0x0000000770000000)
  to   space 10752K, 0% used [0x000000076eb00000,0x000000076eb00000,0x000000076f580000)
 ParOldGen       total 175104K, used 0K [0x00000006c0000000, 0x00000006cab00000, 0x000000076ab00000)
  object space 175104K, 0% used [0x00000006c0000000,0x00000006c0000000,0x00000006cab00000)
 Metaspace       used 3059K, capacity 4682K, committed 4864K, reserved 1056768K
  class space    used 319K, capacity 426K, committed 512K, reserved 1048576K

Card table byte_map: [0x0000000112c49000,0x000000011344a000] byte_map_base: 0x000000010f649000

Marking Bits: (ParMarkBitMap*) 0x00000001030dde20
 Begin Bits: [0x00000001141b8000, 0x00000001181b8000)
 End Bits:   [0x00000001181b8000, 0x000000011c1b8000)

Polling page: 0x0000000101795000

CodeCache: size=245760Kb used=1585Kb max_used=1585Kb free=244174Kb
 bounds [0x0000000103889000, 0x0000000103af9000, 0x0000000112889000]
 total_blobs=454 nmethods=228 adapters=148
 compilation: enabled

Compilation events (10 events):
Event: 0.803 Thread 0x00007fb5a281e800  223       3       java.lang.StringBuilder::append (8 bytes)
Event: 0.803 Thread 0x00007fb5a281e800 nmethod 223 0x0000000103a13410 code [0x0000000103a135a0, 0x0000000103a13928]
Event: 0.804 Thread 0x00007fb5a281e800  224       3       java.lang.String::replace (127 bytes)
Event: 0.805 Thread 0x00007fb5a281e800 nmethod 224 0x0000000103a13b10 code [0x0000000103a13cc0, 0x0000000103a14370]
Event: 0.807 Thread 0x00007fb5a281e800  225       3       java.util.concurrent.ConcurrentHashMap::setTabAt (19 bytes)
Event: 0.807 Thread 0x00007fb5a281e800 nmethod 225 0x0000000103a14ad0 code [0x0000000103a14c20, 0x0000000103a14d90]
Event: 0.808 Thread 0x00007fb5a281e800  227       3       java.lang.String::lastIndexOf (151 bytes)
Event: 0.808 Thread 0x00007fb5a281e800 nmethod 227 0x0000000103a14e10 code [0x0000000103a14fc0, 0x0000000103a15530]
Event: 0.812 Thread 0x00007fb5a281e800  228       1       java.nio.Buffer::limit (5 bytes)
Event: 0.812 Thread 0x00007fb5a281e800 nmethod 228 0x0000000103a08810 code [0x0000000103a08960, 0x0000000103a08a70]

GC Heap History (0 events):
No events

Deoptimization events (3 events):
Event: 0.153 Thread 0x00007fb5a5001800 Uncommon trap: reason=unstable_if action=reinterpret pc=0x00000001039944a8 method=java.lang.String.hashCode()I @ 14
Event: 0.186 Thread 0x00007fb5a5001800 Uncommon trap: reason=unstable_if action=reinterpret pc=0x000000010399e1e0 method=java.lang.String.indexOf(II)I @ 49
Event: 0.423 Thread 0x00007fb5a5001800 Uncommon trap: reason=unstable_if action=reinterpret pc=0x0000000103a03ce4 method=org.rosuda.JRI.Rengine.<init>([Ljava/lang/String;ZLorg/rosuda/JRI/RMainLoopCallbacks;)V @ 78

Internal exceptions (10 events):
Event: 0.768 Thread 0x00007fb5a5001800 Exception <a 'java/security/PrivilegedActionException'> (0x000000076b33ee20) thrown at [/HUDSON3/workspace/8-2-build-macosx-x86_64/jdk8u66/4988/hotspot/src/share/vm/prims/jvm.cpp, line 1386]
Event: 0.768 Thread 0x00007fb5a5001800 Exception <a 'java/security/PrivilegedActionException'> (0x000000076b33f030) thrown at [/HUDSON3/workspace/8-2-build-macosx-x86_64/jdk8u66/4988/hotspot/src/share/vm/prims/jvm.cpp, line 1386]
Event: 0.768 Thread 0x00007fb5a5001800 Exception <a 'java/security/PrivilegedActionException'> (0x000000076b33fe00) thrown at [/HUDSON3/workspace/8-2-build-macosx-x86_64/jdk8u66/4988/hotspot/src/share/vm/prims/jvm.cpp, line 1386]
Event: 0.768 Thread 0x00007fb5a5001800 Exception <a 'java/security/PrivilegedActionException'> (0x000000076b340010) thrown at [/HUDSON3/workspace/8-2-build-macosx-x86_64/jdk8u66/4988/hotspot/src/share/vm/prims/jvm.cpp, line 1386]
Event: 0.768 Thread 0x00007fb5a5001800 Exception <a 'java/security/PrivilegedActionException'> (0x000000076b340e38) thrown at [/HUDSON3/workspace/8-2-build-macosx-x86_64/jdk8u66/4988/hotspot/src/share/vm/prims/jvm.cpp, line 1386]
Event: 0.768 Thread 0x00007fb5a5001800 Exception <a 'java/security/PrivilegedActionException'> (0x000000076b341048) thrown at [/HUDSON3/workspace/8-2-build-macosx-x86_64/jdk8u66/4988/hotspot/src/share/vm/prims/jvm.cpp, line 1386]
Event: 0.768 Thread 0x00007fb5a5001800 Exception <a 'java/security/PrivilegedActionException'> (0x000000076b341e18) thrown at [/HUDSON3/workspace/8-2-build-macosx-x86_64/jdk8u66/4988/hotspot/src/share/vm/prims/jvm.cpp, line 1386]
Event: 0.768 Thread 0x00007fb5a5001800 Exception <a 'java/security/PrivilegedActionException'> (0x000000076b342028) thrown at [/HUDSON3/workspace/8-2-build-macosx-x86_64/jdk8u66/4988/hotspot/src/share/vm/prims/jvm.cpp, line 1386]
Event: 0.783 Thread 0x00007fb5a5001800 Exception <a 'java/lang/NoClassDefFoundError': RJavaClassLoader> (0x000000076b3b39b0) thrown at [/HUDSON3/workspace/8-2-build-macosx-x86_64/jdk8u66/4988/hotspot/src/share/vm/classfile/systemDictionary.cpp, line 199]
Event: 0.784 Thread 0x00007fb5a5001800 Exception <a 'java/lang/NoClassDefFoundError': RJavaClassLoader> (0x000000076b3bf578) thrown at [/HUDSON3/workspace/8-2-build-macosx-x86_64/jdk8u66/4988/hotspot/src/share/vm/classfile/systemDictionary.cpp, line 199]

Events (10 events):
Event: 0.806 loading class java/lang/NoSuchFieldException
Event: 0.806 loading class java/lang/NoSuchFieldException done
Event: 0.807 loading class java/lang/reflect/InvocationTargetException
Event: 0.807 loading class java/lang/reflect/InvocationTargetException done
Event: 0.807 loading class java/lang/NoSuchMethodException
Event: 0.807 loading class java/lang/NoSuchMethodException done
Event: 0.808 loading class RJavaImport
Event: 0.808 loading class RJavaImport done
Event: 0.809 loading class org/rosuda/JRI/REXP
Event: 0.809 loading class org/rosuda/JRI/REXP done


Dynamic libraries:
0x000000000a104000 	/System/Library/Frameworks/Cocoa.framework/Versions/A/Cocoa
0x000000000a104000 	/System/Library/Frameworks/Security.framework/Versions/A/Security
0x000000000a104000 	/System/Library/Frameworks/ApplicationServices.framework/Versions/A/ApplicationServices
0x000000000a104000 	/usr/lib/libz.1.dylib
0x000000000a104000 	/usr/lib/libSystem.B.dylib
0x000000000a104000 	/usr/lib/libobjc.A.dylib
0x000000000a104000 	/System/Library/Frameworks/CoreFoundation.framework/Versions/A/CoreFoundation
0x000000000a104000 	/System/Library/Frameworks/Foundation.framework/Versions/C/Foundation
0x000000000a104000 	/System/Library/Frameworks/AppKit.framework/Versions/C/AppKit
0x000000000a104000 	/System/Library/Frameworks/CoreData.framework/Versions/A/CoreData
0x000000000a104000 	/System/Library/PrivateFrameworks/RemoteViewServices.framework/Versions/A/RemoteViewServices
0x000000000a104000 	/System/Library/PrivateFrameworks/UIFoundation.framework/Versions/A/UIFoundation
0x000000000a104000 	/System/Library/Frameworks/IOSurface.framework/Versions/A/IOSurface
0x000000000a104000 	/System/Library/Frameworks/AudioToolbox.framework/Versions/A/AudioToolbox
0x000000000a104000 	/System/Library/Frameworks/AudioUnit.framework/Versions/A/AudioUnit
0x000000000a104000 	/System/Library/PrivateFrameworks/DataDetectorsCore.framework/Versions/A/DataDetectorsCore
0x000000000a104000 	/System/Library/PrivateFrameworks/DesktopServicesPriv.framework/Versions/A/DesktopServicesPriv
0x000000000a104000 	/System/Library/Frameworks/Carbon.framework/Versions/A/Frameworks/HIToolbox.framework/Versions/A/HIToolbox
0x000000000a104000 	/System/Library/Frameworks/QuartzCore.framework/Versions/A/QuartzCore
0x000000000a104000 	/System/Library/Frameworks/Carbon.framework/Versions/A/Frameworks/SpeechRecognition.framework/Versions/A/SpeechRecognition
0x000000000a104000 	/usr/lib/libauto.dylib
0x000000000a104000 	/usr/lib/libicucore.A.dylib
0x000000000a104000 	/usr/lib/libxml2.2.dylib
0x000000000a104000 	/System/Library/PrivateFrameworks/CoreUI.framework/Versions/A/CoreUI
0x000000000a104000 	/System/Library/Frameworks/CoreAudio.framework/Versions/A/CoreAudio
0x000000000a104000 	/System/Library/Frameworks/DiskArbitration.framework/Versions/A/DiskArbitration
0x000000000a104000 	/usr/lib/liblangid.dylib
0x000000000a104000 	/System/Library/PrivateFrameworks/MultitouchSupport.framework/Versions/A/MultitouchSupport
0x000000000a104000 	/System/Library/Frameworks/IOKit.framework/Versions/A/IOKit
0x000000000a104000 	/usr/lib/libDiagnosticMessagesClient.dylib
0x000000000a104000 	/System/Library/Frameworks/CoreServices.framework/Versions/A/CoreServices
0x000000000a104000 	/System/Library/PrivateFrameworks/PerformanceAnalysis.framework/Versions/A/PerformanceAnalysis
0x000000000a104000 	/System/Library/PrivateFrameworks/GenerationalStorage.framework/Versions/A/GenerationalStorage
0x000000000a104000 	/System/Library/Frameworks/OpenGL.framework/Versions/A/OpenGL
0x000000000a104000 	/System/Library/PrivateFrameworks/Sharing.framework/Versions/A/Sharing
0x000000000a104000 	/System/Library/Frameworks/CoreGraphics.framework/Versions/A/CoreGraphics
0x000000000a104000 	/System/Library/Frameworks/CoreText.framework/Versions/A/CoreText
0x000000000a104000 	/System/Library/Frameworks/ImageIO.framework/Versions/A/ImageIO
0x000000000a104000 	/usr/lib/libextension.dylib
0x000000000a104000 	/System/Library/PrivateFrameworks/Backup.framework/Versions/A/Backup
0x000000000a104000 	/usr/lib/libarchive.2.dylib
0x000000000a104000 	/System/Library/Frameworks/CFNetwork.framework/Versions/A/CFNetwork
0x000000000a104000 	/System/Library/Frameworks/SystemConfiguration.framework/Versions/A/SystemConfiguration
0x000000000a104000 	/usr/lib/libCRFSuite.dylib
0x000000000a104000 	/usr/lib/libc++.1.dylib
0x000000000a104000 	/usr/lib/libc++abi.dylib
0x000000000a104000 	/usr/lib/system/libcache.dylib
0x000000000a104000 	/usr/lib/system/libcommonCrypto.dylib
0x000000000a104000 	/usr/lib/system/libcompiler_rt.dylib
0x000000000a104000 	/usr/lib/system/libcopyfile.dylib
0x000000000a104000 	/usr/lib/system/libcorecrypto.dylib
0x000000000a104000 	/usr/lib/system/libdispatch.dylib
0x000000000a104000 	/usr/lib/system/libdyld.dylib
0x000000000a104000 	/usr/lib/system/libkeymgr.dylib
0x000000000a104000 	/usr/lib/system/liblaunch.dylib
0x000000000a104000 	/usr/lib/system/libmacho.dylib
0x000000000a104000 	/usr/lib/system/libquarantine.dylib
0x000000000a104000 	/usr/lib/system/libremovefile.dylib
0x000000000a104000 	/usr/lib/system/libsystem_asl.dylib
0x000000000a104000 	/usr/lib/system/libsystem_blocks.dylib
0x000000000a104000 	/usr/lib/system/libsystem_c.dylib
0x000000000a104000 	/usr/lib/system/libsystem_configuration.dylib
0x000000000a104000 	/usr/lib/system/libsystem_coreservices.dylib
0x000000000a104000 	/usr/lib/system/libsystem_coretls.dylib
0x000000000a104000 	/usr/lib/system/libsystem_dnssd.dylib
0x000000000a104000 	/usr/lib/system/libsystem_info.dylib
0x000000000a104000 	/usr/lib/system/libsystem_kernel.dylib
0x000000000a104000 	/usr/lib/system/libsystem_m.dylib
0x000000000a104000 	/usr/lib/system/libsystem_malloc.dylib
0x000000000a104000 	/usr/lib/system/libsystem_network.dylib
0x000000000a104000 	/usr/lib/system/libsystem_networkextension.dylib
0x000000000a104000 	/usr/lib/system/libsystem_notify.dylib
0x000000000a104000 	/usr/lib/system/libsystem_platform.dylib
0x000000000a104000 	/usr/lib/system/libsystem_pthread.dylib
0x000000000a104000 	/usr/lib/system/libsystem_sandbox.dylib
0x000000000a104000 	/usr/lib/system/libsystem_secinit.dylib
0x000000000a104000 	/usr/lib/system/libsystem_stats.dylib
0x000000000a104000 	/usr/lib/system/libsystem_trace.dylib
0x000000000a104000 	/usr/lib/system/libunc.dylib
0x000000000a104000 	/usr/lib/system/libunwind.dylib
0x000000000a104000 	/usr/lib/system/libxpc.dylib
0x000000000a104000 	/usr/lib/libbz2.1.0.dylib
0x000000000a104000 	/usr/lib/liblzma.5.dylib
0x000000000a104000 	/usr/lib/libbsm.0.dylib
0x000000000a104000 	/usr/lib/libsqlite3.dylib
0x000000000a104000 	/usr/lib/system/libkxld.dylib
0x000000000a104000 	/usr/lib/libxar.1.dylib
0x000000000a104000 	/usr/lib/libpam.2.dylib
0x000000000a104000 	/usr/lib/libOpenScriptingUtil.dylib
0x000000000a104000 	/System/Library/Frameworks/CoreServices.framework/Versions/A/Frameworks/FSEvents.framework/Versions/A/FSEvents
0x000000000a104000 	/System/Library/Frameworks/CoreServices.framework/Versions/A/Frameworks/CarbonCore.framework/Versions/A/CarbonCore
0x000000000a104000 	/System/Library/Frameworks/CoreServices.framework/Versions/A/Frameworks/Metadata.framework/Versions/A/Metadata
0x000000000a104000 	/System/Library/Frameworks/CoreServices.framework/Versions/A/Frameworks/OSServices.framework/Versions/A/OSServices
0x000000000a104000 	/System/Library/Frameworks/CoreServices.framework/Versions/A/Frameworks/SearchKit.framework/Versions/A/SearchKit
0x000000000a104000 	/System/Library/Frameworks/CoreServices.framework/Versions/A/Frameworks/AE.framework/Versions/A/AE
0x000000000a104000 	/System/Library/Frameworks/CoreServices.framework/Versions/A/Frameworks/LaunchServices.framework/Versions/A/LaunchServices
0x000000000a104000 	/System/Library/Frameworks/CoreServices.framework/Versions/A/Frameworks/DictionaryServices.framework/Versions/A/DictionaryServices
0x000000000a104000 	/System/Library/Frameworks/NetFS.framework/Versions/A/NetFS
0x000000000a104000 	/System/Library/PrivateFrameworks/NetAuth.framework/Versions/A/NetAuth
0x000000000a104000 	/System/Library/PrivateFrameworks/login.framework/Versions/A/Frameworks/loginsupport.framework/Versions/A/loginsupport
0x000000000a104000 	/System/Library/PrivateFrameworks/TCC.framework/Versions/A/TCC
0x000000000a104000 	/usr/lib/libmecabra.dylib
0x000000000a104000 	/System/Library/Frameworks/ApplicationServices.framework/Versions/A/Frameworks/ATS.framework/Versions/A/ATS
0x000000000a104000 	/System/Library/Frameworks/ApplicationServices.framework/Versions/A/Frameworks/ColorSync.framework/Versions/A/ColorSync
0x000000000a104000 	/System/Library/Frameworks/ApplicationServices.framework/Versions/A/Frameworks/HIServices.framework/Versions/A/HIServices
0x000000000a104000 	/System/Library/Frameworks/ApplicationServices.framework/Versions/A/Frameworks/LangAnalysis.framework/Versions/A/LangAnalysis
0x000000000a104000 	/System/Library/Frameworks/ApplicationServices.framework/Versions/A/Frameworks/PrintCore.framework/Versions/A/PrintCore
0x000000000a104000 	/System/Library/Frameworks/ApplicationServices.framework/Versions/A/Frameworks/QD.framework/Versions/A/QD
0x000000000a104000 	/System/Library/Frameworks/ApplicationServices.framework/Versions/A/Frameworks/SpeechSynthesis.framework/Versions/A/SpeechSynthesis
0x000000000a104000 	/System/Library/Frameworks/Accelerate.framework/Versions/A/Accelerate
0x000000000a104000 	/System/Library/Frameworks/Accelerate.framework/Versions/A/Frameworks/vImage.framework/Versions/A/vImage
0x000000000a104000 	/System/Library/Frameworks/Accelerate.framework/Versions/A/Frameworks/vecLib.framework/Versions/A/vecLib
0x000000000a104000 	/System/Library/Frameworks/Accelerate.framework/Versions/A/Frameworks/vecLib.framework/Versions/A/libvDSP.dylib
0x000000000a104000 	/System/Library/Frameworks/Accelerate.framework/Versions/A/Frameworks/vecLib.framework/Versions/A/libvMisc.dylib
0x000000000a104000 	/System/Library/Frameworks/Accelerate.framework/Versions/A/Frameworks/vecLib.framework/Versions/A/libLAPACK.dylib
0x000000000a104000 	/System/Library/Frameworks/Accelerate.framework/Versions/A/Frameworks/vecLib.framework/Versions/A/libBLAS.dylib
0x000000000a104000 	/System/Library/Frameworks/Accelerate.framework/Versions/A/Frameworks/vecLib.framework/Versions/A/libLinearAlgebra.dylib
0x000000000a104000 	/System/Library/Frameworks/ApplicationServices.framework/Versions/A/Frameworks/ATS.framework/Versions/A/Resources/libFontParser.dylib
0x000000000a104000 	/System/Library/Frameworks/ApplicationServices.framework/Versions/A/Frameworks/ATS.framework/Versions/A/Resources/libFontRegistry.dylib
0x000000000a104000 	/System/Library/PrivateFrameworks/AppleVPA.framework/Versions/A/AppleVPA
0x000000000a104000 	/System/Library/PrivateFrameworks/AppleJPEG.framework/Versions/A/AppleJPEG
0x000000000a104000 	/System/Library/Frameworks/ImageIO.framework/Versions/A/Resources/libJPEG.dylib
0x000000000a104000 	/System/Library/Frameworks/ImageIO.framework/Versions/A/Resources/libTIFF.dylib
0x000000000a104000 	/System/Library/Frameworks/ImageIO.framework/Versions/A/Resources/libPng.dylib
0x000000000a104000 	/System/Library/Frameworks/ImageIO.framework/Versions/A/Resources/libGIF.dylib
0x000000000a104000 	/System/Library/Frameworks/ImageIO.framework/Versions/A/Resources/libJP2.dylib
0x000000000a104000 	/System/Library/Frameworks/ImageIO.framework/Versions/A/Resources/libRadiance.dylib
0x000000000a104000 	/System/Library/Frameworks/CoreVideo.framework/Versions/A/CoreVideo
0x000000000a104000 	/System/Library/Frameworks/OpenGL.framework/Versions/A/Libraries/libGLU.dylib
0x000000000a104000 	/System/Library/Frameworks/OpenGL.framework/Versions/A/Libraries/libGFXShared.dylib
0x000000000a104000 	/System/Library/Frameworks/OpenGL.framework/Versions/A/Libraries/libGL.dylib
0x000000000a104000 	/System/Library/Frameworks/OpenGL.framework/Versions/A/Libraries/libGLImage.dylib
0x000000000a104000 	/System/Library/Frameworks/OpenGL.framework/Versions/A/Libraries/libCVMSPluginSupport.dylib
0x000000000a104000 	/System/Library/Frameworks/OpenGL.framework/Versions/A/Libraries/libCoreVMClient.dylib
0x000000000a104000 	/usr/lib/libcups.2.dylib
0x000000000a104000 	/System/Library/Frameworks/Kerberos.framework/Versions/A/Kerberos
0x000000000a104000 	/System/Library/Frameworks/GSS.framework/Versions/A/GSS
0x000000000a104000 	/usr/lib/libresolv.9.dylib
0x000000000a104000 	/usr/lib/libiconv.2.dylib
0x000000000a104000 	/System/Library/PrivateFrameworks/Heimdal.framework/Versions/A/Heimdal
0x000000000a104000 	/usr/lib/libheimdal-asn1.dylib
0x000000000a104000 	/System/Library/Frameworks/OpenDirectory.framework/Versions/A/OpenDirectory
0x000000000a104000 	/System/Library/PrivateFrameworks/CommonAuth.framework/Versions/A/CommonAuth
0x000000000a104000 	/System/Library/Frameworks/OpenDirectory.framework/Versions/A/Frameworks/CFOpenDirectory.framework/Versions/A/CFOpenDirectory
0x000000000a104000 	/System/Library/Frameworks/SecurityFoundation.framework/Versions/A/SecurityFoundation
0x000000000a104000 	/System/Library/PrivateFrameworks/LanguageModeling.framework/Versions/A/LanguageModeling
0x000000000a104000 	/usr/lib/libcmph.dylib
0x000000000a104000 	/System/Library/Frameworks/ServiceManagement.framework/Versions/A/ServiceManagement
0x000000000a104000 	/usr/lib/libxslt.1.dylib
0x000000000a104000 	/System/Library/Frameworks/Carbon.framework/Versions/A/Frameworks/Ink.framework/Versions/A/Ink
0x000000000a104000 	/System/Library/Frameworks/QuartzCore.framework/Versions/A/Frameworks/CoreImage.framework/Versions/A/CoreImage
0x000000000a104000 	/System/Library/PrivateFrameworks/CrashReporterSupport.framework/Versions/A/CrashReporterSupport
0x000000000a104000 	/System/Library/Frameworks/OpenCL.framework/Versions/A/OpenCL
0x000000000a104000 	/System/Library/PrivateFrameworks/FaceCore.framework/Versions/A/FaceCore
0x000000000a104000 	/System/Library/PrivateFrameworks/Ubiquity.framework/Versions/A/Ubiquity
0x000000000a104000 	/System/Library/PrivateFrameworks/IconServices.framework/Versions/A/IconServices
0x000000000a104000 	/System/Library/PrivateFrameworks/ChunkingLibrary.framework/Versions/A/ChunkingLibrary
0x000000000a104000 	/System/Library/PrivateFrameworks/Apple80211.framework/Versions/A/Apple80211
0x000000000a104000 	/System/Library/Frameworks/CoreWLAN.framework/Versions/A/CoreWLAN
0x000000000a104000 	/System/Library/Frameworks/IOBluetooth.framework/Versions/A/IOBluetooth
0x000000000a104000 	/System/Library/PrivateFrameworks/CoreWiFi.framework/Versions/A/CoreWiFi
0x000000000a104000 	/System/Library/Frameworks/CoreBluetooth.framework/Versions/A/CoreBluetooth
0x000000000a104000 	/System/Library/PrivateFrameworks/DebugSymbols.framework/Versions/A/DebugSymbols
0x000000000a104000 	/System/Library/PrivateFrameworks/CoreSymbolication.framework/Versions/A/CoreSymbolication
0x000000000a104000 	/System/Library/PrivateFrameworks/Symbolication.framework/Versions/A/Symbolication
0x000000000a104000 	/System/Library/PrivateFrameworks/SpeechRecognitionCore.framework/Versions/A/SpeechRecognitionCore
0x0000000102800000 	/Library/Java/JavaVirtualMachines/jdk1.8.0_66.jdk/Contents/Home/jre/lib/server/libjvm.dylib
0x000000000a104000 	/usr/lib/libstdc++.6.dylib
0x0000000101752000 	/Library/Java/JavaVirtualMachines/jdk1.8.0_66.jdk/Contents/Home/jre/lib/libverify.dylib
0x0000000101760000 	/Library/Java/JavaVirtualMachines/jdk1.8.0_66.jdk/Contents/Home/jre/lib/libjava.dylib
0x0000000101796000 	/Library/Java/JavaVirtualMachines/jdk1.8.0_66.jdk/Contents/Home/jre/lib/libjdwp.dylib
0x00000001017e1000 	/Library/Java/JavaVirtualMachines/jdk1.8.0_66.jdk/Contents/Home/jre/lib/libnpt.dylib
0x00000001017ee000 	/Library/Java/JavaVirtualMachines/jdk1.8.0_66.jdk/Contents/Home/jre/lib/libzip.dylib
0x000000011f45f000 	/System/Library/Frameworks/JavaVM.framework/Frameworks/JavaRuntimeSupport.framework/JavaRuntimeSupport
0x000000011f47a000 	/System/Library/Frameworks/JavaVM.framework/Versions/A/Frameworks/JavaNativeFoundation.framework/Versions/A/JavaNativeFoundation
0x000000011f48f000 	/System/Library/Frameworks/JavaVM.framework/Versions/A/JavaVM
0x000000000a104000 	/System/Library/Frameworks/Carbon.framework/Versions/A/Carbon
0x000000011f49c000 	/System/Library/PrivateFrameworks/JavaLaunching.framework/Versions/A/JavaLaunching
0x000000000a104000 	/System/Library/Frameworks/Carbon.framework/Versions/A/Frameworks/CommonPanels.framework/Versions/A/CommonPanels
0x000000000a104000 	/System/Library/Frameworks/Carbon.framework/Versions/A/Frameworks/Help.framework/Versions/A/Help
0x000000000a104000 	/System/Library/Frameworks/Carbon.framework/Versions/A/Frameworks/ImageCapture.framework/Versions/A/ImageCapture
0x000000000a104000 	/System/Library/Frameworks/Carbon.framework/Versions/A/Frameworks/OpenScripting.framework/Versions/A/OpenScripting
0x000000000a104000 	/System/Library/Frameworks/Carbon.framework/Versions/A/Frameworks/Print.framework/Versions/A/Print
0x000000000a104000 	/System/Library/Frameworks/Carbon.framework/Versions/A/Frameworks/SecurityHI.framework/Versions/A/SecurityHI
0x0000000120e83000 	/Library/Java/JavaVirtualMachines/jdk1.8.0_66.jdk/Contents/Home/jre/lib/libdt_socket.dylib
0x0000000121f74000 	/Library/Frameworks/R.framework/Versions/3.2/Resources/library/rJava/jri/libjri.jnilib
0x0000000121f80000 	/Library/Frameworks/R.framework/Versions/3.2/Resources/lib/libR.dylib
0x0000000122399000 	/usr/lib/libpcre.0.dylib
0x00000001223cc000 	/Library/Frameworks/R.framework/Versions/3.2/Resources/lib/libRblas.dylib
0x00000001223fc000 	/Library/Frameworks/R.framework/Versions/3.2/Resources/lib/libgfortran.3.dylib
0x0000000122567000 	/Library/Frameworks/R.framework/Versions/3.2/Resources/lib/libquadmath.0.dylib
0x00000001225a8000 	/Library/Frameworks/R.framework/Versions/3.2/Resources/lib/libreadline.5.2.dylib
0x00000001225e6000 	/Library/Frameworks/R.framework/Versions/3.2/Resources/lib/libgcc_s_x86_64.1.dylib
0x000000000a104000 	/usr/lib/libncurses.5.4.dylib
0x0000000122ad8000 	/Library/Frameworks/R.framework/Versions/3.2/Resources/library/utils/libs/utils.so
0x0000000122ae7000 	/Library/Frameworks/R.framework/Versions/3.2/Resources/library/methods/libs/methods.so
0x0000000122e9c000 	/Library/Frameworks/R.framework/Versions/3.2/Resources/library/grDevices/libs/grDevices.so
0x0000000122f27000 	/Library/Frameworks/R.framework/Versions/3.2/Resources/library/graphics/libs/graphics.so
0x0000000122f70000 	/Library/Frameworks/R.framework/Versions/3.2/Resources/library/stats/libs/stats.so
0x000000012302b000 	/Library/Frameworks/R.framework/Versions/3.2/Resources/lib/libRlapack.dylib
0x000000012329c000 	/Library/Frameworks/R.framework/Versions/3.2/Resources/library/rJava/libs/rJava.so
0x000000012359c000 	/Library/Frameworks/R.framework/Resources/modules//internet.so
0x000000000a104000 	/usr/lib/libcurl.4.dylib
0x000000000a104000 	/System/Library/Frameworks/LDAP.framework/Versions/A/LDAP
0x000000000a104000 	/usr/lib/libsasl2.2.dylib
0x000000000a104000 	/System/Library/PrivateFrameworks/CoreDaemon.framework/Versions/B/CoreDaemon
0x000000000a104000 	/usr/lib/libcrypto.0.9.8.dylib
0x000000000a104000 	/System/Library/PrivateFrameworks/AppleSRP.framework/Versions/A/AppleSRP
0x000000000a104000 	/System/Library/PrivateFrameworks/TrustEvaluationAgent.framework/Versions/A/TrustEvaluationAgent

VM Arguments:
jvm_args: -agentlib:jdwp=transport=dt_socket,address=127.0.0.1:55615,suspend=y,server=n -Djava.library.path=/Library/Frameworks/R.framework/Versions/3.2/Resources/library/rJava/jri -Dfile.encoding=UTF-8 
java_command: com.ikanow.aleph2.analytics.r.utils.RScriptUtils
java_class_path (initial): /Library/Java/JavaVirtualMachines/jdk1.8.0_66.jdk/Contents/Home/lib/ant-javafx.jar:/Library/Java/JavaVirtualMachines/jdk1.8.0_66.jdk/Contents/Home/lib/dt.jar:/Library/Java/JavaVirtualMachines/jdk1.8.0_66.jdk/Contents/Home/lib/javafx-mx.jar:/Library/Java/JavaVirtualMachines/jdk1.8.0_66.jdk/Contents/Home/lib/jconsole.jar:/Library/Java/JavaVirtualMachines/jdk1.8.0_66.jdk/Contents/Home/lib/packager.jar:/Library/Java/JavaVirtualMachines/jdk1.8.0_66.jdk/Contents/Home/lib/sa-jdi.jar:/Library/Java/JavaVirtualMachines/jdk1.8.0_66.jdk/Contents/Home/lib/tools.jar:/Library/Java/JavaVirtualMachines/jdk1.8.0_66.jdk/Contents/Home/jre/lib/charsets.jar:/Library/Java/JavaVirtualMachines/jdk1.8.0_66.jdk/Contents/Home/jre/lib/deploy.jar:/Library/Java/JavaVirtualMachines/jdk1.8.0_66.jdk/Contents/Home/jre/lib/javaws.jar:/Library/Java/JavaVirtualMachines/jdk1.8.0_66.jdk/Contents/Home/jre/lib/jce.jar:/Library/Java/JavaVirtualMachines/jdk1.8.0_66.jdk/Contents/Home/jre/lib/jfr.jar:/Library/Java/JavaVirtualMachines/jdk1.8.0_66.jdk/Contents/Home/jre/lib/jfxswt.jar:/Library/Java/JavaVirtualMachines/jdk1.8.0_66.jdk/Contents/Home/jre/lib/jsse.jar:/Library/Java/JavaVirtualMachines/jdk1.8.0_66.jdk/Contents/Home/jre/lib/management-agent.jar:/Library/Java/JavaVirtualMachines/jdk1.8.0_66.jdk/Contents/Home/jre/lib/plugin.jar:/Library/Java/JavaVirtualMachines/jdk1.8.0_66.jdk/Contents/Home/jre/lib/resources.jar:/Library/Java/JavaVirtualMachines/jdk1.8.0_66.jdk/Contents/Home/jre/lib/rt.jar:/Library/Java/JavaVirtualMachines/jdk1.8.0_66.jdk/Contents/Home/jre/lib/ext/cldrdata.jar:/Library/Java/JavaVirtualMachines/jdk1.8.0_66.jdk/Contents/Home/jre/lib/ext/dnsns.jar:/Library/Java/JavaVirtualMachines/jdk1.8.0_66.jdk/Contents/Home/jre/lib/ext/jaccess.jar:/Library/Java/JavaVirtualMachines/jdk1.8.0_66.jdk/Contents/Home/jre/lib/ext/jfxrt.jar:/Library/Java/JavaVirtualMachines/jdk1.8.0_66.jdk/Contents/Home/jre/lib/ext/localedata.jar:/Library/Java/JavaVirtualMachines/jdk1.8.0_66.jdk/Conten
Launcher Type: SUN_STANDARD

Environment Variables:
JAVA_HOME=/Library/Java/JavaVirtualMachines/jdk1.8.0_66.jdk/Contents/Home
PATH=/opt/local/bin:/opt/local/sbin:/Library/Frameworks/Python.framework/Versions/2.7/bin:/usr/local/bin:/usr/bin:/bin:/usr/sbin:/sbin:/Users/shawnkyzer/Downloads/spark-1.5.2/bin
LD_LIBRARY_PATH=:@JAVA_LD@
SHELL=/bin/bash

Signal Handlers:
SIGSEGV: [libjvm.dylib+0x5a65d5], sa_mask[0]=11111111011111110111111111111111, sa_flags=SA_ONSTACK|SA_RESTART|SA_SIGINFO
SIGBUS: [libjvm.dylib+0x5a65d5], sa_mask[0]=11111111011111110111111111111111, sa_flags=SA_RESTART|SA_SIGINFO
SIGFPE: [libjvm.dylib+0x4802e8], sa_mask[0]=11111111011111110111111111111111, sa_flags=SA_RESTART|SA_SIGINFO
SIGPIPE: [libjvm.dylib+0x4802e8], sa_mask[0]=11111111011111110111111111111111, sa_flags=SA_RESTART|SA_SIGINFO
SIGXFSZ: [libjvm.dylib+0x4802e8], sa_mask[0]=11111111011111110111111111111111, sa_flags=SA_RESTART|SA_SIGINFO
SIGILL: [libjvm.dylib+0x4802e8], sa_mask[0]=11111111011111110111111111111111, sa_flags=SA_RESTART|SA_SIGINFO
SIGUSR1: SIG_DFL, sa_mask[0]=00000000000000000000000000000000, sa_flags=none
SIGUSR2: [libjvm.dylib+0x47fe06], sa_mask[0]=00100000000000000000000000000000, sa_flags=SA_RESTART|SA_SIGINFO
SIGHUP: [libjvm.dylib+0x47e3dd], sa_mask[0]=11111111011111110111111111111111, sa_flags=SA_RESTART|SA_SIGINFO
SIGINT: [libjvm.dylib+0x47e3dd], sa_mask[0]=00000000000000000000000000000000, sa_flags=SA_RESTART
SIGTERM: [libjvm.dylib+0x47e3dd], sa_mask[0]=11111111011111110111111111111111, sa_flags=SA_RESTART|SA_SIGINFO
SIGQUIT: [libjvm.dylib+0x47e3dd], sa_mask[0]=11111111011111110111111111111111, sa_flags=SA_RESTART|SA_SIGINFO


---------------  S Y S T E M  ---------------

OS:Bsduname:Darwin 14.4.0 Darwin Kernel Version 14.4.0: Thu May 28 11:35:04 PDT 2015; root:xnu-2782.30.5~1/RELEASE_X86_64 x86_64
rlimit: STACK 8192k, CORE 0k, NPROC 709, NOFILE 10240, AS infinity
load average:2.63 3.24 3.24

CPU:total 8 (4 cores per cpu, 2 threads per core) family 6 model 70 stepping 1, cmov, cx8, fxsr, mmx, sse, sse2, sse3, ssse3, sse4.1, sse4.2, popcnt, avx, avx2, aes, clmul, erms, lzcnt, ht, tsc, tscinvbit, bmi1, bmi2

Memory: 4k page, physical 16777216k(52992k free)

/proc/meminfo:


vm_info: Java HotSpot(TM) 64-Bit Server VM (25.66-b17) for bsd-amd64 JRE (1.8.0_66-b17), built on Oct  6 2015 16:09:13 by "java_re" with gcc 4.2.1 (Based on Apple Inc. build 5658) (LLVM build 2336.11.00)

time: Tue Dec 15 15:58:01 2015
elapsed time: 3 seconds (0d 0h 0m 3s)

