#
# A fatal error has been detected by the Java Runtime Environment:
#
#  SIGSEGV (0xb) at pc=0x000000012556764d, pid=3325, tid=1811
#
# JRE version: Java(TM) SE Runtime Environment (8.0_66-b17) (build 1.8.0_66-b17)
# Java VM: Java HotSpot(TM) 64-Bit Server VM (25.66-b17 mixed mode bsd-amd64 compressed oops)
# Problematic frame:
# C  [libjri.jnilib+0x364d]  jri_checkExceptions+0xd
#
# Failed to write core dump. Core dumps have been disabled. To enable core dumping, try "ulimit -c unlimited" before starting Java again
#
# If you would like to submit a bug report, please visit:
#   http://bugreport.java.com/bugreport/crash.jsp
#

---------------  T H R E A D  ---------------

Current thread is native thread

siginfo: si_signo: 11 (SIGSEGV), si_code: 1 (SEGV_MAPERR), si_addr: 0x0000000000000000

Registers:
RAX=0x0000000000000000, RBX=0x0000000000000000, RCX=0xf900df559c9eb361, RDX=0x00007fff7a64b1f8
RSP=0x0000000106c94ef0, RBP=0x0000000106c94f00, RSI=0x0000000000000001, RDI=0x0000000000000000
R8 =0x0000000106c94d80, R9 =0x00007fff7a12d300, R10=0x0000000000000000, R11=0x0000000000000246
R12=0x00007fff7a64a070, R13=0x000000012d84c630, R14=0x0000000000000001, R15=0x0000000106c94f40
RIP=0x000000012556764d, EFLAGS=0x0000000000010202, ERR=0x0000000000000004
  TRAPNO=0x000000000000000e

Top of Stack: (sp=0x0000000106c94ef0)
0x0000000106c94ef0:   0000000000000000 0000000000000001
0x0000000106c94f00:   0000000106c94f30 0000000125567986
0x0000000106c94f10:   0000000106c94f40 00007fff7a64a070
0x0000000106c94f20:   0000000106c97030 000000012d7af959
0x0000000106c94f30:   0000000106c96f70 000000012d6c3f67
0x0000000106c94f40:   000000000000000a 00007fb02b010000
0x0000000106c94f50:   0000000106c94f90 0000000105f232d1
0x0000000106c94f60:   0000000000000000 00007fb02b010000
0x0000000106c94f70:   00007fb02b010000 00007fb02b0101f8
0x0000000106c94f80:   0000000000000001 00007fff7a64a070
0x0000000106c94f90:   0000000106c94fb0 0000000125567653
0x0000000106c94fa0:   00007fb02dd88f08 000000012d8fcfc8
0x0000000106c94fb0:   0000000106c96fb0 000000012d7594ac
0x0000000106c94fc0:   0000000004b0d000 0000000104b0d000
0x0000000106c94fd0:   0000000106c95070 00007fff8e106e7f
0x0000000106c94fe0:   ff80000000001000 00007fff8e10ffff
0x0000000106c94ff0:   000000017bd38588 0000000000000000
0x0000000106c95000:   0000000000000000 0000000000000001
0x0000000106c95010:   00007fb0330fc080 00007fb03309d990
0x0000000106c95020:   0000000000000001 00007fb03309d990
0x0000000106c95030:   f900df559c9eb361 00007fb02f37c578
0x0000000106c95040:   00007fb02de63318 000000012d8fca08
0x0000000106c95050:   00007fb02de63078 000000000000000f
0x0000000106c95060:   0000000106c95210 000000012d600876
0x0000000106c95070:   0000000106c95220 000000012d766f09
0x0000000106c95080:   0000000106c95120 00007fb02ffcf048
0x0000000106c95090:   0000000400000000 0000000000000000
0x0000000106c950a0:   00007fb0330b4b10 00007fb02ffcf081
0x0000000106c950b0:   00000003fffffffc 0000000000000400
0x0000000106c950c0:   00007fb0330b4b10 00007fb02ffcf048
0x0000000106c950d0:   00000000ffffffff 00007fb000000001
0x0000000106c950e0:   0000000000000074 00007fb0330b4b40 

Instructions: (pc=0x000000012556764d)
0x000000012556762d:   5c 41 5d 41 5e 41 5f 5d c3 66 2e 0f 1f 84 00 00
0x000000012556763d:   00 00 00 55 48 89 e5 41 56 53 41 89 f6 48 89 fb
0x000000012556764d:   48 8b 03 ff 50 78 48 85 c0 74 21 45 85 f6 74 0c
0x000000012556765d:   48 8b 03 48 89 df ff 90 80 00 00 00 48 8b 03 48 

Register to memory mapping:

RAX=0x0000000000000000 is an unknown value
RBX=0x0000000000000000 is an unknown value
RCX=0xf900df559c9eb361 is an unknown value
RDX=0x00007fff7a64b1f8: __sFX+0x1c8 in /usr/lib/system/libsystem_c.dylib at 0x00007fff8be4a000
RSP=0x0000000106c94ef0 is pointing into the stack for thread: 0x00007fb02b010000
RBP=0x0000000106c94f00 is pointing into the stack for thread: 0x00007fb02b010000
RSI=0x0000000000000001 is an unknown value
RDI=0x0000000000000000 is an unknown value
R8 =0x0000000106c94d80 is pointing into the stack for thread: 0x00007fb02b010000
R9 =0x00007fff7a12d300: _thread+0 in /usr/lib/system/libsystem_pthread.dylib at 0x00007fff8a289000
R10=0x0000000000000000 is an unknown value
R11=0x0000000000000246 is an unknown value
R12=0x00007fff7a64a070: __stack_chk_guard+0 in /usr/lib/system/libsystem_c.dylib at 0x00007fff8be4a000
R13=0x000000012d84c630: R_ErrorCon+0 in /Library/Frameworks/R.framework/Versions/3.2/Resources/lib/libR.dylib at 0x000000012d55c000
R14=0x0000000000000001 is an unknown value
R15=0x0000000106c94f40 is pointing into the stack for thread: 0x00007fb02b010000


Stack: [0x00007fff5a90e000,0x00007fff5b10e000],  sp=0x0000000106c94ef0,  free space=18014261077544475k
Native frames: (J=compiled Java code, j=interpreted, Vv=VM code, C=native code)
C  [libjri.jnilib+0x364d]  jri_checkExceptions+0xd
C  [libjri.jnilib+0x3986]  Re_WriteConsoleEx+0x26
C  [libR.dylib+0x167f67]  REvprintf+0xe7
C  [libR.dylib+0x165f74]  REprintf+0x94
C  [libR.dylib+0x9ee10]  Rf_onintr+0x280
C  [libR.dylib+0x1fac29]  R_SelectEx+0xe9
C  [libR.dylib+0x1fafd3]  R_checkActivityEx+0x1d3
C  [libR.dylib+0x1fc665]  Rsleep+0x85
C  [libR.dylib+0x150312]  do_syssleep+0x32
C  [libR.dylib+0xb741d]  bcEval+0x124ed
C  [libR.dylib+0xa4876]  Rf_eval+0x186
C  [libR.dylib+0xfb388]  Rf_applyClosure+0x578
C  [libR.dylib+0xa4c07]  Rf_eval+0x517
C  [libR.dylib+0xfe2b3]  do_begin+0x1c3
C  [libR.dylib+0xa4cfe]  Rf_eval+0x60e
C  [libR.dylib+0xfd5bd]  do_for+0x8ed
C  [libR.dylib+0xa4cfe]  Rf_eval+0x60e
C  [libR.dylib+0xfe2b3]  do_begin+0x1c3
C  [libR.dylib+0xa4cfe]  Rf_eval+0x60e
C  [libR.dylib+0xa4cfe]  Rf_eval+0x60e
C  [libR.dylib+0xfe2b3]  do_begin+0x1c3
C  [libR.dylib+0xa4cfe]  Rf_eval+0x60e
C  [libR.dylib+0xfb388]  Rf_applyClosure+0x578
C  [libR.dylib+0xa4c07]  Rf_eval+0x517
C  [libR.dylib+0x5fa53]  protectedEval+0x23
C  [libR.dylib+0x5f8a8]  R_ToplevelExec+0x1c8
C  [libR.dylib+0x5f9fc]  R_tryEval+0x2c
C  [libjri.jnilib+0x196a]  Java_org_rosuda_JRI_Rengine_rniEval+0x7a
j  org.rosuda.JRI.Rengine.rniEval(JJ)J+0
j  org.rosuda.JRI.Rengine.eval(Ljava/lang/String;Z)Lorg/rosuda/JRI/REXP;+69
j  org.rosuda.JRI.Rengine.eval(Ljava/lang/String;)Lorg/rosuda/JRI/REXP;+3
j  com.ikanow.aleph2.analytics.r.utils.RScriptUtils.lambda$main$0(Lorg/rosuda/JRI/Rengine;Ljava/lang/String;)V+5
j  com.ikanow.aleph2.analytics.r.utils.RScriptUtils$$Lambda$10.accept(Ljava/lang/Object;)V+8
j  java.util.Iterator.forEachRemaining(Ljava/util/function/Consumer;)V+21
j  java.util.Spliterators$IteratorSpliterator.forEachRemaining(Ljava/util/function/Consumer;)V+52
j  java.util.stream.ReferencePipeline$Head.forEachOrdered(Ljava/util/function/Consumer;)V+12
j  com.ikanow.aleph2.analytics.r.utils.RScriptUtils.main([Ljava/lang/String;)V+214
v  ~StubRoutines::call_stub
V  [libjvm.dylib+0x2ea35e]
V  [libjvm.dylib+0x4ca7e0]
V  [libjvm.dylib+0x4cad14]
V  [libjvm.dylib+0x342570]
j  sun.reflect.NativeMethodAccessorImpl.invoke0(Ljava/lang/reflect/Method;Ljava/lang/Object;[Ljava/lang/Object;)Ljava/lang/Object;+0
j  sun.reflect.NativeMethodAccessorImpl.invoke(Ljava/lang/Object;[Ljava/lang/Object;)Ljava/lang/Object;+100
j  sun.reflect.DelegatingMethodAccessorImpl.invoke(Ljava/lang/Object;[Ljava/lang/Object;)Ljava/lang/Object;+6
j  java.lang.reflect.Method.invoke(Ljava/lang/Object;[Ljava/lang/Object;)Ljava/lang/Object;+56
j  com.intellij.rt.execution.application.AppMain.main([Ljava/lang/String;)V+180
v  ~StubRoutines::call_stub
V  [libjvm.dylib+0x2ea35e]
V  [libjvm.dylib+0x3210d0]
V  [libjvm.dylib+0x319e4a]
C  [java+0x393e]  JavaMain+0x9b1
C  [libsystem_pthread.dylib+0x3268]  _pthread_body+0x83
C  [libsystem_pthread.dylib+0x31e5]  _pthread_body+0x0
C  [libsystem_pthread.dylib+0x141d]  thread_start+0xd


---------------  P R O C E S S  ---------------

VM state:not at safepoint (normal execution)

VM Mutex/Monitor currently owned by a thread: None

Heap:
 PSYoungGen      total 233472K, used 60120K [0x000000076ab00000, 0x000000077ee80000, 0x00000007c0000000)
  eden space 219648K, 21% used [0x000000076ab00000,0x000000076d839cd8,0x0000000778180000)
  from space 13824K, 99% used [0x0000000778180000,0x0000000778efc648,0x0000000778f00000)
  to   space 25088K, 0% used [0x000000077d600000,0x000000077d600000,0x000000077ee80000)
 ParOldGen       total 135168K, used 30377K [0x00000006c0000000, 0x00000006c8400000, 0x000000076ab00000)
  object space 135168K, 22% used [0x00000006c0000000,0x00000006c1daa458,0x00000006c8400000)
 Metaspace       used 57922K, capacity 58566K, committed 58752K, reserved 1097728K
  class space    used 9361K, capacity 9515K, committed 9600K, reserved 1048576K

Card table byte_map: [0x00000001160a8000,0x00000001168a9000] byte_map_base: 0x0000000112aa8000

Marking Bits: (ParMarkBitMap*) 0x00000001064f0e20
 Begin Bits: [0x0000000117617000, 0x000000011b617000)
 End Bits:   [0x000000011b617000, 0x000000011f617000)

Polling page: 0x0000000104bf5000

CodeCache: size=245760Kb used=10242Kb max_used=10520Kb free=235517Kb
 bounds [0x0000000106ce8000, 0x0000000107778000, 0x0000000115ce8000]
 total_blobs=4229 nmethods=3694 adapters=447
 compilation: enabled

Compilation events (10 events):
Event: 14.939 Thread 0x00007fb02e062800 4212       3       org.jboss.netty.channel.socket.nio.AbstractNioSelector::select (5 bytes)
Event: 14.939 Thread 0x00007fb02e062800 nmethod 4212 0x0000000106e31710 code [0x0000000106e31880, 0x0000000106e31a08]
Event: 14.957 Thread 0x00007fb02e062800 4213   !   3       org.jboss.netty.channel.socket.nio.AbstractNioSelector::processTaskQueue (39 bytes)
Event: 14.958 Thread 0x00007fb02e062800 nmethod 4213 0x0000000106e30c90 code [0x0000000106e30e40, 0x0000000106e31508]
Event: 15.178 Thread 0x00007fb02e062800 4215       3       java.util.concurrent.locks.ReentrantReadWriteLock::writeLock (5 bytes)
Event: 15.178 Thread 0x00007fb02e062800 nmethod 4215 0x0000000106e30910 code [0x0000000106e30a80, 0x0000000106e30bf0]
Event: 15.179 Thread 0x00007fb02e062800 4214       1       java.util.concurrent.locks.ReentrantReadWriteLock$NonfairSync::writerShouldBlock (2 bytes)
Event: 15.179 Thread 0x00007fb02e062800 nmethod 4214 0x0000000106e20350 code [0x0000000106e204a0, 0x0000000106e205b0]
Event: 15.239 Thread 0x00007fb02e062800 4216       3       java.lang.Math::max (12 bytes)
Event: 15.240 Thread 0x00007fb02e062800 nmethod 4216 0x0000000106e21f50 code [0x0000000106e220c0, 0x0000000106e22250]

GC Heap History (10 events):
Event: 2.517 GC heap before
{Heap before GC invocations=5 (full 1):
 PSYoungGen      total 141312K, used 130560K [0x000000076ab00000, 0x0000000774000000, 0x00000007c0000000)
  eden space 130560K, 100% used [0x000000076ab00000,0x0000000772a80000,0x0000000772a80000)
  from space 10752K, 0% used [0x0000000772a80000,0x0000000772a80000,0x0000000773500000)
  to   space 10752K, 0% used [0x0000000773580000,0x0000000773580000,0x0000000774000000)
 ParOldGen       total 88576K, used 5328K [0x00000006c0000000, 0x00000006c5680000, 0x000000076ab00000)
  object space 88576K, 6% used [0x00000006c0000000,0x00000006c0534088,0x00000006c5680000)
 Metaspace       used 31623K, capacity 32022K, committed 32128K, reserved 1077248K
  class space    used 4796K, capacity 4913K, committed 4992K, reserved 1048576K
Event: 2.529 GC heap after
Heap after GC invocations=5 (full 1):
 PSYoungGen      total 141824K, used 10725K [0x000000076ab00000, 0x0000000779980000, 0x00000007c0000000)
  eden space 131072K, 0% used [0x000000076ab00000,0x000000076ab00000,0x0000000772b00000)
  from space 10752K, 99% used [0x0000000773580000,0x0000000773ff96a8,0x0000000774000000)
  to   space 10752K, 0% used [0x0000000772b00000,0x0000000772b00000,0x0000000773580000)
 ParOldGen       total 88576K, used 6274K [0x00000006c0000000, 0x00000006c5680000, 0x000000076ab00000)
  object space 88576K, 7% used [0x00000006c0000000,0x00000006c0620900,0x00000006c5680000)
 Metaspace       used 31623K, capacity 32022K, committed 32128K, reserved 1077248K
  class space    used 4796K, capacity 4913K, committed 4992K, reserved 1048576K
}
Event: 2.816 GC heap before
{Heap before GC invocations=6 (full 1):
 PSYoungGen      total 141824K, used 57959K [0x000000076ab00000, 0x0000000779980000, 0x00000007c0000000)
  eden space 131072K, 36% used [0x000000076ab00000,0x000000076d920870,0x0000000772b00000)
  from space 10752K, 99% used [0x0000000773580000,0x0000000773ff96a8,0x0000000774000000)
  to   space 10752K, 0% used [0x0000000772b00000,0x0000000772b00000,0x0000000773580000)
 ParOldGen       total 88576K, used 6274K [0x00000006c0000000, 0x00000006c5680000, 0x000000076ab00000)
  object space 88576K, 7% used [0x00000006c0000000,0x00000006c0620900,0x00000006c5680000)
 Metaspace       used 35065K, capacity 35350K, committed 35416K, reserved 1079296K
  class space    used 5248K, capacity 5361K, committed 5376K, reserved 1048576K
Event: 2.824 GC heap after
Heap after GC invocations=6 (full 1):
 PSYoungGen      total 141824K, used 7258K [0x000000076ab00000, 0x0000000779f00000, 0x00000007c0000000)
  eden space 131072K, 0% used [0x000000076ab00000,0x000000076ab00000,0x0000000772b00000)
  from space 10752K, 67% used [0x0000000772b00000,0x0000000773216850,0x0000000773580000)
  to   space 13312K, 0% used [0x0000000779200000,0x0000000779200000,0x0000000779f00000)
 ParOldGen       total 88576K, used 6282K [0x00000006c0000000, 0x00000006c5680000, 0x000000076ab00000)
  object space 88576K, 7% used [0x00000006c0000000,0x00000006c0622900,0x00000006c5680000)
 Metaspace       used 35065K, capacity 35350K, committed 35416K, reserved 1079296K
  class space    used 5248K, capacity 5361K, committed 5376K, reserved 1048576K
}
Event: 2.824 GC heap before
{Heap before GC invocations=7 (full 2):
 PSYoungGen      total 141824K, used 7258K [0x000000076ab00000, 0x0000000779f00000, 0x00000007c0000000)
  eden space 131072K, 0% used [0x000000076ab00000,0x000000076ab00000,0x0000000772b00000)
  from space 10752K, 67% used [0x0000000772b00000,0x0000000773216850,0x0000000773580000)
  to   space 13312K, 0% used [0x0000000779200000,0x0000000779200000,0x0000000779f00000)
 ParOldGen       total 88576K, used 6282K [0x00000006c0000000, 0x00000006c5680000, 0x000000076ab00000)
  object space 88576K, 7% used [0x00000006c0000000,0x00000006c0622900,0x00000006c5680000)
 Metaspace       used 35065K, capacity 35350K, committed 35416K, reserved 1079296K
  class space    used 5248K, capacity 5361K, committed 5376K, reserved 1048576K
Event: 2.868 GC heap after
Heap after GC invocations=7 (full 2):
 PSYoungGen      total 141824K, used 0K [0x000000076ab00000, 0x0000000779f00000, 0x00000007c0000000)
  eden space 131072K, 0% used [0x000000076ab00000,0x000000076ab00000,0x0000000772b00000)
  from space 10752K, 0% used [0x0000000772b00000,0x0000000772b00000,0x0000000773580000)
  to   space 13312K, 0% used [0x0000000779200000,0x0000000779200000,0x0000000779f00000)
 ParOldGen       total 135168K, used 11764K [0x00000006c0000000, 0x00000006c8400000, 0x000000076ab00000)
  object space 135168K, 8% used [0x00000006c0000000,0x00000006c0b7d260,0x00000006c8400000)
 Metaspace       used 35065K, capacity 35350K, committed 35416K, reserved 1079296K
  class space    used 5248K, capacity 5361K, committed 5376K, reserved 1048576K
}
Event: 3.760 GC heap before
{Heap before GC invocations=8 (full 2):
 PSYoungGen      total 141824K, used 131072K [0x000000076ab00000, 0x0000000779f00000, 0x00000007c0000000)
  eden space 131072K, 100% used [0x000000076ab00000,0x0000000772b00000,0x0000000772b00000)
  from space 10752K, 0% used [0x0000000772b00000,0x0000000772b00000,0x0000000773580000)
  to   space 13312K, 0% used [0x0000000779200000,0x0000000779200000,0x0000000779f00000)
 ParOldGen       total 135168K, used 11764K [0x00000006c0000000, 0x00000006c8400000, 0x000000076ab00000)
  object space 135168K, 8% used [0x00000006c0000000,0x00000006c0b7d260,0x00000006c8400000)
 Metaspace       used 44206K, capacity 44668K, committed 44800K, reserved 1087488K
  class space    used 6788K, capacity 6901K, committed 6912K, reserved 1048576K
Event: 3.768 GC heap after
Heap after GC invocations=8 (full 2):
 PSYoungGen      total 205312K, used 10632K [0x000000076ab00000, 0x0000000779c80000, 0x00000007c0000000)
  eden space 194560K, 0% used [0x000000076ab00000,0x000000076ab00000,0x0000000776900000)
  from space 10752K, 98% used [0x0000000779200000,0x0000000779c62088,0x0000000779c80000)
  to   space 13824K, 0% used [0x0000000778180000,0x0000000778180000,0x0000000778f00000)
 ParOldGen       total 135168K, used 11772K [0x00000006c0000000, 0x00000006c8400000, 0x000000076ab00000)
  object space 135168K, 8% used [0x00000006c0000000,0x00000006c0b7f260,0x00000006c8400000)
 Metaspace       used 44206K, capacity 44668K, committed 44800K, reserved 1087488K
  class space    used 6788K, capacity 6901K, committed 6912K, reserved 1048576K
}
Event: 6.319 GC heap before
{Heap before GC invocations=9 (full 2):
 PSYoungGen      total 205312K, used 205192K [0x000000076ab00000, 0x0000000779c80000, 0x00000007c0000000)
  eden space 194560K, 100% used [0x000000076ab00000,0x0000000776900000,0x0000000776900000)
  from space 10752K, 98% used [0x0000000779200000,0x0000000779c62088,0x0000000779c80000)
  to   space 13824K, 0% used [0x0000000778180000,0x0000000778180000,0x0000000778f00000)
 ParOldGen       total 135168K, used 11772K [0x00000006c0000000, 0x00000006c8400000, 0x000000076ab00000)
  object space 135168K, 8% used [0x00000006c0000000,0x00000006c0b7f260,0x00000006c8400000)
 Metaspace       used 56515K, capacity 57000K, committed 57216K, reserved 1097728K
  class space    used 9123K, capacity 9271K, committed 9344K, reserved 1048576K
Event: 6.346 GC heap after
Heap after GC invocations=9 (full 2):
 PSYoungGen      total 233472K, used 13809K [0x000000076ab00000, 0x000000077ee80000, 0x00000007c0000000)
  eden space 219648K, 0% used [0x000000076ab00000,0x000000076ab00000,0x0000000778180000)
  from space 13824K, 99% used [0x0000000778180000,0x0000000778efc648,0x0000000778f00000)
  to   space 25088K, 0% used [0x000000077d600000,0x000000077d600000,0x000000077ee80000)
 ParOldGen       total 135168K, used 30377K [0x00000006c0000000, 0x00000006c8400000, 0x000000076ab00000)
  object space 135168K, 22% used [0x00000006c0000000,0x00000006c1daa458,0x00000006c8400000)
 Metaspace       used 56515K, capacity 57000K, committed 57216K, reserved 1097728K
  class space    used 9123K, capacity 9271K, committed 9344K, reserved 1048576K
}

Deoptimization events (10 events):
Event: 6.008 Thread 0x00007fb032843000 Uncommon trap: reason=unstable_if action=reinterpret pc=0x00000001071c6a64 method=sun.misc.URLClassPath$JarLoader.getResource(Ljava/lang/String;ZLjava/util/Set;)Lsun/misc/Resource; @ 17
Event: 6.503 Thread 0x00007fb02b010000 Uncommon trap: reason=unstable_if action=reinterpret pc=0x0000000106ef1bd0 method=java.util.regex.Pattern.atom()Ljava/util/regex/Pattern$Node; @ 255
Event: 6.686 Thread 0x00007fb02b010000 Uncommon trap: reason=unstable_if action=reinterpret pc=0x0000000107199904 method=org.rosuda.JRI.Rengine.<init>([Ljava/lang/String;ZLorg/rosuda/JRI/RMainLoopCallbacks;)V @ 78
Event: 6.967 Thread 0x00007fb02b010000 Uncommon trap: reason=unstable_if action=reinterpret pc=0x00000001075d1d1c method=java.net.URLStreamHandler.sameFile(Ljava/net/URL;Ljava/net/URL;)Z @ 42
Event: 6.968 Thread 0x00007fb02b010000 Uncommon trap: reason=class_check action=maybe_recompile pc=0x0000000106e56c28 method=sun.misc.URLClassPath.getLoader(I)Lsun/misc/URLClassPath$Loader; @ 94
Event: 6.968 Thread 0x00007fb02b010000 Uncommon trap: reason=class_check action=maybe_recompile pc=0x0000000107423e4c method=java.net.URLClassLoader.defineClass(Ljava/lang/String;Lsun/misc/Resource;)Ljava/lang/Class; @ 13
Event: 6.968 Thread 0x00007fb02b010000 Uncommon trap: reason=unstable_if action=reinterpret pc=0x000000010765742c method=java.lang.ClassLoader.checkCerts(Ljava/lang/String;Ljava/security/CodeSource;)V @ 9
Event: 6.969 Thread 0x00007fb02b010000 Uncommon trap: reason=class_check action=maybe_recompile pc=0x0000000107423e4c method=java.net.URLClassLoader.defineClass(Ljava/lang/String;Lsun/misc/Resource;)Ljava/lang/Class; @ 13
Event: 6.969 Thread 0x00007fb02b010000 Uncommon trap: reason=class_check action=maybe_recompile pc=0x0000000107423e4c method=java.net.URLClassLoader.defineClass(Ljava/lang/String;Lsun/misc/Resource;)Ljava/lang/Class; @ 13
Event: 6.970 Thread 0x00007fb02b010000 Uncommon trap: reason=class_check action=maybe_recompile pc=0x0000000107423e4c method=java.net.URLClassLoader.defineClass(Ljava/lang/String;Lsun/misc/Resource;)Ljava/lang/Class; @ 13

Internal exceptions (10 events):
Event: 6.057 Thread 0x00007fb032843000 Exception <a 'java/lang/NoSuchMethodError': <clinit>> (0x0000000772fa04e0) thrown at [/HUDSON3/workspace/8-2-build-macosx-x86_64/jdk8u66/4988/hotspot/src/share/vm/prims/jni.cpp, line 1591]
Event: 6.057 Thread 0x00007fb02e882000 Exception <a 'java/lang/NoSuchMethodError': <clinit>> (0x000000076e4b37b8) thrown at [/HUDSON3/workspace/8-2-build-macosx-x86_64/jdk8u66/4988/hotspot/src/share/vm/prims/jni.cpp, line 1591]
Event: 6.059 Thread 0x00007fb032843000 Exception <a 'java/lang/NoSuchMethodError': <clinit>> (0x0000000772ff2d60) thrown at [/HUDSON3/workspace/8-2-build-macosx-x86_64/jdk8u66/4988/hotspot/src/share/vm/prims/jni.cpp, line 1591]
Event: 6.059 Thread 0x00007fb02e882000 Exception <a 'java/lang/NoSuchMethodError': <clinit>> (0x000000076e4bb618) thrown at [/HUDSON3/workspace/8-2-build-macosx-x86_64/jdk8u66/4988/hotspot/src/share/vm/prims/jni.cpp, line 1591]
Event: 6.364 Thread 0x00007fb02d448800 Exception <a 'java/lang/NoSuchMethodError': <clinit>> (0x000000076b2481b8) thrown at [/HUDSON3/workspace/8-2-build-macosx-x86_64/jdk8u66/4988/hotspot/src/share/vm/prims/jni.cpp, line 1591]
Event: 6.398 Thread 0x00007fb02b4cb000 Exception <a 'java/lang/NoSuchMethodError': <clinit>> (0x000000076bbe3cf8) thrown at [/HUDSON3/workspace/8-2-build-macosx-x86_64/jdk8u66/4988/hotspot/src/share/vm/prims/jni.cpp, line 1591]
Event: 6.458 Thread 0x00007fb032960800 Exception <a 'java/lang/NoSuchMethodError': <clinit>> (0x000000076c201980) thrown at [/HUDSON3/workspace/8-2-build-macosx-x86_64/jdk8u66/4988/hotspot/src/share/vm/prims/jni.cpp, line 1591]
Event: 6.962 Thread 0x00007fb02b010000 Exception <a 'java/lang/NoClassDefFoundError': RJavaClassLoader> (0x000000076d25b368) thrown at [/HUDSON3/workspace/8-2-build-macosx-x86_64/jdk8u66/4988/hotspot/src/share/vm/classfile/systemDictionary.cpp, line 199]
Event: 6.962 Thread 0x00007fb02b010000 Exception <a 'java/lang/NoClassDefFoundError': RJavaClassLoader> (0x000000076d2655f0) thrown at [/HUDSON3/workspace/8-2-build-macosx-x86_64/jdk8u66/4988/hotspot/src/share/vm/classfile/systemDictionary.cpp, line 199]
Event: 15.439 Thread 0x00007fb02e042000 Exception <a 'java/lang/StackOverflowError'> (0x000000076d800008) thrown at [/HUDSON3/workspace/8-2-build-macosx-x86_64/jdk8u66/4988/hotspot/src/share/vm/runtime/javaCalls.cpp, line 386]

Events (10 events):
Event: 15.179 Thread 0x00007fb02e062800 flushing nmethod 0x0000000106f02c10
Event: 15.240 Thread 0x00007fb02e062800 flushing nmethod 0x0000000106f07ed0
Event: 15.240 Thread 0x00007fb02e062800 flushing nmethod 0x0000000106f17a90
Event: 15.240 Thread 0x00007fb02e062800 flushing nmethod 0x0000000106f17e90
Event: 15.240 Thread 0x00007fb02e062800 flushing nmethod 0x0000000106f26510
Event: 15.240 Thread 0x00007fb02e062800 flushing nmethod 0x0000000106f26950
Event: 15.240 Thread 0x00007fb02e062800 flushing nmethod 0x0000000106f56850
Event: 15.240 Thread 0x00007fb02e062800 flushing nmethod 0x0000000106f57190
Event: 15.439 Thread 0x00007fb02e042000 Thread added: 0x00007fb02e042000
Event: 15.439 Thread 0x00007fb02e042000 Thread exited: 0x00007fb02e042000


Dynamic libraries:
0x000000000a104000 	/System/Library/Frameworks/Cocoa.framework/Versions/A/Cocoa
0x000000000a104000 	/System/Library/Frameworks/Security.framework/Versions/A/Security
0x000000000a104000 	/System/Library/Frameworks/ApplicationServices.framework/Versions/A/ApplicationServices
0x000000000a104000 	/usr/lib/libz.1.dylib
0x000000000a104000 	/usr/lib/libSystem.B.dylib
0x000000000a104000 	/usr/lib/libobjc.A.dylib
0x000000000a104000 	/System/Library/Frameworks/CoreFoundation.framework/Versions/A/CoreFoundation
0x000000000a104000 	/System/Library/Frameworks/Foundation.framework/Versions/C/Foundation
0x000000000a104000 	/System/Library/Frameworks/AppKit.framework/Versions/C/AppKit
0x000000000a104000 	/System/Library/Frameworks/CoreData.framework/Versions/A/CoreData
0x000000000a104000 	/System/Library/PrivateFrameworks/RemoteViewServices.framework/Versions/A/RemoteViewServices
0x000000000a104000 	/System/Library/PrivateFrameworks/UIFoundation.framework/Versions/A/UIFoundation
0x000000000a104000 	/System/Library/Frameworks/IOSurface.framework/Versions/A/IOSurface
0x000000000a104000 	/System/Library/Frameworks/AudioToolbox.framework/Versions/A/AudioToolbox
0x000000000a104000 	/System/Library/Frameworks/AudioUnit.framework/Versions/A/AudioUnit
0x000000000a104000 	/System/Library/PrivateFrameworks/DataDetectorsCore.framework/Versions/A/DataDetectorsCore
0x000000000a104000 	/System/Library/PrivateFrameworks/DesktopServicesPriv.framework/Versions/A/DesktopServicesPriv
0x000000000a104000 	/System/Library/Frameworks/Carbon.framework/Versions/A/Frameworks/HIToolbox.framework/Versions/A/HIToolbox
0x000000000a104000 	/System/Library/Frameworks/QuartzCore.framework/Versions/A/QuartzCore
0x000000000a104000 	/System/Library/Frameworks/Carbon.framework/Versions/A/Frameworks/SpeechRecognition.framework/Versions/A/SpeechRecognition
0x000000000a104000 	/usr/lib/libauto.dylib
0x000000000a104000 	/usr/lib/libicucore.A.dylib
0x000000000a104000 	/usr/lib/libxml2.2.dylib
0x000000000a104000 	/System/Library/PrivateFrameworks/CoreUI.framework/Versions/A/CoreUI
0x000000000a104000 	/System/Library/Frameworks/CoreAudio.framework/Versions/A/CoreAudio
0x000000000a104000 	/System/Library/Frameworks/DiskArbitration.framework/Versions/A/DiskArbitration
0x000000000a104000 	/usr/lib/liblangid.dylib
0x000000000a104000 	/System/Library/PrivateFrameworks/MultitouchSupport.framework/Versions/A/MultitouchSupport
0x000000000a104000 	/System/Library/Frameworks/IOKit.framework/Versions/A/IOKit
0x000000000a104000 	/usr/lib/libDiagnosticMessagesClient.dylib
0x000000000a104000 	/System/Library/Frameworks/CoreServices.framework/Versions/A/CoreServices
0x000000000a104000 	/System/Library/PrivateFrameworks/PerformanceAnalysis.framework/Versions/A/PerformanceAnalysis
0x000000000a104000 	/System/Library/PrivateFrameworks/GenerationalStorage.framework/Versions/A/GenerationalStorage
0x000000000a104000 	/System/Library/Frameworks/OpenGL.framework/Versions/A/OpenGL
0x000000000a104000 	/System/Library/PrivateFrameworks/Sharing.framework/Versions/A/Sharing
0x000000000a104000 	/System/Library/Frameworks/CoreGraphics.framework/Versions/A/CoreGraphics
0x000000000a104000 	/System/Library/Frameworks/CoreText.framework/Versions/A/CoreText
0x000000000a104000 	/System/Library/Frameworks/ImageIO.framework/Versions/A/ImageIO
0x000000000a104000 	/usr/lib/libextension.dylib
0x000000000a104000 	/System/Library/PrivateFrameworks/Backup.framework/Versions/A/Backup
0x000000000a104000 	/usr/lib/libarchive.2.dylib
0x000000000a104000 	/System/Library/Frameworks/CFNetwork.framework/Versions/A/CFNetwork
0x000000000a104000 	/System/Library/Frameworks/SystemConfiguration.framework/Versions/A/SystemConfiguration
0x000000000a104000 	/usr/lib/libCRFSuite.dylib
0x000000000a104000 	/usr/lib/libc++.1.dylib
0x000000000a104000 	/usr/lib/libc++abi.dylib
0x000000000a104000 	/usr/lib/system/libcache.dylib
0x000000000a104000 	/usr/lib/system/libcommonCrypto.dylib
0x000000000a104000 	/usr/lib/system/libcompiler_rt.dylib
0x000000000a104000 	/usr/lib/system/libcopyfile.dylib
0x000000000a104000 	/usr/lib/system/libcorecrypto.dylib
0x000000000a104000 	/usr/lib/system/libdispatch.dylib
0x000000000a104000 	/usr/lib/system/libdyld.dylib
0x000000000a104000 	/usr/lib/system/libkeymgr.dylib
0x000000000a104000 	/usr/lib/system/liblaunch.dylib
0x000000000a104000 	/usr/lib/system/libmacho.dylib
0x000000000a104000 	/usr/lib/system/libquarantine.dylib
0x000000000a104000 	/usr/lib/system/libremovefile.dylib
0x000000000a104000 	/usr/lib/system/libsystem_asl.dylib
0x000000000a104000 	/usr/lib/system/libsystem_blocks.dylib
0x000000000a104000 	/usr/lib/system/libsystem_c.dylib
0x000000000a104000 	/usr/lib/system/libsystem_configuration.dylib
0x000000000a104000 	/usr/lib/system/libsystem_coreservices.dylib
0x000000000a104000 	/usr/lib/system/libsystem_coretls.dylib
0x000000000a104000 	/usr/lib/system/libsystem_dnssd.dylib
0x000000000a104000 	/usr/lib/system/libsystem_info.dylib
0x000000000a104000 	/usr/lib/system/libsystem_kernel.dylib
0x000000000a104000 	/usr/lib/system/libsystem_m.dylib
0x000000000a104000 	/usr/lib/system/libsystem_malloc.dylib
0x000000000a104000 	/usr/lib/system/libsystem_network.dylib
0x000000000a104000 	/usr/lib/system/libsystem_networkextension.dylib
0x000000000a104000 	/usr/lib/system/libsystem_notify.dylib
0x000000000a104000 	/usr/lib/system/libsystem_platform.dylib
0x000000000a104000 	/usr/lib/system/libsystem_pthread.dylib
0x000000000a104000 	/usr/lib/system/libsystem_sandbox.dylib
0x000000000a104000 	/usr/lib/system/libsystem_secinit.dylib
0x000000000a104000 	/usr/lib/system/libsystem_stats.dylib
0x000000000a104000 	/usr/lib/system/libsystem_trace.dylib
0x000000000a104000 	/usr/lib/system/libunc.dylib
0x000000000a104000 	/usr/lib/system/libunwind.dylib
0x000000000a104000 	/usr/lib/system/libxpc.dylib
0x000000000a104000 	/usr/lib/libbz2.1.0.dylib
0x000000000a104000 	/usr/lib/liblzma.5.dylib
0x000000000a104000 	/usr/lib/libbsm.0.dylib
0x000000000a104000 	/usr/lib/libsqlite3.dylib
0x000000000a104000 	/usr/lib/system/libkxld.dylib
0x000000000a104000 	/usr/lib/libxar.1.dylib
0x000000000a104000 	/usr/lib/libpam.2.dylib
0x000000000a104000 	/usr/lib/libOpenScriptingUtil.dylib
0x000000000a104000 	/System/Library/Frameworks/CoreServices.framework/Versions/A/Frameworks/FSEvents.framework/Versions/A/FSEvents
0x000000000a104000 	/System/Library/Frameworks/CoreServices.framework/Versions/A/Frameworks/CarbonCore.framework/Versions/A/CarbonCore
0x000000000a104000 	/System/Library/Frameworks/CoreServices.framework/Versions/A/Frameworks/Metadata.framework/Versions/A/Metadata
0x000000000a104000 	/System/Library/Frameworks/CoreServices.framework/Versions/A/Frameworks/OSServices.framework/Versions/A/OSServices
0x000000000a104000 	/System/Library/Frameworks/CoreServices.framework/Versions/A/Frameworks/SearchKit.framework/Versions/A/SearchKit
0x000000000a104000 	/System/Library/Frameworks/CoreServices.framework/Versions/A/Frameworks/AE.framework/Versions/A/AE
0x000000000a104000 	/System/Library/Frameworks/CoreServices.framework/Versions/A/Frameworks/LaunchServices.framework/Versions/A/LaunchServices
0x000000000a104000 	/System/Library/Frameworks/CoreServices.framework/Versions/A/Frameworks/DictionaryServices.framework/Versions/A/DictionaryServices
0x000000000a104000 	/System/Library/Frameworks/NetFS.framework/Versions/A/NetFS
0x000000000a104000 	/System/Library/PrivateFrameworks/NetAuth.framework/Versions/A/NetAuth
0x000000000a104000 	/System/Library/PrivateFrameworks/login.framework/Versions/A/Frameworks/loginsupport.framework/Versions/A/loginsupport
0x000000000a104000 	/System/Library/PrivateFrameworks/TCC.framework/Versions/A/TCC
0x000000000a104000 	/usr/lib/libmecabra.dylib
0x000000000a104000 	/System/Library/Frameworks/ApplicationServices.framework/Versions/A/Frameworks/ATS.framework/Versions/A/ATS
0x000000000a104000 	/System/Library/Frameworks/ApplicationServices.framework/Versions/A/Frameworks/ColorSync.framework/Versions/A/ColorSync
0x000000000a104000 	/System/Library/Frameworks/ApplicationServices.framework/Versions/A/Frameworks/HIServices.framework/Versions/A/HIServices
0x000000000a104000 	/System/Library/Frameworks/ApplicationServices.framework/Versions/A/Frameworks/LangAnalysis.framework/Versions/A/LangAnalysis
0x000000000a104000 	/System/Library/Frameworks/ApplicationServices.framework/Versions/A/Frameworks/PrintCore.framework/Versions/A/PrintCore
0x000000000a104000 	/System/Library/Frameworks/ApplicationServices.framework/Versions/A/Frameworks/QD.framework/Versions/A/QD
0x000000000a104000 	/System/Library/Frameworks/ApplicationServices.framework/Versions/A/Frameworks/SpeechSynthesis.framework/Versions/A/SpeechSynthesis
0x000000000a104000 	/System/Library/Frameworks/Accelerate.framework/Versions/A/Accelerate
0x000000000a104000 	/System/Library/Frameworks/Accelerate.framework/Versions/A/Frameworks/vImage.framework/Versions/A/vImage
0x000000000a104000 	/System/Library/Frameworks/Accelerate.framework/Versions/A/Frameworks/vecLib.framework/Versions/A/vecLib
0x000000000a104000 	/System/Library/Frameworks/Accelerate.framework/Versions/A/Frameworks/vecLib.framework/Versions/A/libvDSP.dylib
0x000000000a104000 	/System/Library/Frameworks/Accelerate.framework/Versions/A/Frameworks/vecLib.framework/Versions/A/libvMisc.dylib
0x000000000a104000 	/System/Library/Frameworks/Accelerate.framework/Versions/A/Frameworks/vecLib.framework/Versions/A/libLAPACK.dylib
0x000000000a104000 	/System/Library/Frameworks/Accelerate.framework/Versions/A/Frameworks/vecLib.framework/Versions/A/libBLAS.dylib
0x000000000a104000 	/System/Library/Frameworks/Accelerate.framework/Versions/A/Frameworks/vecLib.framework/Versions/A/libLinearAlgebra.dylib
0x000000000a104000 	/System/Library/Frameworks/ApplicationServices.framework/Versions/A/Frameworks/ATS.framework/Versions/A/Resources/libFontParser.dylib
0x000000000a104000 	/System/Library/Frameworks/ApplicationServices.framework/Versions/A/Frameworks/ATS.framework/Versions/A/Resources/libFontRegistry.dylib
0x000000000a104000 	/System/Library/PrivateFrameworks/AppleVPA.framework/Versions/A/AppleVPA
0x000000000a104000 	/System/Library/PrivateFrameworks/AppleJPEG.framework/Versions/A/AppleJPEG
0x000000000a104000 	/System/Library/Frameworks/ImageIO.framework/Versions/A/Resources/libJPEG.dylib
0x000000000a104000 	/System/Library/Frameworks/ImageIO.framework/Versions/A/Resources/libTIFF.dylib
0x000000000a104000 	/System/Library/Frameworks/ImageIO.framework/Versions/A/Resources/libPng.dylib
0x000000000a104000 	/System/Library/Frameworks/ImageIO.framework/Versions/A/Resources/libGIF.dylib
0x000000000a104000 	/System/Library/Frameworks/ImageIO.framework/Versions/A/Resources/libJP2.dylib
0x000000000a104000 	/System/Library/Frameworks/ImageIO.framework/Versions/A/Resources/libRadiance.dylib
0x000000000a104000 	/System/Library/Frameworks/CoreVideo.framework/Versions/A/CoreVideo
0x000000000a104000 	/System/Library/Frameworks/OpenGL.framework/Versions/A/Libraries/libGLU.dylib
0x000000000a104000 	/System/Library/Frameworks/OpenGL.framework/Versions/A/Libraries/libGFXShared.dylib
0x000000000a104000 	/System/Library/Frameworks/OpenGL.framework/Versions/A/Libraries/libGL.dylib
0x000000000a104000 	/System/Library/Frameworks/OpenGL.framework/Versions/A/Libraries/libGLImage.dylib
0x000000000a104000 	/System/Library/Frameworks/OpenGL.framework/Versions/A/Libraries/libCVMSPluginSupport.dylib
0x000000000a104000 	/System/Library/Frameworks/OpenGL.framework/Versions/A/Libraries/libCoreVMClient.dylib
0x000000000a104000 	/usr/lib/libcups.2.dylib
0x000000000a104000 	/System/Library/Frameworks/Kerberos.framework/Versions/A/Kerberos
0x000000000a104000 	/System/Library/Frameworks/GSS.framework/Versions/A/GSS
0x000000000a104000 	/usr/lib/libresolv.9.dylib
0x000000000a104000 	/usr/lib/libiconv.2.dylib
0x000000000a104000 	/System/Library/PrivateFrameworks/Heimdal.framework/Versions/A/Heimdal
0x000000000a104000 	/usr/lib/libheimdal-asn1.dylib
0x000000000a104000 	/System/Library/Frameworks/OpenDirectory.framework/Versions/A/OpenDirectory
0x000000000a104000 	/System/Library/PrivateFrameworks/CommonAuth.framework/Versions/A/CommonAuth
0x000000000a104000 	/System/Library/Frameworks/OpenDirectory.framework/Versions/A/Frameworks/CFOpenDirectory.framework/Versions/A/CFOpenDirectory
0x000000000a104000 	/System/Library/Frameworks/SecurityFoundation.framework/Versions/A/SecurityFoundation
0x000000000a104000 	/System/Library/PrivateFrameworks/LanguageModeling.framework/Versions/A/LanguageModeling
0x000000000a104000 	/usr/lib/libcmph.dylib
0x000000000a104000 	/System/Library/Frameworks/ServiceManagement.framework/Versions/A/ServiceManagement
0x000000000a104000 	/usr/lib/libxslt.1.dylib
0x000000000a104000 	/System/Library/Frameworks/Carbon.framework/Versions/A/Frameworks/Ink.framework/Versions/A/Ink
0x000000000a104000 	/System/Library/Frameworks/QuartzCore.framework/Versions/A/Frameworks/CoreImage.framework/Versions/A/CoreImage
0x000000000a104000 	/System/Library/PrivateFrameworks/CrashReporterSupport.framework/Versions/A/CrashReporterSupport
0x000000000a104000 	/System/Library/Frameworks/OpenCL.framework/Versions/A/OpenCL
0x000000000a104000 	/System/Library/PrivateFrameworks/FaceCore.framework/Versions/A/FaceCore
0x000000000a104000 	/System/Library/PrivateFrameworks/Ubiquity.framework/Versions/A/Ubiquity
0x000000000a104000 	/System/Library/PrivateFrameworks/IconServices.framework/Versions/A/IconServices
0x000000000a104000 	/System/Library/PrivateFrameworks/ChunkingLibrary.framework/Versions/A/ChunkingLibrary
0x000000000a104000 	/System/Library/PrivateFrameworks/Apple80211.framework/Versions/A/Apple80211
0x000000000a104000 	/System/Library/Frameworks/CoreWLAN.framework/Versions/A/CoreWLAN
0x000000000a104000 	/System/Library/Frameworks/IOBluetooth.framework/Versions/A/IOBluetooth
0x000000000a104000 	/System/Library/PrivateFrameworks/CoreWiFi.framework/Versions/A/CoreWiFi
0x000000000a104000 	/System/Library/Frameworks/CoreBluetooth.framework/Versions/A/CoreBluetooth
0x000000000a104000 	/System/Library/PrivateFrameworks/DebugSymbols.framework/Versions/A/DebugSymbols
0x000000000a104000 	/System/Library/PrivateFrameworks/CoreSymbolication.framework/Versions/A/CoreSymbolication
0x000000000a104000 	/System/Library/PrivateFrameworks/Symbolication.framework/Versions/A/Symbolication
0x000000000a104000 	/System/Library/PrivateFrameworks/SpeechRecognitionCore.framework/Versions/A/SpeechRecognitionCore
0x0000000105c13000 	/Library/Java/JavaVirtualMachines/jdk1.8.0_66.jdk/Contents/Home/jre/lib/server/libjvm.dylib
0x000000000a104000 	/usr/lib/libstdc++.6.dylib
0x0000000106c9c000 	/Library/Java/JavaVirtualMachines/jdk1.8.0_66.jdk/Contents/Home/jre/lib/libverify.dylib
0x0000000106caa000 	/Library/Java/JavaVirtualMachines/jdk1.8.0_66.jdk/Contents/Home/jre/lib/libjava.dylib
0x0000000106cdf000 	/Library/Java/JavaVirtualMachines/jdk1.8.0_66.jdk/Contents/Home/jre/lib/libzip.dylib
0x00000001228be000 	/System/Library/Frameworks/JavaVM.framework/Frameworks/JavaRuntimeSupport.framework/JavaRuntimeSupport
0x00000001228d9000 	/System/Library/Frameworks/JavaVM.framework/Versions/A/Frameworks/JavaNativeFoundation.framework/Versions/A/JavaNativeFoundation
0x00000001228ee000 	/System/Library/Frameworks/JavaVM.framework/Versions/A/JavaVM
0x000000000a104000 	/System/Library/Frameworks/Carbon.framework/Versions/A/Carbon
0x00000001228fb000 	/System/Library/PrivateFrameworks/JavaLaunching.framework/Versions/A/JavaLaunching
0x000000000a104000 	/System/Library/Frameworks/Carbon.framework/Versions/A/Frameworks/CommonPanels.framework/Versions/A/CommonPanels
0x000000000a104000 	/System/Library/Frameworks/Carbon.framework/Versions/A/Frameworks/Help.framework/Versions/A/Help
0x000000000a104000 	/System/Library/Frameworks/Carbon.framework/Versions/A/Frameworks/ImageCapture.framework/Versions/A/ImageCapture
0x000000000a104000 	/System/Library/Frameworks/Carbon.framework/Versions/A/Frameworks/OpenScripting.framework/Versions/A/OpenScripting
0x000000000a104000 	/System/Library/Frameworks/Carbon.framework/Versions/A/Frameworks/Print.framework/Versions/A/Print
0x000000000a104000 	/System/Library/Frameworks/Carbon.framework/Versions/A/Frameworks/SecurityHI.framework/Versions/A/SecurityHI
0x0000000125230000 	/Applications/IntelliJ IDEA 15.app/Contents/bin/libbreakgen64.jnilib
0x0000000125336000 	/Library/Java/JavaVirtualMachines/jdk1.8.0_66.jdk/Contents/Home/jre/lib/libnet.dylib
0x000000012546e000 	/Library/Java/JavaVirtualMachines/jdk1.8.0_66.jdk/Contents/Home/jre/lib/libmanagement.dylib
0x000000012547c000 	/Library/Java/JavaVirtualMachines/jdk1.8.0_66.jdk/Contents/Home/jre/lib/libosx.dylib
0x000000012548a000 	/Library/Java/JavaVirtualMachines/jdk1.8.0_66.jdk/Contents/Home/jre/lib/./libosxapp.dylib
0x000000000a104000 	/System/Library/Frameworks/ExceptionHandling.framework/Versions/A/ExceptionHandling
0x000000012585c000 	/Library/Java/JavaVirtualMachines/jdk1.8.0_66.jdk/Contents/Home/jre/lib/libjaas_unix.dylib
0x00000001255b9000 	/Library/Java/JavaVirtualMachines/jdk1.8.0_66.jdk/Contents/Home/jre/lib/libsunec.dylib
0x0000000125581000 	/Library/Java/JavaVirtualMachines/jdk1.8.0_66.jdk/Contents/Home/jre/lib/libnio.dylib
0x000000012543c000 	/private/var/folders/qd/m7k7rh816rz7bgxw2bvt8dkh0000gn/T/snappy-unknown-ab2f2130-c66c-4621-8633-3648a81a164a-libsnappyjava.jnilib
0x0000000125564000 	/Library/Frameworks/R.framework/Versions/3.2/Resources/library/rJava/jri/libjri.jnilib
0x000000012d55c000 	/Library/Frameworks/R.framework/Versions/3.2/Resources/lib/libR.dylib
0x00000001255e1000 	/usr/lib/libpcre.0.dylib
0x00000001257e2000 	/Library/Frameworks/R.framework/Versions/3.2/Resources/lib/libRblas.dylib
0x000000012d975000 	/Library/Frameworks/R.framework/Versions/3.2/Resources/lib/libgfortran.3.dylib
0x0000000125812000 	/Library/Frameworks/R.framework/Versions/3.2/Resources/lib/libquadmath.0.dylib
0x0000000125b41000 	/Library/Frameworks/R.framework/Versions/3.2/Resources/lib/libreadline.5.2.dylib
0x0000000125965000 	/Library/Frameworks/R.framework/Versions/3.2/Resources/lib/libgcc_s_x86_64.1.dylib
0x000000000a104000 	/usr/lib/libncurses.5.4.dylib
0x000000012578d000 	/Library/Frameworks/R.framework/Versions/3.2/Resources/library/utils/libs/utils.so
0x0000000125570000 	/Library/Frameworks/R.framework/Versions/3.2/Resources/library/methods/libs/methods.so
0x0000000125984000 	/Library/Frameworks/R.framework/Versions/3.2/Resources/library/grDevices/libs/grDevices.so
0x00000001253f3000 	/Library/Frameworks/R.framework/Versions/3.2/Resources/library/graphics/libs/graphics.so
0x000000012dff6000 	/Library/Frameworks/R.framework/Versions/3.2/Resources/library/stats/libs/stats.so
0x000000012e0b1000 	/Library/Frameworks/R.framework/Versions/3.2/Resources/lib/libRlapack.dylib
0x0000000125448000 	/Library/Frameworks/R.framework/Versions/3.2/Resources/library/rJava/libs/rJava.so

VM Arguments:
jvm_args: -Djava.library.path=/Library/Frameworks/R.framework/Versions/3.2/Resources/library/rJava/jri -Didea.launcher.port=7535 -Didea.launcher.bin.path=/Applications/IntelliJ IDEA 15.app/Contents/bin -Dfile.encoding=UTF-8 
java_command: com.intellij.rt.execution.application.AppMain com.ikanow.aleph2.analytics.r.utils.RScriptUtils
java_class_path (initial): /Library/Java/JavaVirtualMachines/jdk1.8.0_66.jdk/Contents/Home/lib/ant-javafx.jar:/Library/Java/JavaVirtualMachines/jdk1.8.0_66.jdk/Contents/Home/lib/dt.jar:/Library/Java/JavaVirtualMachines/jdk1.8.0_66.jdk/Contents/Home/lib/javafx-mx.jar:/Library/Java/JavaVirtualMachines/jdk1.8.0_66.jdk/Contents/Home/lib/jconsole.jar:/Library/Java/JavaVirtualMachines/jdk1.8.0_66.jdk/Contents/Home/lib/packager.jar:/Library/Java/JavaVirtualMachines/jdk1.8.0_66.jdk/Contents/Home/lib/sa-jdi.jar:/Library/Java/JavaVirtualMachines/jdk1.8.0_66.jdk/Contents/Home/lib/tools.jar:/Library/Java/JavaVirtualMachines/jdk1.8.0_66.jdk/Contents/Home/jre/lib/charsets.jar:/Library/Java/JavaVirtualMachines/jdk1.8.0_66.jdk/Contents/Home/jre/lib/deploy.jar:/Library/Java/JavaVirtualMachines/jdk1.8.0_66.jdk/Contents/Home/jre/lib/javaws.jar:/Library/Java/JavaVirtualMachines/jdk1.8.0_66.jdk/Contents/Home/jre/lib/jce.jar:/Library/Java/JavaVirtualMachines/jdk1.8.0_66.jdk/Contents/Home/jre/lib/jfr.jar:/Library/Java/JavaVirtualMachines/jdk1.8.0_66.jdk/Contents/Home/jre/lib/jfxswt.jar:/Library/Java/JavaVirtualMachines/jdk1.8.0_66.jdk/Contents/Home/jre/lib/jsse.jar:/Library/Java/JavaVirtualMachines/jdk1.8.0_66.jdk/Contents/Home/jre/lib/management-agent.jar:/Library/Java/JavaVirtualMachines/jdk1.8.0_66.jdk/Contents/Home/jre/lib/plugin.jar:/Library/Java/JavaVirtualMachines/jdk1.8.0_66.jdk/Contents/Home/jre/lib/resources.jar:/Library/Java/JavaVirtualMachines/jdk1.8.0_66.jdk/Contents/Home/jre/lib/rt.jar:/Library/Java/JavaVirtualMachines/jdk1.8.0_66.jdk/Contents/Home/jre/lib/ext/cldrdata.jar:/Library/Java/JavaVirtualMachines/jdk1.8.0_66.jdk/Contents/Home/jre/lib/ext/dnsns.jar:/Library/Java/JavaVirtualMachines/jdk1.8.0_66.jdk/Contents/Home/jre/lib/ext/jaccess.jar:/Library/Java/JavaVirtualMachines/jdk1.8.0_66.jdk/Contents/Home/jre/lib/ext/jfxrt.jar:/Library/Java/JavaVirtualMachines/jdk1.8.0_66.jdk/Contents/Home/jre/lib/ext/localedata.jar:/Library/Java/JavaVirtualMachines/jdk1.8.0_66.jdk/Conten
Launcher Type: SUN_STANDARD

Environment Variables:
JAVA_HOME=/Library/Java/JavaVirtualMachines/jdk1.8.0_66.jdk/Contents/Home/bin
PATH=/opt/local/bin:/opt/local/sbin:/Library/Frameworks/Python.framework/Versions/2.7/bin:/usr/local/bin:/usr/bin:/bin:/usr/sbin:/sbin:/Users/shawnkyzer/Downloads/spark-1.5.2/bin
LD_LIBRARY_PATH=:@JAVA_LD@
SHELL=/bin/bash

Signal Handlers:
SIGSEGV: [libjvm.dylib+0x5a65d5], sa_mask[0]=11111111011111110111111111111111, sa_flags=SA_ONSTACK|SA_RESTART|SA_SIGINFO
SIGBUS: [libjvm.dylib+0x5a65d5], sa_mask[0]=11111111011111110111111111111111, sa_flags=SA_RESTART|SA_SIGINFO
SIGFPE: [libjvm.dylib+0x4802e8], sa_mask[0]=11111111011111110111111111111111, sa_flags=SA_RESTART|SA_SIGINFO
SIGPIPE: [libjvm.dylib+0x4802e8], sa_mask[0]=11111111011111110111111111111111, sa_flags=SA_RESTART|SA_SIGINFO
SIGXFSZ: [libjvm.dylib+0x4802e8], sa_mask[0]=11111111011111110111111111111111, sa_flags=SA_RESTART|SA_SIGINFO
SIGILL: [libjvm.dylib+0x4802e8], sa_mask[0]=11111111011111110111111111111111, sa_flags=SA_RESTART|SA_SIGINFO
SIGUSR1: SIG_DFL, sa_mask[0]=00000000000000000000000000000000, sa_flags=none
SIGUSR2: [libjvm.dylib+0x47fe06], sa_mask[0]=00100000000000000000000000000000, sa_flags=SA_RESTART|SA_SIGINFO
SIGHUP: [libjvm.dylib+0x47e3dd], sa_mask[0]=11111111011111110111111111111111, sa_flags=SA_RESTART|SA_SIGINFO
SIGINT: [libjvm.dylib+0x47e3dd], sa_mask[0]=00000000000000000000000000000000, sa_flags=SA_RESTART
SIGTERM: [libjvm.dylib+0x47e3dd], sa_mask[0]=11111111011111110111111111111111, sa_flags=SA_RESTART|SA_SIGINFO
SIGQUIT: [libjvm.dylib+0x47e3dd], sa_mask[0]=11111111011111110111111111111111, sa_flags=SA_RESTART|SA_SIGINFO


---------------  S Y S T E M  ---------------

OS:Bsduname:Darwin 14.4.0 Darwin Kernel Version 14.4.0: Thu May 28 11:35:04 PDT 2015; root:xnu-2782.30.5~1/RELEASE_X86_64 x86_64
rlimit: STACK 8192k, CORE 0k, NPROC 709, NOFILE 10240, AS infinity
load average:2.53 2.47 2.26

CPU:total 8 (4 cores per cpu, 2 threads per core) family 6 model 70 stepping 1, cmov, cx8, fxsr, mmx, sse, sse2, sse3, ssse3, sse4.1, sse4.2, popcnt, avx, avx2, aes, clmul, erms, lzcnt, ht, tsc, tscinvbit, bmi1, bmi2

Memory: 4k page, physical 16777216k(2105676k free)

/proc/meminfo:


vm_info: Java HotSpot(TM) 64-Bit Server VM (25.66-b17) for bsd-amd64 JRE (1.8.0_66-b17), built on Oct  6 2015 16:09:13 by "java_re" with gcc 4.2.1 (Based on Apple Inc. build 5658) (LLVM build 2336.11.00)

time: Thu Dec 10 17:24:03 2015
elapsed time: 15 seconds (0d 0h 0m 15s)

