#
# A fatal error has been detected by the Java Runtime Environment:
#
#  SIGSEGV (0xb) at pc=0x00000001251da7d4, pid=9717, tid=4867
#
# JRE version: Java(TM) SE Runtime Environment (8.0_66-b17) (build 1.8.0_66-b17)
# Java VM: Java HotSpot(TM) 64-Bit Server VM (25.66-b17 mixed mode bsd-amd64 compressed oops)
# Problematic frame:
# C  [libR.dylib+0x13a7d4]  TYPEOF+0x4
#
# Failed to write core dump. Core dumps have been disabled. To enable core dumping, try "ulimit -c unlimited" before starting Java again
#
# If you would like to submit a bug report, please visit:
#   http://bugreport.java.com/bugreport/crash.jsp
# The crash happened outside the Java Virtual Machine in native code.
# See problematic frame for where to report the bug.
#

---------------  T H R E A D  ---------------

Current thread (0x00007fd8e3000000):  JavaThread "main" [_thread_in_native, id=4867, stack(0x0000000104873000,0x0000000104973000)]

siginfo: si_signo: 11 (SIGSEGV), si_code: 1 (SEGV_MAPERR), si_addr: 0x0000000000000000

Registers:
RAX=0x0000000125095c00, RBX=0x0000000000000000, RCX=0x0000000106214310, RDX=0x0000000000000000
RSP=0x0000000104972810, RBP=0x0000000104972810, RSI=0x00000001049728e0, RDI=0x0000000000000000
R8 =0x0000000106a31ee7, R9 =0x00000000fffffff0, R10=0x00000001069eef82, R11=0x0000000105edbd77
R12=0x0000000000000000, R13=0x000000011ff55620, R14=0x00000001049728e0, R15=0x00007fd8e3000000
RIP=0x00000001251da7d4, EFLAGS=0x0000000000010212, ERR=0x0000000000000004
  TRAPNO=0x000000000000000e

Top of Stack: (sp=0x0000000104972810)
0x0000000104972810:   0000000104972830 0000000125095c11
0x0000000104972820:   0000000125095c00 000000011ff55620
0x0000000104972830:   00000001049728b0 00000001069eefae
0x0000000104972840:   000000011ff55620 00000001049728e0
0x0000000104972850:   00000001049728b0 00000001069ee859
0x0000000104972860:   0000000000000001 000000076b2b5488
0x0000000104972870:   0000000104972860 000000011ff55620
0x0000000104972880:   00000001049728e0 000000011ff57228
0x0000000104972890:   0000000000000000 000000011ff55620
0x00000001049728a0:   0000000000000000 00000001049728d0
0x00000001049728b0:   0000000104972928 00000001069d8a50
0x00000001049728c0:   0000000000000000 00000001069e47db
0x00000001049728d0:   0000000000000000 00000001069e4967
0x00000001049728e0:   000000076b2b5488 00000001049728e8
0x00000001049728f0:   000000011ff50aa0 0000000104972948
0x0000000104972900:   000000011ff51128 0000000000000000
0x0000000104972910:   000000011ff50ae8 00000001049728d0
0x0000000104972920:   0000000104972948 00000001049729b0
0x0000000104972930:   00000001069d17a7 0000000000000000
0x0000000104972940:   000000076b5c9068 000000076b5c5f88
0x0000000104972950:   0000000100001fa0 000000000000000a
0x0000000104972960:   00007fd8e3000000 0000000000000001
0x0000000104972970:   00000001069d171f 000000011ff50ae8
0x0000000104972980:   0000000104972a48 0000000104972dd0
0x0000000104972990:   000000010000000a 000000011ff50ae8
0x00000001049729a0:   00000001069e6c40 0000000104972b88
0x00000001049729b0:   0000000104972b60 0000000105cea35e
0x00000001049729c0:   0000000000000001 00007fd8e3000000
0x00000001049729d0:   0000000000000000 0000000104972dd0
0x00000001049729e0:   0000000000000000 00000001069e6c40
0x00000001049729f0:   0000000000000000 0000000104972b80
0x0000000104972a00:   0000000104972dc8 00007fd8e3000000 

Instructions: (pc=0x00000001251da7d4)
0x00000001251da7b4:   8b 07 c1 e8 05 83 e0 01 5d c3 66 90 55 48 89 e5
0x00000001251da7c4:   0f b6 47 03 83 e0 01 5d c3 0f 1f 00 55 48 89 e5
0x00000001251da7d4:   8b 07 83 e0 1f 5d c3 0f 1f 44 00 00 55 48 89 e5
0x00000001251da7e4:   8b 07 c1 e8 06 83 e0 03 5d c3 66 90 55 48 89 e5 

Register to memory mapping:

RAX=0x0000000125095c00: Java_org_rosuda_JRI_Rengine_rniXrefToJava+0 in /Library/Frameworks/R.framework/Versions/3.2/Resources/library/rJava/jri/libjri.jnilib at 0x0000000125094000
RBX=0x0000000000000000 is an unknown value
RCX=0x0000000106214310: UseMembar+0 in /Library/Java/JavaVirtualMachines/jdk1.8.0_66.jdk/Contents/Home/jre/lib/server/libjvm.dylib at 0x0000000105a00000
RDX=0x0000000000000000 is an unknown value
RSP=0x0000000104972810 is pointing into the stack for thread: 0x00007fd8e3000000
RBP=0x0000000104972810 is pointing into the stack for thread: 0x00007fd8e3000000
RSI=0x00000001049728e0 is pointing into the stack for thread: 0x00007fd8e3000000
RDI=0x0000000000000000 is an unknown value
R8 =0x0000000106a31ee7 is at code_begin+7 in 
[CodeBlob (0x0000000106a31e90)]
Framesize: 0
BufferBlob (0x0000000106a31e90) used for Signature Handler Temp Buffer
R9 =0x00000000fffffff0 is an unknown value
R10=0x00000001069eef82 is at code_begin+2050 in an Interpreter codelet
method entry point (kind = native_synchronized)  [0x00000001069ee780, 0x00000001069ef8a0]  4384 bytes
R11=0x0000000105edbd77: throw_unsatisfied_link_error+0 in /Library/Java/JavaVirtualMachines/jdk1.8.0_66.jdk/Contents/Home/jre/lib/server/libjvm.dylib at 0x0000000105a00000
R12=0x0000000000000000 is an unknown value
R13={method} {0x000000011ff55620} 'rniXrefToJava' '(J)Ljava/lang/Object;' in 'org/rosuda/JRI/Rengine'
R14=0x00000001049728e0 is pointing into the stack for thread: 0x00007fd8e3000000
R15=0x00007fd8e3000000 is a thread


Stack: [0x0000000104873000,0x0000000104973000],  sp=0x0000000104972810,  free space=1022k
Native frames: (J=compiled Java code, j=interpreted, Vv=VM code, C=native code)
C  [libR.dylib+0x13a7d4]  TYPEOF+0x4
C  [libjri.jnilib+0x1c11]  Java_org_rosuda_JRI_Rengine_rniXrefToJava+0x11
j  org.rosuda.JRI.Rengine.rniXrefToJava(J)Ljava/lang/Object;+0
j  com.ikanow.aleph2.analytics.r.utils.RScriptUtils.main([Ljava/lang/String;)V+16
v  ~StubRoutines::call_stub
V  [libjvm.dylib+0x2ea35e]  JavaCalls::call_helper(JavaValue*, methodHandle*, JavaCallArguments*, Thread*)+0x6ae
V  [libjvm.dylib+0x3210d0]  jni_invoke_static(JNIEnv_*, JavaValue*, _jobject*, JNICallType, _jmethodID*, JNI_ArgumentPusher*, Thread*)+0x1bf
V  [libjvm.dylib+0x319e4a]  jni_CallStaticVoidMethod+0x15d
C  [java+0x393e]  JavaMain+0x9b1
C  [libsystem_pthread.dylib+0x3268]  _pthread_body+0x83
C  [libsystem_pthread.dylib+0x31e5]  _pthread_body+0x0
C  [libsystem_pthread.dylib+0x141d]  thread_start+0xd
C  0x0000000000000000

Java frames: (J=compiled Java code, j=interpreted, Vv=VM code)
j  org.rosuda.JRI.Rengine.rniXrefToJava(J)Ljava/lang/Object;+0
j  com.ikanow.aleph2.analytics.r.utils.RScriptUtils.main([Ljava/lang/String;)V+16
v  ~StubRoutines::call_stub

---------------  P R O C E S S  ---------------

Java Threads: ( => current thread )
  0x00007fd8e3115800 JavaThread "Thread-0" [_thread_blocked, id=23299, stack(0x0000000125726000,0x0000000125826000)]
  0x00007fd8e1003000 JavaThread "Service Thread" daemon [_thread_blocked, id=22275, stack(0x00000001246c0000,0x00000001247c0000)]
  0x00007fd8e0824000 JavaThread "C1 CompilerThread3" daemon [_thread_blocked, id=21763, stack(0x00000001245bd000,0x00000001246bd000)]
  0x00007fd8e0845000 JavaThread "C2 CompilerThread2" daemon [_thread_blocked, id=21251, stack(0x00000001244ba000,0x00000001245ba000)]
  0x00007fd8e3018800 JavaThread "C2 CompilerThread1" daemon [_thread_blocked, id=20739, stack(0x00000001243b7000,0x00000001244b7000)]
  0x00007fd8e202d800 JavaThread "C2 CompilerThread0" daemon [_thread_blocked, id=20227, stack(0x00000001242b4000,0x00000001243b4000)]
  0x00007fd8e2043800 JavaThread "JDWP Event Helper Thread" daemon [_thread_blocked, id=19203, stack(0x00000001240ae000,0x00000001241ae000)]
  0x00007fd8e3030800 JavaThread "Signal Dispatcher" daemon [_thread_blocked, id=15127, stack(0x0000000123ea1000,0x0000000123fa1000)]
  0x00007fd8e4002000 JavaThread "Finalizer" daemon [_thread_blocked, id=13571, stack(0x000000012247d000,0x000000012257d000)]
  0x00007fd8e4800000 JavaThread "Reference Handler" daemon [_thread_blocked, id=13059, stack(0x000000012237a000,0x000000012247a000)]
=>0x00007fd8e3000000 JavaThread "main" [_thread_in_native, id=4867, stack(0x0000000104873000,0x0000000104973000)]

Other Threads:
  0x00007fd8e3030000 VMThread [stack: 0x0000000122277000,0x0000000122377000] [id=12547]
  0x00007fd8e3047000 WatcherThread [stack: 0x00000001247c3000,0x00000001248c3000] [id=22787]

VM state:not at safepoint (normal execution)

VM Mutex/Monitor currently owned by a thread: None

Heap:
 PSYoungGen      total 76288K, used 11796K [0x000000076ab00000, 0x0000000770000000, 0x00000007c0000000)
  eden space 65536K, 18% used [0x000000076ab00000,0x000000076b685300,0x000000076eb00000)
  from space 10752K, 0% used [0x000000076f580000,0x000000076f580000,0x0000000770000000)
  to   space 10752K, 0% used [0x000000076eb00000,0x000000076eb00000,0x000000076f580000)
 ParOldGen       total 175104K, used 0K [0x00000006c0000000, 0x00000006cab00000, 0x000000076ab00000)
  object space 175104K, 0% used [0x00000006c0000000,0x00000006c0000000,0x00000006cab00000)
 Metaspace       used 3074K, capacity 4682K, committed 4864K, reserved 1056768K
  class space    used 321K, capacity 426K, committed 512K, reserved 1048576K

Card table byte_map: [0x0000000115d91000,0x0000000116592000] byte_map_base: 0x0000000112791000

Marking Bits: (ParMarkBitMap*) 0x00000001062dde20
 Begin Bits: [0x0000000117300000, 0x000000011b300000)
 End Bits:   [0x000000011b300000, 0x000000011f300000)

Polling page: 0x00000001049b8000

CodeCache: size=245760Kb used=1591Kb max_used=1591Kb free=244168Kb
 bounds [0x00000001069d1000, 0x0000000106c41000, 0x00000001159d1000]
 total_blobs=451 nmethods=225 adapters=148
 compilation: enabled

Compilation events (10 events):
Event: 0.731 Thread 0x00007fd8e0824000  220       3       java.io.File::<init> (47 bytes)
Event: 0.731 Thread 0x00007fd8e0824000 nmethod 220 0x0000000106b5c6d0 code [0x0000000106b5c8a0, 0x0000000106b5cfa8]
Event: 0.732 Thread 0x00007fd8e0824000  221       3       java.lang.String::replace (127 bytes)
Event: 0.732 Thread 0x00007fd8e0824000 nmethod 221 0x0000000106b5d390 code [0x0000000106b5d540, 0x0000000106b5dbf0]
Event: 0.733 Thread 0x00007fd8e0824000  222       3       java.util.concurrent.ConcurrentHashMap::setTabAt (19 bytes)
Event: 0.734 Thread 0x00007fd8e0824000 nmethod 222 0x0000000106b5e350 code [0x0000000106b5e4a0, 0x0000000106b5e610]
Event: 0.734 Thread 0x00007fd8e0824000  224       3       java.lang.String::lastIndexOf (151 bytes)
Event: 0.734 Thread 0x00007fd8e0824000 nmethod 224 0x0000000106b5e690 code [0x0000000106b5e840, 0x0000000106b5edb0]
Event: 0.737 Thread 0x00007fd8e0824000  225       1       java.nio.Buffer::limit (5 bytes)
Event: 0.737 Thread 0x00007fd8e0824000 nmethod 225 0x0000000106b5f290 code [0x0000000106b5f3e0, 0x0000000106b5f4f0]

GC Heap History (0 events):
No events

Deoptimization events (3 events):
Event: 0.135 Thread 0x00007fd8e3000000 Uncommon trap: reason=unstable_if action=reinterpret pc=0x0000000106ae0de8 method=java.lang.String.hashCode()I @ 14
Event: 0.169 Thread 0x00007fd8e3000000 Uncommon trap: reason=unstable_if action=reinterpret pc=0x0000000106aef160 method=java.lang.String.indexOf(II)I @ 49
Event: 0.392 Thread 0x00007fd8e3000000 Uncommon trap: reason=unstable_if action=reinterpret pc=0x0000000106b4fe64 method=org.rosuda.JRI.Rengine.<init>([Ljava/lang/String;ZLorg/rosuda/JRI/RMainLoopCallbacks;)V @ 78

Internal exceptions (10 events):
Event: 0.705 Thread 0x00007fd8e3000000 Exception <a 'java/security/PrivilegedActionException'> (0x000000076b33ede8) thrown at [/HUDSON3/workspace/8-2-build-macosx-x86_64/jdk8u66/4988/hotspot/src/share/vm/prims/jvm.cpp, line 1386]
Event: 0.705 Thread 0x00007fd8e3000000 Exception <a 'java/security/PrivilegedActionException'> (0x000000076b33eff8) thrown at [/HUDSON3/workspace/8-2-build-macosx-x86_64/jdk8u66/4988/hotspot/src/share/vm/prims/jvm.cpp, line 1386]
Event: 0.706 Thread 0x00007fd8e3000000 Exception <a 'java/security/PrivilegedActionException'> (0x000000076b33fdc8) thrown at [/HUDSON3/workspace/8-2-build-macosx-x86_64/jdk8u66/4988/hotspot/src/share/vm/prims/jvm.cpp, line 1386]
Event: 0.706 Thread 0x00007fd8e3000000 Exception <a 'java/security/PrivilegedActionException'> (0x000000076b33ffd8) thrown at [/HUDSON3/workspace/8-2-build-macosx-x86_64/jdk8u66/4988/hotspot/src/share/vm/prims/jvm.cpp, line 1386]
Event: 0.706 Thread 0x00007fd8e3000000 Exception <a 'java/security/PrivilegedActionException'> (0x000000076b340e00) thrown at [/HUDSON3/workspace/8-2-build-macosx-x86_64/jdk8u66/4988/hotspot/src/share/vm/prims/jvm.cpp, line 1386]
Event: 0.706 Thread 0x00007fd8e3000000 Exception <a 'java/security/PrivilegedActionException'> (0x000000076b341010) thrown at [/HUDSON3/workspace/8-2-build-macosx-x86_64/jdk8u66/4988/hotspot/src/share/vm/prims/jvm.cpp, line 1386]
Event: 0.706 Thread 0x00007fd8e3000000 Exception <a 'java/security/PrivilegedActionException'> (0x000000076b341de0) thrown at [/HUDSON3/workspace/8-2-build-macosx-x86_64/jdk8u66/4988/hotspot/src/share/vm/prims/jvm.cpp, line 1386]
Event: 0.706 Thread 0x00007fd8e3000000 Exception <a 'java/security/PrivilegedActionException'> (0x000000076b341ff0) thrown at [/HUDSON3/workspace/8-2-build-macosx-x86_64/jdk8u66/4988/hotspot/src/share/vm/prims/jvm.cpp, line 1386]
Event: 0.717 Thread 0x00007fd8e3000000 Exception <a 'java/lang/NoClassDefFoundError': RJavaClassLoader> (0x000000076b3b3978) thrown at [/HUDSON3/workspace/8-2-build-macosx-x86_64/jdk8u66/4988/hotspot/src/share/vm/classfile/systemDictionary.cpp, line 199]
Event: 0.718 Thread 0x00007fd8e3000000 Exception <a 'java/lang/NoClassDefFoundError': RJavaClassLoader> (0x000000076b3bf540) thrown at [/HUDSON3/workspace/8-2-build-macosx-x86_64/jdk8u66/4988/hotspot/src/share/vm/classfile/systemDictionary.cpp, line 199]

Events (10 events):
Event: 78.307 Executing VM operation: ForceSafepoint
Event: 78.307 Executing VM operation: ForceSafepoint done
Event: 78.308 Executing VM operation: ForceSafepoint
Event: 78.308 Executing VM operation: ForceSafepoint done
Event: 78.308 Executing VM operation: ForceSafepoint
Event: 78.308 Executing VM operation: ForceSafepoint done
Event: 85.165 Executing VM operation: ForceSafepoint
Event: 85.165 Executing VM operation: ForceSafepoint done
Event: 86.923 Executing VM operation: ForceSafepoint
Event: 86.923 Executing VM operation: ForceSafepoint done


Dynamic libraries:
0x000000000a104000 	/System/Library/Frameworks/Cocoa.framework/Versions/A/Cocoa
0x000000000a104000 	/System/Library/Frameworks/Security.framework/Versions/A/Security
0x000000000a104000 	/System/Library/Frameworks/ApplicationServices.framework/Versions/A/ApplicationServices
0x000000000a104000 	/usr/lib/libz.1.dylib
0x000000000a104000 	/usr/lib/libSystem.B.dylib
0x000000000a104000 	/usr/lib/libobjc.A.dylib
0x000000000a104000 	/System/Library/Frameworks/CoreFoundation.framework/Versions/A/CoreFoundation
0x000000000a104000 	/System/Library/Frameworks/Foundation.framework/Versions/C/Foundation
0x000000000a104000 	/System/Library/Frameworks/AppKit.framework/Versions/C/AppKit
0x000000000a104000 	/System/Library/Frameworks/CoreData.framework/Versions/A/CoreData
0x000000000a104000 	/System/Library/PrivateFrameworks/RemoteViewServices.framework/Versions/A/RemoteViewServices
0x000000000a104000 	/System/Library/PrivateFrameworks/UIFoundation.framework/Versions/A/UIFoundation
0x000000000a104000 	/System/Library/Frameworks/IOSurface.framework/Versions/A/IOSurface
0x000000000a104000 	/System/Library/Frameworks/AudioToolbox.framework/Versions/A/AudioToolbox
0x000000000a104000 	/System/Library/Frameworks/AudioUnit.framework/Versions/A/AudioUnit
0x000000000a104000 	/System/Library/PrivateFrameworks/DataDetectorsCore.framework/Versions/A/DataDetectorsCore
0x000000000a104000 	/System/Library/PrivateFrameworks/DesktopServicesPriv.framework/Versions/A/DesktopServicesPriv
0x000000000a104000 	/System/Library/Frameworks/Carbon.framework/Versions/A/Frameworks/HIToolbox.framework/Versions/A/HIToolbox
0x000000000a104000 	/System/Library/Frameworks/QuartzCore.framework/Versions/A/QuartzCore
0x000000000a104000 	/System/Library/Frameworks/Carbon.framework/Versions/A/Frameworks/SpeechRecognition.framework/Versions/A/SpeechRecognition
0x000000000a104000 	/usr/lib/libauto.dylib
0x000000000a104000 	/usr/lib/libicucore.A.dylib
0x000000000a104000 	/usr/lib/libxml2.2.dylib
0x000000000a104000 	/System/Library/PrivateFrameworks/CoreUI.framework/Versions/A/CoreUI
0x000000000a104000 	/System/Library/Frameworks/CoreAudio.framework/Versions/A/CoreAudio
0x000000000a104000 	/System/Library/Frameworks/DiskArbitration.framework/Versions/A/DiskArbitration
0x000000000a104000 	/usr/lib/liblangid.dylib
0x000000000a104000 	/System/Library/PrivateFrameworks/MultitouchSupport.framework/Versions/A/MultitouchSupport
0x000000000a104000 	/System/Library/Frameworks/IOKit.framework/Versions/A/IOKit
0x000000000a104000 	/usr/lib/libDiagnosticMessagesClient.dylib
0x000000000a104000 	/System/Library/Frameworks/CoreServices.framework/Versions/A/CoreServices
0x000000000a104000 	/System/Library/PrivateFrameworks/PerformanceAnalysis.framework/Versions/A/PerformanceAnalysis
0x000000000a104000 	/System/Library/PrivateFrameworks/GenerationalStorage.framework/Versions/A/GenerationalStorage
0x000000000a104000 	/System/Library/Frameworks/OpenGL.framework/Versions/A/OpenGL
0x000000000a104000 	/System/Library/PrivateFrameworks/Sharing.framework/Versions/A/Sharing
0x000000000a104000 	/System/Library/Frameworks/CoreGraphics.framework/Versions/A/CoreGraphics
0x000000000a104000 	/System/Library/Frameworks/CoreText.framework/Versions/A/CoreText
0x000000000a104000 	/System/Library/Frameworks/ImageIO.framework/Versions/A/ImageIO
0x000000000a104000 	/usr/lib/libextension.dylib
0x000000000a104000 	/System/Library/PrivateFrameworks/Backup.framework/Versions/A/Backup
0x000000000a104000 	/usr/lib/libarchive.2.dylib
0x000000000a104000 	/System/Library/Frameworks/CFNetwork.framework/Versions/A/CFNetwork
0x000000000a104000 	/System/Library/Frameworks/SystemConfiguration.framework/Versions/A/SystemConfiguration
0x000000000a104000 	/usr/lib/libCRFSuite.dylib
0x000000000a104000 	/usr/lib/libc++.1.dylib
0x000000000a104000 	/usr/lib/libc++abi.dylib
0x000000000a104000 	/usr/lib/system/libcache.dylib
0x000000000a104000 	/usr/lib/system/libcommonCrypto.dylib
0x000000000a104000 	/usr/lib/system/libcompiler_rt.dylib
0x000000000a104000 	/usr/lib/system/libcopyfile.dylib
0x000000000a104000 	/usr/lib/system/libcorecrypto.dylib
0x000000000a104000 	/usr/lib/system/libdispatch.dylib
0x000000000a104000 	/usr/lib/system/libdyld.dylib
0x000000000a104000 	/usr/lib/system/libkeymgr.dylib
0x000000000a104000 	/usr/lib/system/liblaunch.dylib
0x000000000a104000 	/usr/lib/system/libmacho.dylib
0x000000000a104000 	/usr/lib/system/libquarantine.dylib
0x000000000a104000 	/usr/lib/system/libremovefile.dylib
0x000000000a104000 	/usr/lib/system/libsystem_asl.dylib
0x000000000a104000 	/usr/lib/system/libsystem_blocks.dylib
0x000000000a104000 	/usr/lib/system/libsystem_c.dylib
0x000000000a104000 	/usr/lib/system/libsystem_configuration.dylib
0x000000000a104000 	/usr/lib/system/libsystem_coreservices.dylib
0x000000000a104000 	/usr/lib/system/libsystem_coretls.dylib
0x000000000a104000 	/usr/lib/system/libsystem_dnssd.dylib
0x000000000a104000 	/usr/lib/system/libsystem_info.dylib
0x000000000a104000 	/usr/lib/system/libsystem_kernel.dylib
0x000000000a104000 	/usr/lib/system/libsystem_m.dylib
0x000000000a104000 	/usr/lib/system/libsystem_malloc.dylib
0x000000000a104000 	/usr/lib/system/libsystem_network.dylib
0x000000000a104000 	/usr/lib/system/libsystem_networkextension.dylib
0x000000000a104000 	/usr/lib/system/libsystem_notify.dylib
0x000000000a104000 	/usr/lib/system/libsystem_platform.dylib
0x000000000a104000 	/usr/lib/system/libsystem_pthread.dylib
0x000000000a104000 	/usr/lib/system/libsystem_sandbox.dylib
0x000000000a104000 	/usr/lib/system/libsystem_secinit.dylib
0x000000000a104000 	/usr/lib/system/libsystem_stats.dylib
0x000000000a104000 	/usr/lib/system/libsystem_trace.dylib
0x000000000a104000 	/usr/lib/system/libunc.dylib
0x000000000a104000 	/usr/lib/system/libunwind.dylib
0x000000000a104000 	/usr/lib/system/libxpc.dylib
0x000000000a104000 	/usr/lib/libbz2.1.0.dylib
0x000000000a104000 	/usr/lib/liblzma.5.dylib
0x000000000a104000 	/usr/lib/libbsm.0.dylib
0x000000000a104000 	/usr/lib/libsqlite3.dylib
0x000000000a104000 	/usr/lib/system/libkxld.dylib
0x000000000a104000 	/usr/lib/libxar.1.dylib
0x000000000a104000 	/usr/lib/libpam.2.dylib
0x000000000a104000 	/usr/lib/libOpenScriptingUtil.dylib
0x000000000a104000 	/System/Library/Frameworks/CoreServices.framework/Versions/A/Frameworks/FSEvents.framework/Versions/A/FSEvents
0x000000000a104000 	/System/Library/Frameworks/CoreServices.framework/Versions/A/Frameworks/CarbonCore.framework/Versions/A/CarbonCore
0x000000000a104000 	/System/Library/Frameworks/CoreServices.framework/Versions/A/Frameworks/Metadata.framework/Versions/A/Metadata
0x000000000a104000 	/System/Library/Frameworks/CoreServices.framework/Versions/A/Frameworks/OSServices.framework/Versions/A/OSServices
0x000000000a104000 	/System/Library/Frameworks/CoreServices.framework/Versions/A/Frameworks/SearchKit.framework/Versions/A/SearchKit
0x000000000a104000 	/System/Library/Frameworks/CoreServices.framework/Versions/A/Frameworks/AE.framework/Versions/A/AE
0x000000000a104000 	/System/Library/Frameworks/CoreServices.framework/Versions/A/Frameworks/LaunchServices.framework/Versions/A/LaunchServices
0x000000000a104000 	/System/Library/Frameworks/CoreServices.framework/Versions/A/Frameworks/DictionaryServices.framework/Versions/A/DictionaryServices
0x000000000a104000 	/System/Library/Frameworks/NetFS.framework/Versions/A/NetFS
0x000000000a104000 	/System/Library/PrivateFrameworks/NetAuth.framework/Versions/A/NetAuth
0x000000000a104000 	/System/Library/PrivateFrameworks/login.framework/Versions/A/Frameworks/loginsupport.framework/Versions/A/loginsupport
0x000000000a104000 	/System/Library/PrivateFrameworks/TCC.framework/Versions/A/TCC
0x000000000a104000 	/usr/lib/libmecabra.dylib
0x000000000a104000 	/System/Library/Frameworks/ApplicationServices.framework/Versions/A/Frameworks/ATS.framework/Versions/A/ATS
0x000000000a104000 	/System/Library/Frameworks/ApplicationServices.framework/Versions/A/Frameworks/ColorSync.framework/Versions/A/ColorSync
0x000000000a104000 	/System/Library/Frameworks/ApplicationServices.framework/Versions/A/Frameworks/HIServices.framework/Versions/A/HIServices
0x000000000a104000 	/System/Library/Frameworks/ApplicationServices.framework/Versions/A/Frameworks/LangAnalysis.framework/Versions/A/LangAnalysis
0x000000000a104000 	/System/Library/Frameworks/ApplicationServices.framework/Versions/A/Frameworks/PrintCore.framework/Versions/A/PrintCore
0x000000000a104000 	/System/Library/Frameworks/ApplicationServices.framework/Versions/A/Frameworks/QD.framework/Versions/A/QD
0x000000000a104000 	/System/Library/Frameworks/ApplicationServices.framework/Versions/A/Frameworks/SpeechSynthesis.framework/Versions/A/SpeechSynthesis
0x000000000a104000 	/System/Library/Frameworks/Accelerate.framework/Versions/A/Accelerate
0x000000000a104000 	/System/Library/Frameworks/Accelerate.framework/Versions/A/Frameworks/vImage.framework/Versions/A/vImage
0x000000000a104000 	/System/Library/Frameworks/Accelerate.framework/Versions/A/Frameworks/vecLib.framework/Versions/A/vecLib
0x000000000a104000 	/System/Library/Frameworks/Accelerate.framework/Versions/A/Frameworks/vecLib.framework/Versions/A/libvDSP.dylib
0x000000000a104000 	/System/Library/Frameworks/Accelerate.framework/Versions/A/Frameworks/vecLib.framework/Versions/A/libvMisc.dylib
0x000000000a104000 	/System/Library/Frameworks/Accelerate.framework/Versions/A/Frameworks/vecLib.framework/Versions/A/libLAPACK.dylib
0x000000000a104000 	/System/Library/Frameworks/Accelerate.framework/Versions/A/Frameworks/vecLib.framework/Versions/A/libBLAS.dylib
0x000000000a104000 	/System/Library/Frameworks/Accelerate.framework/Versions/A/Frameworks/vecLib.framework/Versions/A/libLinearAlgebra.dylib
0x000000000a104000 	/System/Library/Frameworks/ApplicationServices.framework/Versions/A/Frameworks/ATS.framework/Versions/A/Resources/libFontParser.dylib
0x000000000a104000 	/System/Library/Frameworks/ApplicationServices.framework/Versions/A/Frameworks/ATS.framework/Versions/A/Resources/libFontRegistry.dylib
0x000000000a104000 	/System/Library/PrivateFrameworks/AppleVPA.framework/Versions/A/AppleVPA
0x000000000a104000 	/System/Library/PrivateFrameworks/AppleJPEG.framework/Versions/A/AppleJPEG
0x000000000a104000 	/System/Library/Frameworks/ImageIO.framework/Versions/A/Resources/libJPEG.dylib
0x000000000a104000 	/System/Library/Frameworks/ImageIO.framework/Versions/A/Resources/libTIFF.dylib
0x000000000a104000 	/System/Library/Frameworks/ImageIO.framework/Versions/A/Resources/libPng.dylib
0x000000000a104000 	/System/Library/Frameworks/ImageIO.framework/Versions/A/Resources/libGIF.dylib
0x000000000a104000 	/System/Library/Frameworks/ImageIO.framework/Versions/A/Resources/libJP2.dylib
0x000000000a104000 	/System/Library/Frameworks/ImageIO.framework/Versions/A/Resources/libRadiance.dylib
0x000000000a104000 	/System/Library/Frameworks/CoreVideo.framework/Versions/A/CoreVideo
0x000000000a104000 	/System/Library/Frameworks/OpenGL.framework/Versions/A/Libraries/libGLU.dylib
0x000000000a104000 	/System/Library/Frameworks/OpenGL.framework/Versions/A/Libraries/libGFXShared.dylib
0x000000000a104000 	/System/Library/Frameworks/OpenGL.framework/Versions/A/Libraries/libGL.dylib
0x000000000a104000 	/System/Library/Frameworks/OpenGL.framework/Versions/A/Libraries/libGLImage.dylib
0x000000000a104000 	/System/Library/Frameworks/OpenGL.framework/Versions/A/Libraries/libCVMSPluginSupport.dylib
0x000000000a104000 	/System/Library/Frameworks/OpenGL.framework/Versions/A/Libraries/libCoreVMClient.dylib
0x000000000a104000 	/usr/lib/libcups.2.dylib
0x000000000a104000 	/System/Library/Frameworks/Kerberos.framework/Versions/A/Kerberos
0x000000000a104000 	/System/Library/Frameworks/GSS.framework/Versions/A/GSS
0x000000000a104000 	/usr/lib/libresolv.9.dylib
0x000000000a104000 	/usr/lib/libiconv.2.dylib
0x000000000a104000 	/System/Library/PrivateFrameworks/Heimdal.framework/Versions/A/Heimdal
0x000000000a104000 	/usr/lib/libheimdal-asn1.dylib
0x000000000a104000 	/System/Library/Frameworks/OpenDirectory.framework/Versions/A/OpenDirectory
0x000000000a104000 	/System/Library/PrivateFrameworks/CommonAuth.framework/Versions/A/CommonAuth
0x000000000a104000 	/System/Library/Frameworks/OpenDirectory.framework/Versions/A/Frameworks/CFOpenDirectory.framework/Versions/A/CFOpenDirectory
0x000000000a104000 	/System/Library/Frameworks/SecurityFoundation.framework/Versions/A/SecurityFoundation
0x000000000a104000 	/System/Library/PrivateFrameworks/LanguageModeling.framework/Versions/A/LanguageModeling
0x000000000a104000 	/usr/lib/libcmph.dylib
0x000000000a104000 	/System/Library/Frameworks/ServiceManagement.framework/Versions/A/ServiceManagement
0x000000000a104000 	/usr/lib/libxslt.1.dylib
0x000000000a104000 	/System/Library/Frameworks/Carbon.framework/Versions/A/Frameworks/Ink.framework/Versions/A/Ink
0x000000000a104000 	/System/Library/Frameworks/QuartzCore.framework/Versions/A/Frameworks/CoreImage.framework/Versions/A/CoreImage
0x000000000a104000 	/System/Library/PrivateFrameworks/CrashReporterSupport.framework/Versions/A/CrashReporterSupport
0x000000000a104000 	/System/Library/Frameworks/OpenCL.framework/Versions/A/OpenCL
0x000000000a104000 	/System/Library/PrivateFrameworks/FaceCore.framework/Versions/A/FaceCore
0x000000000a104000 	/System/Library/PrivateFrameworks/Ubiquity.framework/Versions/A/Ubiquity
0x000000000a104000 	/System/Library/PrivateFrameworks/IconServices.framework/Versions/A/IconServices
0x000000000a104000 	/System/Library/PrivateFrameworks/ChunkingLibrary.framework/Versions/A/ChunkingLibrary
0x000000000a104000 	/System/Library/PrivateFrameworks/Apple80211.framework/Versions/A/Apple80211
0x000000000a104000 	/System/Library/Frameworks/CoreWLAN.framework/Versions/A/CoreWLAN
0x000000000a104000 	/System/Library/Frameworks/IOBluetooth.framework/Versions/A/IOBluetooth
0x000000000a104000 	/System/Library/PrivateFrameworks/CoreWiFi.framework/Versions/A/CoreWiFi
0x000000000a104000 	/System/Library/Frameworks/CoreBluetooth.framework/Versions/A/CoreBluetooth
0x000000000a104000 	/System/Library/PrivateFrameworks/DebugSymbols.framework/Versions/A/DebugSymbols
0x000000000a104000 	/System/Library/PrivateFrameworks/CoreSymbolication.framework/Versions/A/CoreSymbolication
0x000000000a104000 	/System/Library/PrivateFrameworks/Symbolication.framework/Versions/A/Symbolication
0x000000000a104000 	/System/Library/PrivateFrameworks/SpeechRecognitionCore.framework/Versions/A/SpeechRecognitionCore
0x0000000105a00000 	/Library/Java/JavaVirtualMachines/jdk1.8.0_66.jdk/Contents/Home/jre/lib/server/libjvm.dylib
0x000000000a104000 	/usr/lib/libstdc++.6.dylib
0x0000000104975000 	/Library/Java/JavaVirtualMachines/jdk1.8.0_66.jdk/Contents/Home/jre/lib/libverify.dylib
0x0000000104983000 	/Library/Java/JavaVirtualMachines/jdk1.8.0_66.jdk/Contents/Home/jre/lib/libjava.dylib
0x0000000106986000 	/Library/Java/JavaVirtualMachines/jdk1.8.0_66.jdk/Contents/Home/jre/lib/libjdwp.dylib
0x00000001049b9000 	/Library/Java/JavaVirtualMachines/jdk1.8.0_66.jdk/Contents/Home/jre/lib/libnpt.dylib
0x00000001049c6000 	/Library/Java/JavaVirtualMachines/jdk1.8.0_66.jdk/Contents/Home/jre/lib/libzip.dylib
0x000000012257f000 	/System/Library/Frameworks/JavaVM.framework/Frameworks/JavaRuntimeSupport.framework/JavaRuntimeSupport
0x000000012259a000 	/System/Library/Frameworks/JavaVM.framework/Versions/A/Frameworks/JavaNativeFoundation.framework/Versions/A/JavaNativeFoundation
0x00000001225af000 	/System/Library/Frameworks/JavaVM.framework/Versions/A/JavaVM
0x000000000a104000 	/System/Library/Frameworks/Carbon.framework/Versions/A/Carbon
0x00000001225bc000 	/System/Library/PrivateFrameworks/JavaLaunching.framework/Versions/A/JavaLaunching
0x000000000a104000 	/System/Library/Frameworks/Carbon.framework/Versions/A/Frameworks/CommonPanels.framework/Versions/A/CommonPanels
0x000000000a104000 	/System/Library/Frameworks/Carbon.framework/Versions/A/Frameworks/Help.framework/Versions/A/Help
0x000000000a104000 	/System/Library/Frameworks/Carbon.framework/Versions/A/Frameworks/ImageCapture.framework/Versions/A/ImageCapture
0x000000000a104000 	/System/Library/Frameworks/Carbon.framework/Versions/A/Frameworks/OpenScripting.framework/Versions/A/OpenScripting
0x000000000a104000 	/System/Library/Frameworks/Carbon.framework/Versions/A/Frameworks/Print.framework/Versions/A/Print
0x000000000a104000 	/System/Library/Frameworks/Carbon.framework/Versions/A/Frameworks/SecurityHI.framework/Versions/A/SecurityHI
0x0000000123fa3000 	/Library/Java/JavaVirtualMachines/jdk1.8.0_66.jdk/Contents/Home/jre/lib/libdt_socket.dylib
0x0000000125094000 	/Library/Frameworks/R.framework/Versions/3.2/Resources/library/rJava/jri/libjri.jnilib
0x00000001250a0000 	/Library/Frameworks/R.framework/Versions/3.2/Resources/lib/libR.dylib
0x00000001254b9000 	/usr/lib/libpcre.0.dylib
0x00000001254ec000 	/Library/Frameworks/R.framework/Versions/3.2/Resources/lib/libRblas.dylib
0x000000012551c000 	/Library/Frameworks/R.framework/Versions/3.2/Resources/lib/libgfortran.3.dylib
0x0000000125687000 	/Library/Frameworks/R.framework/Versions/3.2/Resources/lib/libquadmath.0.dylib
0x00000001256c8000 	/Library/Frameworks/R.framework/Versions/3.2/Resources/lib/libreadline.5.2.dylib
0x0000000125706000 	/Library/Frameworks/R.framework/Versions/3.2/Resources/lib/libgcc_s_x86_64.1.dylib
0x000000000a104000 	/usr/lib/libncurses.5.4.dylib
0x0000000125bf8000 	/Library/Frameworks/R.framework/Versions/3.2/Resources/library/utils/libs/utils.so
0x0000000125c07000 	/Library/Frameworks/R.framework/Versions/3.2/Resources/library/methods/libs/methods.so
0x0000000125fbc000 	/Library/Frameworks/R.framework/Versions/3.2/Resources/library/grDevices/libs/grDevices.so
0x0000000126047000 	/Library/Frameworks/R.framework/Versions/3.2/Resources/library/graphics/libs/graphics.so
0x0000000126090000 	/Library/Frameworks/R.framework/Versions/3.2/Resources/library/stats/libs/stats.so
0x000000012614b000 	/Library/Frameworks/R.framework/Versions/3.2/Resources/lib/libRlapack.dylib
0x00000001263bc000 	/Library/Frameworks/R.framework/Versions/3.2/Resources/library/rJava/libs/rJava.so
0x00000001266bc000 	/Library/Frameworks/R.framework/Resources/modules//internet.so
0x000000000a104000 	/usr/lib/libcurl.4.dylib
0x000000000a104000 	/System/Library/Frameworks/LDAP.framework/Versions/A/LDAP
0x000000000a104000 	/usr/lib/libsasl2.2.dylib
0x000000000a104000 	/System/Library/PrivateFrameworks/CoreDaemon.framework/Versions/B/CoreDaemon
0x000000000a104000 	/usr/lib/libcrypto.0.9.8.dylib
0x000000000a104000 	/System/Library/PrivateFrameworks/AppleSRP.framework/Versions/A/AppleSRP
0x000000000a104000 	/System/Library/PrivateFrameworks/TrustEvaluationAgent.framework/Versions/A/TrustEvaluationAgent

VM Arguments:
jvm_args: -agentlib:jdwp=transport=dt_socket,address=127.0.0.1:55707,suspend=y,server=n -Djava.library.path=/Library/Frameworks/R.framework/Versions/3.2/Resources/library/rJava/jri -Dfile.encoding=UTF-8 
java_command: com.ikanow.aleph2.analytics.r.utils.RScriptUtils
java_class_path (initial): /Library/Java/JavaVirtualMachines/jdk1.8.0_66.jdk/Contents/Home/lib/ant-javafx.jar:/Library/Java/JavaVirtualMachines/jdk1.8.0_66.jdk/Contents/Home/lib/dt.jar:/Library/Java/JavaVirtualMachines/jdk1.8.0_66.jdk/Contents/Home/lib/javafx-mx.jar:/Library/Java/JavaVirtualMachines/jdk1.8.0_66.jdk/Contents/Home/lib/jconsole.jar:/Library/Java/JavaVirtualMachines/jdk1.8.0_66.jdk/Contents/Home/lib/packager.jar:/Library/Java/JavaVirtualMachines/jdk1.8.0_66.jdk/Contents/Home/lib/sa-jdi.jar:/Library/Java/JavaVirtualMachines/jdk1.8.0_66.jdk/Contents/Home/lib/tools.jar:/Library/Java/JavaVirtualMachines/jdk1.8.0_66.jdk/Contents/Home/jre/lib/charsets.jar:/Library/Java/JavaVirtualMachines/jdk1.8.0_66.jdk/Contents/Home/jre/lib/deploy.jar:/Library/Java/JavaVirtualMachines/jdk1.8.0_66.jdk/Contents/Home/jre/lib/javaws.jar:/Library/Java/JavaVirtualMachines/jdk1.8.0_66.jdk/Contents/Home/jre/lib/jce.jar:/Library/Java/JavaVirtualMachines/jdk1.8.0_66.jdk/Contents/Home/jre/lib/jfr.jar:/Library/Java/JavaVirtualMachines/jdk1.8.0_66.jdk/Contents/Home/jre/lib/jfxswt.jar:/Library/Java/JavaVirtualMachines/jdk1.8.0_66.jdk/Contents/Home/jre/lib/jsse.jar:/Library/Java/JavaVirtualMachines/jdk1.8.0_66.jdk/Contents/Home/jre/lib/management-agent.jar:/Library/Java/JavaVirtualMachines/jdk1.8.0_66.jdk/Contents/Home/jre/lib/plugin.jar:/Library/Java/JavaVirtualMachines/jdk1.8.0_66.jdk/Contents/Home/jre/lib/resources.jar:/Library/Java/JavaVirtualMachines/jdk1.8.0_66.jdk/Contents/Home/jre/lib/rt.jar:/Library/Java/JavaVirtualMachines/jdk1.8.0_66.jdk/Contents/Home/jre/lib/ext/cldrdata.jar:/Library/Java/JavaVirtualMachines/jdk1.8.0_66.jdk/Contents/Home/jre/lib/ext/dnsns.jar:/Library/Java/JavaVirtualMachines/jdk1.8.0_66.jdk/Contents/Home/jre/lib/ext/jaccess.jar:/Library/Java/JavaVirtualMachines/jdk1.8.0_66.jdk/Contents/Home/jre/lib/ext/jfxrt.jar:/Library/Java/JavaVirtualMachines/jdk1.8.0_66.jdk/Contents/Home/jre/lib/ext/localedata.jar:/Library/Java/JavaVirtualMachines/jdk1.8.0_66.jdk/Conten
Launcher Type: SUN_STANDARD

Environment Variables:
JAVA_HOME=/Library/Java/JavaVirtualMachines/jdk1.8.0_66.jdk/Contents/Home
PATH=/opt/local/bin:/opt/local/sbin:/Library/Frameworks/Python.framework/Versions/2.7/bin:/usr/local/bin:/usr/bin:/bin:/usr/sbin:/sbin:/Users/shawnkyzer/Downloads/spark-1.5.2/bin
LD_LIBRARY_PATH=:@JAVA_LD@
SHELL=/bin/bash

Signal Handlers:
SIGSEGV: [libjvm.dylib+0x5a65d5], sa_mask[0]=11111111011111110111111111111111, sa_flags=SA_ONSTACK|SA_RESTART|SA_SIGINFO
SIGBUS: [libjvm.dylib+0x5a65d5], sa_mask[0]=11111111011111110111111111111111, sa_flags=SA_RESTART|SA_SIGINFO
SIGFPE: [libjvm.dylib+0x4802e8], sa_mask[0]=11111111011111110111111111111111, sa_flags=SA_RESTART|SA_SIGINFO
SIGPIPE: [libjvm.dylib+0x4802e8], sa_mask[0]=11111111011111110111111111111111, sa_flags=SA_RESTART|SA_SIGINFO
SIGXFSZ: [libjvm.dylib+0x4802e8], sa_mask[0]=11111111011111110111111111111111, sa_flags=SA_RESTART|SA_SIGINFO
SIGILL: [libjvm.dylib+0x4802e8], sa_mask[0]=11111111011111110111111111111111, sa_flags=SA_RESTART|SA_SIGINFO
SIGUSR1: SIG_DFL, sa_mask[0]=00000000000000000000000000000000, sa_flags=none
SIGUSR2: [libjvm.dylib+0x47fe06], sa_mask[0]=00100000000000000000000000000000, sa_flags=SA_RESTART|SA_SIGINFO
SIGHUP: [libjvm.dylib+0x47e3dd], sa_mask[0]=11111111011111110111111111111111, sa_flags=SA_RESTART|SA_SIGINFO
SIGINT: [libjvm.dylib+0x47e3dd], sa_mask[0]=00000000000000000000000000000000, sa_flags=SA_RESTART
SIGTERM: [libjvm.dylib+0x47e3dd], sa_mask[0]=11111111011111110111111111111111, sa_flags=SA_RESTART|SA_SIGINFO
SIGQUIT: [libjvm.dylib+0x47e3dd], sa_mask[0]=11111111011111110111111111111111, sa_flags=SA_RESTART|SA_SIGINFO


---------------  S Y S T E M  ---------------

OS:Bsduname:Darwin 14.4.0 Darwin Kernel Version 14.4.0: Thu May 28 11:35:04 PDT 2015; root:xnu-2782.30.5~1/RELEASE_X86_64 x86_64
rlimit: STACK 8192k, CORE 0k, NPROC 709, NOFILE 10240, AS infinity
load average:3.65 3.25 3.17

CPU:total 8 (4 cores per cpu, 2 threads per core) family 6 model 70 stepping 1, cmov, cx8, fxsr, mmx, sse, sse2, sse3, ssse3, sse4.1, sse4.2, popcnt, avx, avx2, aes, clmul, erms, lzcnt, ht, tsc, tscinvbit, bmi1, bmi2

Memory: 4k page, physical 16777216k(1300568k free)

/proc/meminfo:


vm_info: Java HotSpot(TM) 64-Bit Server VM (25.66-b17) for bsd-amd64 JRE (1.8.0_66-b17), built on Oct  6 2015 16:09:13 by "java_re" with gcc 4.2.1 (Based on Apple Inc. build 5658) (LLVM build 2336.11.00)

time: Tue Dec 15 16:07:45 2015
elapsed time: 452 seconds (0d 0h 7m 32s)

